INSERTING_COMMANDS_FROM_FILE : bird.demog
NEW_COMMAND_LINE_LOOKS_LIKE : spip -A 5 -T 20 -s .4 .5 .9 .9 .6 -f 0 2 5 5 4 --fem-prob-repro 0 .8 1 1 .5 -m 0 1 2 5 2 --male-prob-repro 0 1 1 .7 .5 --initial-males 35 30 25 20 15 --initial-females 35 30 25 20 15 --cohort-size const 75 --mate-fidelity 0 
SETUP : MaxAge : 5
SETUP : FemaleSurvivalRates : 0.40000 0.50000 0.90000 0.90000 0.60000 
SETUP : MaleSurvivalRates : 0.40000 0.50000 0.90000 0.90000 0.60000 
SETUP : FemaleAgeSpecificFecundities : 0.00000 2.00000 5.00000 5.00000 4.00000 
SETUP : MaleAgeSpecificFecundities : 0.00000 1.00000 2.00000 5.00000 2.00000 
SETUP : FemaleAgeSpecificProbabilitiesOfReproduction : 0.00000 0.80000 1.00000 1.00000 0.50000 
SETUP : MaleAgeSpecificProbabilitiesOfReproduction : 0.00000 1.00000 1.00000 0.70000 0.50000 
SETUP : FemaleAgeSpecificProbabilitiesOfPostReproductiveDeath : 0.00000 0.00000 0.00000 0.00000 0.00000 
SETUP : MaleAgeSpecificProbabilitiesOfPostReproductiveDeath : 0.00000 0.00000 0.00000 0.00000 0.00000 
SETUP : FemaleRatioOfMeanToVarianceOfOffspringNumber : 1.000000
SETUP : MaleRatioOfMeanToVarianceOfOffspringNumber : 1.000000
SETUP : MateFidelityParameter : 0.000000
SETUP : SexRatio : 0.500000
SETUP : OffspringDistribution : NegativeBinomial
SETUP : CohortSizesRandomOrFixed : Random
SETUP : DiscardBefore : 0
SETUP : DiscardParentsOrAll : Parents
SETUP : CohortSizeModel : Constant
SETUP : ConstantCohortSize : 75
SETUP : NumberOfYears : 20
SUMMARY : StableAgeDistAges : 0 1 2 3 4 5 
SUMMARY : FemaleStableAgeDist : 0.490388  0.196155  0.098078  0.088270  0.079443  0.047666  
SUMMARY : MaleStableAgeDist : 0.490388  0.196155  0.098078  0.088270  0.079443  0.047666  
SUMMARY : FemaleGenerationInterval : 3.395073
SUMMARY : MaleGenerationInterval : 3.458585
SUMMARY : BothSexesGenerationInterval : 3.426829
SUMMARY : ExpectedNumoffsForBreedingFemales : 0.000000  1.798238  4.495594  4.495594  3.596475  
SUMMARY : ExpectedNumoffsForBreedingMales : 0.000000  1.633720  3.267440  8.168600  3.267440  
SUMMARY : ExpectedFemLifetimeOffspringOutput : 2.000000
SUMMARY : ExpectedMaleLifetimeOffspringOutput : 2.000000
SUMMARY : MaleVarianceInLifetimeReproduction : 22.915497
SUMMARY : FemaleVarianceInLifetimeReproduction : 20.675775
SUMMARY : HillsNeAssumingEqualSexRatio : 43.203246
SUMMARY : HillsAnnualNeAssumingEqualSexRatio : 148.050135
RANDOMSEEDS : Using contents of spip_seeds to set RNG: 289317535 1111596763
MATE_SPECIFITY : Printing matrix of probability of number of "new" males paternal to sibship of given size.  This is the number of "dippings" into the pool of males
MATE_SPECIFITY : 1 :	1.0000
MATE_SPECIFITY : 2 : 	1.0000	0.0000	
MATE_SPECIFITY : 3 : 	1.0000	0.0000	0.0000	
MATE_SPECIFITY : 4 : 	1.0000	0.0000	0.0000	0.0000	
MATE_SPECIFITY : 5 : 	1.0000	0.0000	0.0000	0.0000	0.0000	
MATE_SPECIFITY : 6 : 	1.0000	0.0000	0.0000	0.0000	0.0000	0.0000	
MATE_SPECIFITY : 7 : 	1.0000	0.0000	0.0000	0.0000	0.0000	0.0000	0.0000	
MATE_SPECIFITY : 8 : 	1.0000	0.0000	0.0000	0.0000	0.0000	0.0000	0.0000	0.0000	
MATE_SPECIFITY : 9 : 	1.0000	0.0000	0.0000	0.0000	0.0000	0.0000	0.0000	0.0000	0.0000	
MATE_SPECIFITY : 10 : 	1.0000	0.0000	0.0000	0.0000	0.0000	0.0000	0.0000	0.0000	0.0000	0.0000	
MATE_SPECIFITY : 11 : 	1.0000	0.0000	0.0000	0.0000	0.0000	0.0000	0.0000	0.0000	0.0000	0.0000	0.0000	
MATE_SPECIFITY : 12 : 	1.0000	0.0000	0.0000	0.0000	0.0000	0.0000	0.0000	0.0000	0.0000	0.0000	0.0000	0.0000	
MATE_SPECIFITY : 13 : 	1.0000	0.0000	0.0000	0.0000	0.0000	0.0000	0.0000	0.0000	0.0000	0.0000	0.0000	0.0000	0.0000	
MATE_SPECIFITY : 14 : 	1.0000	0.0000	0.0000	0.0000	0.0000	0.0000	0.0000	0.0000	0.0000	0.0000	0.0000	0.0000	0.0000	0.0000	
MATE_SPECIFITY : 15 : 	1.0000	0.0000	0.0000	0.0000	0.0000	0.0000	0.0000	0.0000	0.0000	0.0000	0.0000	0.0000	0.0000	0.0000	0.0000	
DISCARDED_PDGEE : 0 :  M0_0    0    0
PEDIGREE : 0 :  M0_0    0    0
DISCARDED_PDGEE : 0 :  M0_1    0    0
PEDIGREE : 0 :  M0_1    0    0
DISCARDED_PDGEE : 0 :  M0_2    0    0
PEDIGREE : 0 :  M0_2    0    0
DISCARDED_PDGEE : 0 :  M0_3    0    0
PEDIGREE : 0 :  M0_3    0    0
DISCARDED_PDGEE : 0 :  M0_4    0    0
PEDIGREE : 0 :  M0_4    0    0
DISCARDED_PDGEE : 0 :  M0_5    0    0
PEDIGREE : 0 :  M0_5    0    0
DISCARDED_PDGEE : 0 :  M0_6    0    0
PEDIGREE : 0 :  M0_6    0    0
DISCARDED_PDGEE : 0 :  M0_7    0    0
PEDIGREE : 0 :  M0_7    0    0
DISCARDED_PDGEE : 0 :  M0_8    0    0
PEDIGREE : 0 :  M0_8    0    0
DISCARDED_PDGEE : 0 :  M0_9    0    0
PEDIGREE : 0 :  M0_9    0    0
DISCARDED_PDGEE : 0 :  M0_10    0    0
PEDIGREE : 0 :  M0_10    0    0
DISCARDED_PDGEE : 0 :  M0_11    0    0
PEDIGREE : 0 :  M0_11    0    0
DISCARDED_PDGEE : 0 :  M0_12    0    0
PEDIGREE : 0 :  M0_12    0    0
DISCARDED_PDGEE : 0 :  M0_13    0    0
PEDIGREE : 0 :  M0_13    0    0
DISCARDED_PDGEE : 0 :  M0_14    0    0
PEDIGREE : 0 :  M0_14    0    0
DISCARDED_PDGEE : 0 :  F0_0    0    0
PEDIGREE : 0 :  F0_0    0    0
DISCARDED_PDGEE : 0 :  F0_1    0    0
PEDIGREE : 0 :  F0_1    0    0
DISCARDED_PDGEE : 0 :  F0_2    0    0
PEDIGREE : 0 :  F0_2    0    0
DISCARDED_PDGEE : 0 :  F0_3    0    0
PEDIGREE : 0 :  F0_3    0    0
DISCARDED_PDGEE : 0 :  F0_4    0    0
PEDIGREE : 0 :  F0_4    0    0
DISCARDED_PDGEE : 0 :  F0_5    0    0
PEDIGREE : 0 :  F0_5    0    0
DISCARDED_PDGEE : 0 :  F0_6    0    0
PEDIGREE : 0 :  F0_6    0    0
DISCARDED_PDGEE : 0 :  F0_7    0    0
PEDIGREE : 0 :  F0_7    0    0
DISCARDED_PDGEE : 0 :  F0_8    0    0
PEDIGREE : 0 :  F0_8    0    0
DISCARDED_PDGEE : 0 :  F0_9    0    0
PEDIGREE : 0 :  F0_9    0    0
DISCARDED_PDGEE : 0 :  F0_10    0    0
PEDIGREE : 0 :  F0_10    0    0
DISCARDED_PDGEE : 0 :  F0_11    0    0
PEDIGREE : 0 :  F0_11    0    0
DISCARDED_PDGEE : 0 :  F0_12    0    0
PEDIGREE : 0 :  F0_12    0    0
DISCARDED_PDGEE : 0 :  F0_13    0    0
PEDIGREE : 0 :  F0_13    0    0
DISCARDED_PDGEE : 0 :  F0_14    0    0
PEDIGREE : 0 :  F0_14    0    0
DISCARDED_PDGEE : 1 :  M1_0    0    0
PEDIGREE : 1 :  M1_0    0    0
DISCARDED_PDGEE : 1 :  M1_1    0    0
PEDIGREE : 1 :  M1_1    0    0
DISCARDED_PDGEE : 1 :  M1_2    0    0
PEDIGREE : 1 :  M1_2    0    0
DISCARDED_PDGEE : 1 :  M1_3    0    0
PEDIGREE : 1 :  M1_3    0    0
DISCARDED_PDGEE : 1 :  M1_4    0    0
PEDIGREE : 1 :  M1_4    0    0
DISCARDED_PDGEE : 1 :  M1_5    0    0
PEDIGREE : 1 :  M1_5    0    0
DISCARDED_PDGEE : 1 :  M1_6    0    0
PEDIGREE : 1 :  M1_6    0    0
DISCARDED_PDGEE : 1 :  M1_7    0    0
PEDIGREE : 1 :  M1_7    0    0
DISCARDED_PDGEE : 1 :  M1_8    0    0
PEDIGREE : 1 :  M1_8    0    0
DISCARDED_PDGEE : 1 :  M1_9    0    0
PEDIGREE : 1 :  M1_9    0    0
DISCARDED_PDGEE : 1 :  M1_10    0    0
PEDIGREE : 1 :  M1_10    0    0
DISCARDED_PDGEE : 1 :  M1_11    0    0
PEDIGREE : 1 :  M1_11    0    0
DISCARDED_PDGEE : 1 :  M1_12    0    0
PEDIGREE : 1 :  M1_12    0    0
DISCARDED_PDGEE : 1 :  M1_13    0    0
PEDIGREE : 1 :  M1_13    0    0
DISCARDED_PDGEE : 1 :  M1_14    0    0
PEDIGREE : 1 :  M1_14    0    0
DISCARDED_PDGEE : 1 :  M1_15    0    0
PEDIGREE : 1 :  M1_15    0    0
DISCARDED_PDGEE : 1 :  M1_16    0    0
PEDIGREE : 1 :  M1_16    0    0
DISCARDED_PDGEE : 1 :  M1_17    0    0
PEDIGREE : 1 :  M1_17    0    0
DISCARDED_PDGEE : 1 :  M1_18    0    0
PEDIGREE : 1 :  M1_18    0    0
DISCARDED_PDGEE : 1 :  M1_19    0    0
PEDIGREE : 1 :  M1_19    0    0
DISCARDED_PDGEE : 1 :  F1_0    0    0
PEDIGREE : 1 :  F1_0    0    0
DISCARDED_PDGEE : 1 :  F1_1    0    0
PEDIGREE : 1 :  F1_1    0    0
DISCARDED_PDGEE : 1 :  F1_2    0    0
PEDIGREE : 1 :  F1_2    0    0
DISCARDED_PDGEE : 1 :  F1_3    0    0
PEDIGREE : 1 :  F1_3    0    0
DISCARDED_PDGEE : 1 :  F1_4    0    0
PEDIGREE : 1 :  F1_4    0    0
DISCARDED_PDGEE : 1 :  F1_5    0    0
PEDIGREE : 1 :  F1_5    0    0
DISCARDED_PDGEE : 1 :  F1_6    0    0
PEDIGREE : 1 :  F1_6    0    0
DISCARDED_PDGEE : 1 :  F1_7    0    0
PEDIGREE : 1 :  F1_7    0    0
DISCARDED_PDGEE : 1 :  F1_8    0    0
PEDIGREE : 1 :  F1_8    0    0
DISCARDED_PDGEE : 1 :  F1_9    0    0
PEDIGREE : 1 :  F1_9    0    0
DISCARDED_PDGEE : 1 :  F1_10    0    0
PEDIGREE : 1 :  F1_10    0    0
DISCARDED_PDGEE : 1 :  F1_11    0    0
PEDIGREE : 1 :  F1_11    0    0
DISCARDED_PDGEE : 1 :  F1_12    0    0
PEDIGREE : 1 :  F1_12    0    0
DISCARDED_PDGEE : 1 :  F1_13    0    0
PEDIGREE : 1 :  F1_13    0    0
DISCARDED_PDGEE : 1 :  F1_14    0    0
PEDIGREE : 1 :  F1_14    0    0
DISCARDED_PDGEE : 1 :  F1_15    0    0
PEDIGREE : 1 :  F1_15    0    0
DISCARDED_PDGEE : 1 :  F1_16    0    0
PEDIGREE : 1 :  F1_16    0    0
DISCARDED_PDGEE : 1 :  F1_17    0    0
PEDIGREE : 1 :  F1_17    0    0
DISCARDED_PDGEE : 1 :  F1_18    0    0
PEDIGREE : 1 :  F1_18    0    0
DISCARDED_PDGEE : 1 :  F1_19    0    0
PEDIGREE : 1 :  F1_19    0    0
DISCARDED_PDGEE : 2 :  M2_0    0    0
PEDIGREE : 2 :  M2_0    0    0
DISCARDED_PDGEE : 2 :  M2_1    0    0
PEDIGREE : 2 :  M2_1    0    0
DISCARDED_PDGEE : 2 :  M2_2    0    0
PEDIGREE : 2 :  M2_2    0    0
DISCARDED_PDGEE : 2 :  M2_3    0    0
PEDIGREE : 2 :  M2_3    0    0
DISCARDED_PDGEE : 2 :  M2_4    0    0
PEDIGREE : 2 :  M2_4    0    0
DISCARDED_PDGEE : 2 :  M2_5    0    0
PEDIGREE : 2 :  M2_5    0    0
DISCARDED_PDGEE : 2 :  M2_6    0    0
PEDIGREE : 2 :  M2_6    0    0
DISCARDED_PDGEE : 2 :  M2_7    0    0
PEDIGREE : 2 :  M2_7    0    0
DISCARDED_PDGEE : 2 :  M2_8    0    0
PEDIGREE : 2 :  M2_8    0    0
DISCARDED_PDGEE : 2 :  M2_9    0    0
PEDIGREE : 2 :  M2_9    0    0
DISCARDED_PDGEE : 2 :  M2_10    0    0
PEDIGREE : 2 :  M2_10    0    0
DISCARDED_PDGEE : 2 :  M2_11    0    0
PEDIGREE : 2 :  M2_11    0    0
DISCARDED_PDGEE : 2 :  M2_12    0    0
PEDIGREE : 2 :  M2_12    0    0
DISCARDED_PDGEE : 2 :  M2_13    0    0
PEDIGREE : 2 :  M2_13    0    0
DISCARDED_PDGEE : 2 :  M2_14    0    0
PEDIGREE : 2 :  M2_14    0    0
DISCARDED_PDGEE : 2 :  M2_15    0    0
PEDIGREE : 2 :  M2_15    0    0
DISCARDED_PDGEE : 2 :  M2_16    0    0
PEDIGREE : 2 :  M2_16    0    0
DISCARDED_PDGEE : 2 :  M2_17    0    0
PEDIGREE : 2 :  M2_17    0    0
DISCARDED_PDGEE : 2 :  M2_18    0    0
PEDIGREE : 2 :  M2_18    0    0
DISCARDED_PDGEE : 2 :  M2_19    0    0
PEDIGREE : 2 :  M2_19    0    0
DISCARDED_PDGEE : 2 :  M2_20    0    0
PEDIGREE : 2 :  M2_20    0    0
DISCARDED_PDGEE : 2 :  M2_21    0    0
PEDIGREE : 2 :  M2_21    0    0
DISCARDED_PDGEE : 2 :  M2_22    0    0
PEDIGREE : 2 :  M2_22    0    0
DISCARDED_PDGEE : 2 :  M2_23    0    0
PEDIGREE : 2 :  M2_23    0    0
DISCARDED_PDGEE : 2 :  M2_24    0    0
PEDIGREE : 2 :  M2_24    0    0
DISCARDED_PDGEE : 2 :  F2_0    0    0
PEDIGREE : 2 :  F2_0    0    0
DISCARDED_PDGEE : 2 :  F2_1    0    0
PEDIGREE : 2 :  F2_1    0    0
DISCARDED_PDGEE : 2 :  F2_2    0    0
PEDIGREE : 2 :  F2_2    0    0
DISCARDED_PDGEE : 2 :  F2_3    0    0
PEDIGREE : 2 :  F2_3    0    0
DISCARDED_PDGEE : 2 :  F2_4    0    0
PEDIGREE : 2 :  F2_4    0    0
DISCARDED_PDGEE : 2 :  F2_5    0    0
PEDIGREE : 2 :  F2_5    0    0
DISCARDED_PDGEE : 2 :  F2_6    0    0
PEDIGREE : 2 :  F2_6    0    0
DISCARDED_PDGEE : 2 :  F2_7    0    0
PEDIGREE : 2 :  F2_7    0    0
DISCARDED_PDGEE : 2 :  F2_8    0    0
PEDIGREE : 2 :  F2_8    0    0
DISCARDED_PDGEE : 2 :  F2_9    0    0
PEDIGREE : 2 :  F2_9    0    0
DISCARDED_PDGEE : 2 :  F2_10    0    0
PEDIGREE : 2 :  F2_10    0    0
DISCARDED_PDGEE : 2 :  F2_11    0    0
PEDIGREE : 2 :  F2_11    0    0
DISCARDED_PDGEE : 2 :  F2_12    0    0
PEDIGREE : 2 :  F2_12    0    0
DISCARDED_PDGEE : 2 :  F2_13    0    0
PEDIGREE : 2 :  F2_13    0    0
DISCARDED_PDGEE : 2 :  F2_14    0    0
PEDIGREE : 2 :  F2_14    0    0
DISCARDED_PDGEE : 2 :  F2_15    0    0
PEDIGREE : 2 :  F2_15    0    0
DISCARDED_PDGEE : 2 :  F2_16    0    0
PEDIGREE : 2 :  F2_16    0    0
DISCARDED_PDGEE : 2 :  F2_17    0    0
PEDIGREE : 2 :  F2_17    0    0
DISCARDED_PDGEE : 2 :  F2_18    0    0
PEDIGREE : 2 :  F2_18    0    0
DISCARDED_PDGEE : 2 :  F2_19    0    0
PEDIGREE : 2 :  F2_19    0    0
DISCARDED_PDGEE : 2 :  F2_20    0    0
PEDIGREE : 2 :  F2_20    0    0
DISCARDED_PDGEE : 2 :  F2_21    0    0
PEDIGREE : 2 :  F2_21    0    0
DISCARDED_PDGEE : 2 :  F2_22    0    0
PEDIGREE : 2 :  F2_22    0    0
DISCARDED_PDGEE : 2 :  F2_23    0    0
PEDIGREE : 2 :  F2_23    0    0
DISCARDED_PDGEE : 2 :  F2_24    0    0
PEDIGREE : 2 :  F2_24    0    0
DISCARDED_PDGEE : 3 :  M3_0    0    0
PEDIGREE : 3 :  M3_0    0    0
DISCARDED_PDGEE : 3 :  M3_1    0    0
PEDIGREE : 3 :  M3_1    0    0
DISCARDED_PDGEE : 3 :  M3_2    0    0
PEDIGREE : 3 :  M3_2    0    0
DISCARDED_PDGEE : 3 :  M3_3    0    0
PEDIGREE : 3 :  M3_3    0    0
DISCARDED_PDGEE : 3 :  M3_4    0    0
PEDIGREE : 3 :  M3_4    0    0
DISCARDED_PDGEE : 3 :  M3_5    0    0
PEDIGREE : 3 :  M3_5    0    0
DISCARDED_PDGEE : 3 :  M3_6    0    0
PEDIGREE : 3 :  M3_6    0    0
DISCARDED_PDGEE : 3 :  M3_7    0    0
PEDIGREE : 3 :  M3_7    0    0
DISCARDED_PDGEE : 3 :  M3_8    0    0
PEDIGREE : 3 :  M3_8    0    0
DISCARDED_PDGEE : 3 :  M3_9    0    0
PEDIGREE : 3 :  M3_9    0    0
DISCARDED_PDGEE : 3 :  M3_10    0    0
PEDIGREE : 3 :  M3_10    0    0
DISCARDED_PDGEE : 3 :  M3_11    0    0
PEDIGREE : 3 :  M3_11    0    0
DISCARDED_PDGEE : 3 :  M3_12    0    0
PEDIGREE : 3 :  M3_12    0    0
DISCARDED_PDGEE : 3 :  M3_13    0    0
PEDIGREE : 3 :  M3_13    0    0
DISCARDED_PDGEE : 3 :  M3_14    0    0
PEDIGREE : 3 :  M3_14    0    0
DISCARDED_PDGEE : 3 :  M3_15    0    0
PEDIGREE : 3 :  M3_15    0    0
DISCARDED_PDGEE : 3 :  M3_16    0    0
PEDIGREE : 3 :  M3_16    0    0
DISCARDED_PDGEE : 3 :  M3_17    0    0
PEDIGREE : 3 :  M3_17    0    0
DISCARDED_PDGEE : 3 :  M3_18    0    0
PEDIGREE : 3 :  M3_18    0    0
DISCARDED_PDGEE : 3 :  M3_19    0    0
PEDIGREE : 3 :  M3_19    0    0
DISCARDED_PDGEE : 3 :  M3_20    0    0
PEDIGREE : 3 :  M3_20    0    0
DISCARDED_PDGEE : 3 :  M3_21    0    0
PEDIGREE : 3 :  M3_21    0    0
DISCARDED_PDGEE : 3 :  M3_22    0    0
PEDIGREE : 3 :  M3_22    0    0
DISCARDED_PDGEE : 3 :  M3_23    0    0
PEDIGREE : 3 :  M3_23    0    0
DISCARDED_PDGEE : 3 :  M3_24    0    0
PEDIGREE : 3 :  M3_24    0    0
DISCARDED_PDGEE : 3 :  M3_25    0    0
PEDIGREE : 3 :  M3_25    0    0
DISCARDED_PDGEE : 3 :  M3_26    0    0
PEDIGREE : 3 :  M3_26    0    0
DISCARDED_PDGEE : 3 :  M3_27    0    0
PEDIGREE : 3 :  M3_27    0    0
DISCARDED_PDGEE : 3 :  M3_28    0    0
PEDIGREE : 3 :  M3_28    0    0
DISCARDED_PDGEE : 3 :  M3_29    0    0
PEDIGREE : 3 :  M3_29    0    0
DISCARDED_PDGEE : 3 :  F3_0    0    0
PEDIGREE : 3 :  F3_0    0    0
DISCARDED_PDGEE : 3 :  F3_1    0    0
PEDIGREE : 3 :  F3_1    0    0
DISCARDED_PDGEE : 3 :  F3_2    0    0
PEDIGREE : 3 :  F3_2    0    0
DISCARDED_PDGEE : 3 :  F3_3    0    0
PEDIGREE : 3 :  F3_3    0    0
DISCARDED_PDGEE : 3 :  F3_4    0    0
PEDIGREE : 3 :  F3_4    0    0
DISCARDED_PDGEE : 3 :  F3_5    0    0
PEDIGREE : 3 :  F3_5    0    0
DISCARDED_PDGEE : 3 :  F3_6    0    0
PEDIGREE : 3 :  F3_6    0    0
DISCARDED_PDGEE : 3 :  F3_7    0    0
PEDIGREE : 3 :  F3_7    0    0
DISCARDED_PDGEE : 3 :  F3_8    0    0
PEDIGREE : 3 :  F3_8    0    0
DISCARDED_PDGEE : 3 :  F3_9    0    0
PEDIGREE : 3 :  F3_9    0    0
DISCARDED_PDGEE : 3 :  F3_10    0    0
PEDIGREE : 3 :  F3_10    0    0
DISCARDED_PDGEE : 3 :  F3_11    0    0
PEDIGREE : 3 :  F3_11    0    0
DISCARDED_PDGEE : 3 :  F3_12    0    0
PEDIGREE : 3 :  F3_12    0    0
DISCARDED_PDGEE : 3 :  F3_13    0    0
PEDIGREE : 3 :  F3_13    0    0
DISCARDED_PDGEE : 3 :  F3_14    0    0
PEDIGREE : 3 :  F3_14    0    0
DISCARDED_PDGEE : 3 :  F3_15    0    0
PEDIGREE : 3 :  F3_15    0    0
DISCARDED_PDGEE : 3 :  F3_16    0    0
PEDIGREE : 3 :  F3_16    0    0
DISCARDED_PDGEE : 3 :  F3_17    0    0
PEDIGREE : 3 :  F3_17    0    0
DISCARDED_PDGEE : 3 :  F3_18    0    0
PEDIGREE : 3 :  F3_18    0    0
DISCARDED_PDGEE : 3 :  F3_19    0    0
PEDIGREE : 3 :  F3_19    0    0
DISCARDED_PDGEE : 3 :  F3_20    0    0
PEDIGREE : 3 :  F3_20    0    0
DISCARDED_PDGEE : 3 :  F3_21    0    0
PEDIGREE : 3 :  F3_21    0    0
DISCARDED_PDGEE : 3 :  F3_22    0    0
PEDIGREE : 3 :  F3_22    0    0
DISCARDED_PDGEE : 3 :  F3_23    0    0
PEDIGREE : 3 :  F3_23    0    0
DISCARDED_PDGEE : 3 :  F3_24    0    0
PEDIGREE : 3 :  F3_24    0    0
DISCARDED_PDGEE : 3 :  F3_25    0    0
PEDIGREE : 3 :  F3_25    0    0
DISCARDED_PDGEE : 3 :  F3_26    0    0
PEDIGREE : 3 :  F3_26    0    0
DISCARDED_PDGEE : 3 :  F3_27    0    0
PEDIGREE : 3 :  F3_27    0    0
DISCARDED_PDGEE : 3 :  F3_28    0    0
PEDIGREE : 3 :  F3_28    0    0
DISCARDED_PDGEE : 3 :  F3_29    0    0
PEDIGREE : 3 :  F3_29    0    0
DISCARDED_PDGEE : 4 :  M4_0    0    0
PEDIGREE : 4 :  M4_0    0    0
DISCARDED_PDGEE : 4 :  M4_1    0    0
PEDIGREE : 4 :  M4_1    0    0
DISCARDED_PDGEE : 4 :  M4_2    0    0
PEDIGREE : 4 :  M4_2    0    0
DISCARDED_PDGEE : 4 :  M4_3    0    0
PEDIGREE : 4 :  M4_3    0    0
DISCARDED_PDGEE : 4 :  M4_4    0    0
PEDIGREE : 4 :  M4_4    0    0
DISCARDED_PDGEE : 4 :  M4_5    0    0
PEDIGREE : 4 :  M4_5    0    0
DISCARDED_PDGEE : 4 :  M4_6    0    0
PEDIGREE : 4 :  M4_6    0    0
DISCARDED_PDGEE : 4 :  M4_7    0    0
PEDIGREE : 4 :  M4_7    0    0
DISCARDED_PDGEE : 4 :  M4_8    0    0
PEDIGREE : 4 :  M4_8    0    0
DISCARDED_PDGEE : 4 :  M4_9    0    0
PEDIGREE : 4 :  M4_9    0    0
DISCARDED_PDGEE : 4 :  M4_10    0    0
PEDIGREE : 4 :  M4_10    0    0
DISCARDED_PDGEE : 4 :  M4_11    0    0
PEDIGREE : 4 :  M4_11    0    0
DISCARDED_PDGEE : 4 :  M4_12    0    0
PEDIGREE : 4 :  M4_12    0    0
DISCARDED_PDGEE : 4 :  M4_13    0    0
PEDIGREE : 4 :  M4_13    0    0
DISCARDED_PDGEE : 4 :  M4_14    0    0
PEDIGREE : 4 :  M4_14    0    0
DISCARDED_PDGEE : 4 :  M4_15    0    0
PEDIGREE : 4 :  M4_15    0    0
DISCARDED_PDGEE : 4 :  M4_16    0    0
PEDIGREE : 4 :  M4_16    0    0
DISCARDED_PDGEE : 4 :  M4_17    0    0
PEDIGREE : 4 :  M4_17    0    0
DISCARDED_PDGEE : 4 :  M4_18    0    0
PEDIGREE : 4 :  M4_18    0    0
DISCARDED_PDGEE : 4 :  M4_19    0    0
PEDIGREE : 4 :  M4_19    0    0
DISCARDED_PDGEE : 4 :  M4_20    0    0
PEDIGREE : 4 :  M4_20    0    0
DISCARDED_PDGEE : 4 :  M4_21    0    0
PEDIGREE : 4 :  M4_21    0    0
DISCARDED_PDGEE : 4 :  M4_22    0    0
PEDIGREE : 4 :  M4_22    0    0
DISCARDED_PDGEE : 4 :  M4_23    0    0
PEDIGREE : 4 :  M4_23    0    0
DISCARDED_PDGEE : 4 :  M4_24    0    0
PEDIGREE : 4 :  M4_24    0    0
DISCARDED_PDGEE : 4 :  M4_25    0    0
PEDIGREE : 4 :  M4_25    0    0
DISCARDED_PDGEE : 4 :  M4_26    0    0
PEDIGREE : 4 :  M4_26    0    0
DISCARDED_PDGEE : 4 :  M4_27    0    0
PEDIGREE : 4 :  M4_27    0    0
DISCARDED_PDGEE : 4 :  M4_28    0    0
PEDIGREE : 4 :  M4_28    0    0
DISCARDED_PDGEE : 4 :  M4_29    0    0
PEDIGREE : 4 :  M4_29    0    0
DISCARDED_PDGEE : 4 :  M4_30    0    0
PEDIGREE : 4 :  M4_30    0    0
DISCARDED_PDGEE : 4 :  M4_31    0    0
PEDIGREE : 4 :  M4_31    0    0
DISCARDED_PDGEE : 4 :  M4_32    0    0
PEDIGREE : 4 :  M4_32    0    0
DISCARDED_PDGEE : 4 :  M4_33    0    0
PEDIGREE : 4 :  M4_33    0    0
DISCARDED_PDGEE : 4 :  M4_34    0    0
PEDIGREE : 4 :  M4_34    0    0
DISCARDED_PDGEE : 4 :  F4_0    0    0
PEDIGREE : 4 :  F4_0    0    0
DISCARDED_PDGEE : 4 :  F4_1    0    0
PEDIGREE : 4 :  F4_1    0    0
DISCARDED_PDGEE : 4 :  F4_2    0    0
PEDIGREE : 4 :  F4_2    0    0
DISCARDED_PDGEE : 4 :  F4_3    0    0
PEDIGREE : 4 :  F4_3    0    0
DISCARDED_PDGEE : 4 :  F4_4    0    0
PEDIGREE : 4 :  F4_4    0    0
DISCARDED_PDGEE : 4 :  F4_5    0    0
PEDIGREE : 4 :  F4_5    0    0
DISCARDED_PDGEE : 4 :  F4_6    0    0
PEDIGREE : 4 :  F4_6    0    0
DISCARDED_PDGEE : 4 :  F4_7    0    0
PEDIGREE : 4 :  F4_7    0    0
DISCARDED_PDGEE : 4 :  F4_8    0    0
PEDIGREE : 4 :  F4_8    0    0
DISCARDED_PDGEE : 4 :  F4_9    0    0
PEDIGREE : 4 :  F4_9    0    0
DISCARDED_PDGEE : 4 :  F4_10    0    0
PEDIGREE : 4 :  F4_10    0    0
DISCARDED_PDGEE : 4 :  F4_11    0    0
PEDIGREE : 4 :  F4_11    0    0
DISCARDED_PDGEE : 4 :  F4_12    0    0
PEDIGREE : 4 :  F4_12    0    0
DISCARDED_PDGEE : 4 :  F4_13    0    0
PEDIGREE : 4 :  F4_13    0    0
DISCARDED_PDGEE : 4 :  F4_14    0    0
PEDIGREE : 4 :  F4_14    0    0
DISCARDED_PDGEE : 4 :  F4_15    0    0
PEDIGREE : 4 :  F4_15    0    0
DISCARDED_PDGEE : 4 :  F4_16    0    0
PEDIGREE : 4 :  F4_16    0    0
DISCARDED_PDGEE : 4 :  F4_17    0    0
PEDIGREE : 4 :  F4_17    0    0
DISCARDED_PDGEE : 4 :  F4_18    0    0
PEDIGREE : 4 :  F4_18    0    0
DISCARDED_PDGEE : 4 :  F4_19    0    0
PEDIGREE : 4 :  F4_19    0    0
DISCARDED_PDGEE : 4 :  F4_20    0    0
PEDIGREE : 4 :  F4_20    0    0
DISCARDED_PDGEE : 4 :  F4_21    0    0
PEDIGREE : 4 :  F4_21    0    0
DISCARDED_PDGEE : 4 :  F4_22    0    0
PEDIGREE : 4 :  F4_22    0    0
DISCARDED_PDGEE : 4 :  F4_23    0    0
PEDIGREE : 4 :  F4_23    0    0
DISCARDED_PDGEE : 4 :  F4_24    0    0
PEDIGREE : 4 :  F4_24    0    0
DISCARDED_PDGEE : 4 :  F4_25    0    0
PEDIGREE : 4 :  F4_25    0    0
DISCARDED_PDGEE : 4 :  F4_26    0    0
PEDIGREE : 4 :  F4_26    0    0
DISCARDED_PDGEE : 4 :  F4_27    0    0
PEDIGREE : 4 :  F4_27    0    0
DISCARDED_PDGEE : 4 :  F4_28    0    0
PEDIGREE : 4 :  F4_28    0    0
DISCARDED_PDGEE : 4 :  F4_29    0    0
PEDIGREE : 4 :  F4_29    0    0
DISCARDED_PDGEE : 4 :  F4_30    0    0
PEDIGREE : 4 :  F4_30    0    0
DISCARDED_PDGEE : 4 :  F4_31    0    0
PEDIGREE : 4 :  F4_31    0    0
DISCARDED_PDGEE : 4 :  F4_32    0    0
PEDIGREE : 4 :  F4_32    0    0
DISCARDED_PDGEE : 4 :  F4_33    0    0
PEDIGREE : 4 :  F4_33    0    0
DISCARDED_PDGEE : 4 :  F4_34    0    0
PEDIGREE : 4 :  F4_34    0    0
PREKILL_CENSUS_AGES :           5  :	0	1	2	3	4
PREKILL_CENSUS_COUNTS : MALES  : 5  :	35	30	25	20	15
PREKILL_CENSUS_COUNTS : FEM    : 5  :	35	30	25	20	15
POSTKILL_CENSUS_AGES :           5  :	1	2	3	4	5
POSTKILL_CENSUS_COUNTS : MALES  : 5  :	14	17	22	16	9
POSTKILL_CENSUS_COUNTS : FEM    : 5  :	14	17	24	19	11

VERBIAGE :   Entering MakeBabies : t=5     N=75
VERBIAGE :  Mean Num Offspring per Female  (NumFemalesRemaining) and [ProbOfReproducing] of Different Ages  : 0.000 ( 14 ) [ 0.000 ]    0.568 ( 17 ) [ 0.800 ]    1.419 ( 24 ) [ 1.000 ]    1.419 ( 19 ) [ 1.000 ]    1.136 ( 11 ) [ 0.500 ]    
PEDIGREE : 5 :  M5_0    M2_18    F3_1
PEDIGREE : 5 :  F5_0    M1_3    F3_5
PEDIGREE : 5 :  M5_1    M1_19    F3_6
PEDIGREE : 5 :  F5_1    M1_0    F3_9
PEDIGREE : 5 :  M5_2    M0_13    F3_12
PEDIGREE : 5 :  F5_2    M2_14    F3_18
PEDIGREE : 5 :  M5_3    M2_14    F3_18
PEDIGREE : 5 :  M5_4    M2_0    F3_19
PEDIGREE : 5 :  F5_3    M1_3    F3_23
PEDIGREE : 5 :  M5_5    M3_17    F3_27
PEDIGREE : 5 :  F5_4    M2_21    F2_0
PEDIGREE : 5 :  F5_5    M2_21    F2_0
PEDIGREE : 5 :  M5_6    M2_21    F2_0
PEDIGREE : 5 :  F5_6    M2_3    F2_1
PEDIGREE : 5 :  M5_7    M2_3    F2_1
PEDIGREE : 5 :  M5_8    M2_3    F2_1
PEDIGREE : 5 :  F5_7    M2_20    F2_4
PEDIGREE : 5 :  F5_8    M2_2    F2_5
PEDIGREE : 5 :  M5_9    M2_2    F2_5
PEDIGREE : 5 :  F5_9    M1_11    F2_8
PEDIGREE : 5 :  M5_10    M1_11    F2_8
PEDIGREE : 5 :  F5_10    M1_3    F2_9
PEDIGREE : 5 :  F5_11    M1_3    F2_9
PEDIGREE : 5 :  M5_11    M1_3    F2_9
PEDIGREE : 5 :  F5_12    M0_10    F2_11
PEDIGREE : 5 :  F5_13    M0_10    F2_11
PEDIGREE : 5 :  F5_14    M3_4    F2_13
PEDIGREE : 5 :  M5_12    M3_4    F2_13
PEDIGREE : 5 :  M5_13    M3_4    F2_13
PEDIGREE : 5 :  M5_14    M3_4    F2_13
PEDIGREE : 5 :  M5_15    M3_4    F2_13
PEDIGREE : 5 :  M5_16    M3_4    F2_13
PEDIGREE : 5 :  F5_15    M1_15    F2_14
PEDIGREE : 5 :  F5_16    M1_10    F2_15
PEDIGREE : 5 :  F5_17    M1_10    F2_15
PEDIGREE : 5 :  F5_18    M0_10    F2_17
PEDIGREE : 5 :  M5_17    M1_15    F2_18
PEDIGREE : 5 :  M5_18    M1_15    F2_18
PEDIGREE : 5 :  M5_19    M1_19    F2_20
PEDIGREE : 5 :  F5_19    M2_7    F2_21
PEDIGREE : 5 :  F5_20    M2_7    F2_21
PEDIGREE : 5 :  F5_21    M2_2    F2_22
PEDIGREE : 5 :  M5_20    M0_3    F2_23
PEDIGREE : 5 :  F5_22    M3_9    F2_24
PEDIGREE : 5 :  F5_23    M1_15    F1_1
PEDIGREE : 5 :  F5_24    M1_15    F1_1
PEDIGREE : 5 :  F5_25    M1_15    F1_1
PEDIGREE : 5 :  M5_21    M1_15    F1_1
PEDIGREE : 5 :  M5_22    M1_15    F1_1
PEDIGREE : 5 :  M5_23    M1_15    F1_1
PEDIGREE : 5 :  F5_26    M2_4    F1_2
PEDIGREE : 5 :  M5_24    M2_11    F1_3
PEDIGREE : 5 :  F5_27    M2_20    F1_4
PEDIGREE : 5 :  M5_25    M2_7    F1_7
PEDIGREE : 5 :  M5_26    M2_14    F1_8
PEDIGREE : 5 :  F5_28    M0_3    F1_9
PEDIGREE : 5 :  M5_27    M2_23    F1_10
PEDIGREE : 5 :  F5_29    M3_22    F1_12
PEDIGREE : 5 :  M5_28    M0_10    F1_13
PEDIGREE : 5 :  M5_29    M2_20    F1_14
PEDIGREE : 5 :  M5_30    M1_0    F1_15
PEDIGREE : 5 :  M5_31    M1_0    F1_15
PEDIGREE : 5 :  F5_30    M2_14    F1_17
PEDIGREE : 5 :  F5_31    M1_0    F1_18
PEDIGREE : 5 :  M5_32    M1_13    F0_4
PEDIGREE : 5 :  F5_32    M2_15    F0_8
PEDIGREE : 5 :  F5_33    M3_2    F0_9
PEDIGREE : 5 :  F5_34    M1_1    F0_13
PEDIGREE : 5 :  F5_35    M2_12    F0_14
PEDIGREE : 5 :  F5_36    M2_12    F0_14
PEDIGREE : 5 :  M5_33    M2_12    F0_14
PEDIGREE : 5 :  M5_34    M2_12    F0_14
VERBIAGE : Done with this generation
VERBIAGE :  Exiting MakeBabies()
POST_REPROD_CENSUS_AGES :           5  :	1	2	3	4	5
POST_REPROD_CENSUS_COUNTS : MALES  : 5  :	14	17	22	16	9
POST_REPROD_CENSUS_COUNTS : FEM    : 5  :	14	17	24	19	11
PREKILL_CENSUS_AGES :           6  :	0	1	2	3	4
PREKILL_CENSUS_COUNTS : MALES  : 6  :	35	14	17	22	16
PREKILL_CENSUS_COUNTS : FEM    : 6  :	37	14	17	24	19
POSTKILL_CENSUS_AGES :           6  :	1	2	3	4	5
POSTKILL_CENSUS_COUNTS : MALES  : 6  :	14	10	14	15	6
POSTKILL_CENSUS_COUNTS : FEM    : 6  :	13	6	16	20	12

VERBIAGE :   Entering MakeBabies : t=6     N=75
VERBIAGE :  Mean Num Offspring per Female  (NumFemalesRemaining) and [ProbOfReproducing] of Different Ages  : 0.000 ( 13 ) [ 0.000 ]    0.702 ( 6 ) [ 0.800 ]    1.756 ( 16 ) [ 1.000 ]    1.756 ( 20 ) [ 1.000 ]    1.404 ( 12 ) [ 0.500 ]    
PEDIGREE : 6 :  M6_0    M4_24    F4_16
PEDIGREE : 6 :  F6_0    M2_15    F3_1
PEDIGREE : 6 :  F6_1    M2_3    F3_2
PEDIGREE : 6 :  F6_2    M2_3    F3_2
PEDIGREE : 6 :  M6_1    M2_3    F3_2
PEDIGREE : 6 :  M6_2    M2_3    F3_2
PEDIGREE : 6 :  M6_3    M2_3    F3_2
PEDIGREE : 6 :  M6_4    M2_20    F3_5
PEDIGREE : 6 :  F6_3    M3_2    F3_6
PEDIGREE : 6 :  M6_5    M3_2    F3_6
PEDIGREE : 6 :  M6_6    M3_2    F3_6
PEDIGREE : 6 :  M6_7    M3_2    F3_6
PEDIGREE : 6 :  F6_4    M2_24    F3_7
PEDIGREE : 6 :  F6_5    M2_3    F3_9
PEDIGREE : 6 :  M6_8    M2_3    F3_9
PEDIGREE : 6 :  F6_6    M2_20    F3_10
PEDIGREE : 6 :  F6_7    M2_2    F3_12
PEDIGREE : 6 :  F6_8    M2_2    F3_12
PEDIGREE : 6 :  M6_9    M2_2    F3_15
PEDIGREE : 6 :  F6_9    M2_10    F3_16
PEDIGREE : 6 :  M6_10    M2_10    F3_16
PEDIGREE : 6 :  M6_11    M2_18    F3_19
PEDIGREE : 6 :  F6_10    M3_21    F3_23
PEDIGREE : 6 :  M6_12    M3_21    F3_23
PEDIGREE : 6 :  F6_11    M1_5    F3_24
PEDIGREE : 6 :  M6_13    M1_5    F3_24
PEDIGREE : 6 :  F6_12    M3_26    F3_27
PEDIGREE : 6 :  F6_13    M1_5    F2_1
PEDIGREE : 6 :  F6_14    M3_9    F2_4
PEDIGREE : 6 :  M6_14    M3_9    F2_4
PEDIGREE : 6 :  M6_15    M4_2    F2_5
PEDIGREE : 6 :  F6_15    M2_14    F2_6
PEDIGREE : 6 :  M6_16    M3_3    F2_7
PEDIGREE : 6 :  F6_16    M4_24    F2_10
PEDIGREE : 6 :  F6_17    M2_5    F2_11
PEDIGREE : 6 :  F6_18    M2_5    F2_11
PEDIGREE : 6 :  M6_17    M2_5    F2_11
PEDIGREE : 6 :  F6_19    M3_28    F2_12
PEDIGREE : 6 :  F6_20    M2_1    F2_13
PEDIGREE : 6 :  F6_21    M2_15    F2_15
PEDIGREE : 6 :  M6_18    M3_22    F2_16
PEDIGREE : 6 :  M6_19    M2_3    F2_17
PEDIGREE : 6 :  F6_22    M2_3    F2_18
PEDIGREE : 6 :  F6_23    M2_5    F2_19
PEDIGREE : 6 :  M6_20    M2_5    F2_19
PEDIGREE : 6 :  M6_21    M2_5    F2_19
PEDIGREE : 6 :  M6_22    M2_14    F2_21
PEDIGREE : 6 :  M6_23    M2_3    F2_22
PEDIGREE : 6 :  F6_24    M4_11    F2_24
PEDIGREE : 6 :  F6_25    M2_18    F1_7
PEDIGREE : 6 :  F6_26    M2_15    F1_8
PEDIGREE : 6 :  M6_24    M2_15    F1_8
PEDIGREE : 6 :  F6_27    M3_4    F1_12
PEDIGREE : 6 :  F6_28    M2_18    F1_15
PEDIGREE : 6 :  F6_29    M2_18    F1_15
PEDIGREE : 6 :  M6_25    M2_18    F1_15
PEDIGREE : 6 :  M6_26    M2_18    F1_15
PEDIGREE : 6 :  F6_30    M3_21    F1_17
PEDIGREE : 6 :  F6_31    M3_21    F1_17
VERBIAGE : Done with this generation
VERBIAGE :  Exiting MakeBabies()
POST_REPROD_CENSUS_AGES :           6  :	1	2	3	4	5
POST_REPROD_CENSUS_COUNTS : MALES  : 6  :	14	10	14	15	6
POST_REPROD_CENSUS_COUNTS : FEM    : 6  :	13	6	16	20	12
PREKILL_CENSUS_AGES :           7  :	0	1	2	3	4
PREKILL_CENSUS_COUNTS : MALES  : 7  :	27	14	10	14	15
PREKILL_CENSUS_COUNTS : FEM    : 7  :	32	13	6	16	20
POSTKILL_CENSUS_AGES :           7  :	1	2	3	4	5
POSTKILL_CENSUS_COUNTS : MALES  : 7  :	9	8	6	13	8
POSTKILL_CENSUS_COUNTS : FEM    : 7  :	9	10	5	14	11

VERBIAGE :   Entering MakeBabies : t=7     N=75
VERBIAGE :  Mean Num Offspring per Female  (NumFemalesRemaining) and [ProbOfReproducing] of Different Ages  : 0.000 ( 9 ) [ 0.000 ]    1.128 ( 10 ) [ 0.800 ]    2.820 ( 5 ) [ 1.000 ]    2.820 ( 14 ) [ 1.000 ]    2.256 ( 11 ) [ 0.500 ]    
PEDIGREE : 7 :  F7_0    M3_29    F5_3
PEDIGREE : 7 :  F7_1    M2_15    F5_10
PEDIGREE : 7 :  F7_2    M2_15    F5_10
PEDIGREE : 7 :  F7_3    M3_9    F5_12
PEDIGREE : 7 :  F7_4    M4_11    F5_16
PEDIGREE : 7 :  F7_5    M3_2    F5_24
PEDIGREE : 7 :  F7_6    M3_2    F5_24
PEDIGREE : 7 :  M7_0    M3_2    F5_24
PEDIGREE : 7 :  M7_1    M3_29    F5_35
PEDIGREE : 7 :  M7_2    M3_29    F5_35
PEDIGREE : 7 :  F7_7    M3_22    F4_16
PEDIGREE : 7 :  M7_3    M3_22    F4_16
PEDIGREE : 7 :  M7_4    M3_29    F4_26
PEDIGREE : 7 :  M7_5    M3_29    F4_26
PEDIGREE : 7 :  F7_8    M3_3    F4_27
PEDIGREE : 7 :  M7_6    M3_3    F4_27
PEDIGREE : 7 :  M7_7    M3_3    F4_27
PEDIGREE : 7 :  M7_8    M3_3    F4_27
PEDIGREE : 7 :  F7_9    M4_11    F4_30
PEDIGREE : 7 :  F7_10    M4_11    F4_30
PEDIGREE : 7 :  F7_11    M4_11    F4_30
PEDIGREE : 7 :  M7_9    M4_11    F4_30
PEDIGREE : 7 :  M7_10    M4_11    F4_30
PEDIGREE : 7 :  M7_11    M4_11    F4_30
PEDIGREE : 7 :  F7_12    M2_10    F4_31
PEDIGREE : 7 :  F7_13    M2_10    F4_31
PEDIGREE : 7 :  F7_14    M2_10    F4_31
PEDIGREE : 7 :  M7_12    M2_10    F4_31
PEDIGREE : 7 :  M7_13    M2_10    F4_31
PEDIGREE : 7 :  M7_14    M2_10    F4_31
PEDIGREE : 7 :  F7_15    M5_22    F3_2
PEDIGREE : 7 :  F7_16    M3_2    F3_5
PEDIGREE : 7 :  F7_17    M3_9    F3_6
PEDIGREE : 7 :  M7_15    M3_9    F3_6
PEDIGREE : 7 :  F7_18    M2_14    F3_7
PEDIGREE : 7 :  F7_19    M2_14    F3_7
PEDIGREE : 7 :  F7_20    M2_14    F3_7
PEDIGREE : 7 :  M7_16    M2_14    F3_7
PEDIGREE : 7 :  M7_17    M2_14    F3_7
PEDIGREE : 7 :  F7_21    M3_29    F3_9
PEDIGREE : 7 :  M7_18    M3_29    F3_9
PEDIGREE : 7 :  F7_22    M3_22    F3_10
PEDIGREE : 7 :  F7_23    M3_22    F3_10
PEDIGREE : 7 :  F7_24    M3_11    F3_12
PEDIGREE : 7 :  M7_19    M3_11    F3_12
PEDIGREE : 7 :  F7_25    M5_31    F3_13
PEDIGREE : 7 :  M7_20    M5_31    F3_13
PEDIGREE : 7 :  F7_26    M3_18    F3_15
PEDIGREE : 7 :  F7_27    M3_18    F3_15
PEDIGREE : 7 :  M7_21    M3_18    F3_15
PEDIGREE : 7 :  M7_22    M3_18    F3_15
PEDIGREE : 7 :  F7_28    M3_10    F3_19
PEDIGREE : 7 :  F7_29    M3_10    F3_19
PEDIGREE : 7 :  M7_23    M3_10    F3_19
PEDIGREE : 7 :  F7_30    M2_15    F3_21
PEDIGREE : 7 :  F7_31    M2_15    F3_21
PEDIGREE : 7 :  M7_24    M3_18    F3_24
PEDIGREE : 7 :  F7_32    M3_10    F3_27
PEDIGREE : 7 :  F7_33    M3_10    F3_27
PEDIGREE : 7 :  M7_25    M3_10    F3_27
PEDIGREE : 7 :  F7_34    M3_11    F2_11
PEDIGREE : 7 :  M7_26    M3_11    F2_11
PEDIGREE : 7 :  F7_35    M3_2    F2_12
PEDIGREE : 7 :  F7_36    M3_2    F2_12
PEDIGREE : 7 :  M7_27    M3_2    F2_12
PEDIGREE : 7 :  M7_28    M3_2    F2_12
PEDIGREE : 7 :  F7_37    M5_24    F2_15
PEDIGREE : 7 :  M7_29    M5_24    F2_15
PEDIGREE : 7 :  M7_30    M5_24    F2_15
PEDIGREE : 7 :  M7_31    M5_24    F2_15
PEDIGREE : 7 :  F7_38    M5_31    F2_24
PEDIGREE : 7 :  F7_39    M5_31    F2_24
PEDIGREE : 7 :  M7_32    M5_31    F2_24
VERBIAGE : Done with this generation
VERBIAGE :  Exiting MakeBabies()
POST_REPROD_CENSUS_AGES :           7  :	1	2	3	4	5
POST_REPROD_CENSUS_COUNTS : MALES  : 7  :	9	8	6	13	8
POST_REPROD_CENSUS_COUNTS : FEM    : 7  :	9	10	5	14	11
PREKILL_CENSUS_AGES :           8  :	0	1	2	3	4
PREKILL_CENSUS_COUNTS : MALES  : 8  :	33	9	8	6	13
PREKILL_CENSUS_COUNTS : FEM    : 8  :	40	9	10	5	14
POSTKILL_CENSUS_AGES :           8  :	1	2	3	4	5
POSTKILL_CENSUS_COUNTS : MALES  : 8  :	15	2	7	6	7
POSTKILL_CENSUS_COUNTS : FEM    : 8  :	16	5	9	5	8

VERBIAGE :   Entering MakeBabies : t=8     N=75
VERBIAGE :  Mean Num Offspring per Female  (NumFemalesRemaining) and [ProbOfReproducing] of Different Ages  : 0.000 ( 16 ) [ 0.000 ]    1.596 ( 5 ) [ 0.800 ]    3.989 ( 9 ) [ 1.000 ]    3.989 ( 5 ) [ 1.000 ]    3.191 ( 8 ) [ 0.500 ]    
PEDIGREE : 8 :  F8_0    M5_24    F6_7
PEDIGREE : 8 :  F8_1    M3_19    F6_17
PEDIGREE : 8 :  F8_2    M3_19    F6_17
PEDIGREE : 8 :  M8_0    M3_19    F6_17
PEDIGREE : 8 :  F8_3    M4_2    F6_19
PEDIGREE : 8 :  F8_4    M3_3    F6_26
PEDIGREE : 8 :  M8_1    M3_3    F6_26
PEDIGREE : 8 :  F8_5    M4_7    F6_27
PEDIGREE : 8 :  F8_6    M4_11    F5_3
PEDIGREE : 8 :  F8_7    M4_11    F5_3
PEDIGREE : 8 :  F8_8    M4_11    F5_3
PEDIGREE : 8 :  F8_9    M4_11    F5_3
PEDIGREE : 8 :  M8_2    M4_11    F5_3
PEDIGREE : 8 :  M8_3    M4_11    F5_3
PEDIGREE : 8 :  M8_4    M4_11    F5_3
PEDIGREE : 8 :  M8_5    M3_19    F5_10
PEDIGREE : 8 :  M8_6    M3_19    F5_10
PEDIGREE : 8 :  M8_7    M3_19    F5_10
PEDIGREE : 8 :  F8_10    M5_29    F5_12
PEDIGREE : 8 :  F8_11    M5_29    F5_12
PEDIGREE : 8 :  M8_8    M5_29    F5_12
PEDIGREE : 8 :  F8_12    M4_2    F5_16
PEDIGREE : 8 :  M8_9    M4_2    F5_16
PEDIGREE : 8 :  M8_10    M4_2    F5_16
PEDIGREE : 8 :  F8_13    M3_3    F5_18
PEDIGREE : 8 :  F8_14    M3_3    F5_18
PEDIGREE : 8 :  M8_11    M3_3    F5_18
PEDIGREE : 8 :  F8_15    M4_7    F5_21
PEDIGREE : 8 :  M8_12    M4_7    F5_21
PEDIGREE : 8 :  M8_13    M4_7    F5_21
PEDIGREE : 8 :  M8_14    M5_31    F5_24
PEDIGREE : 8 :  M8_15    M5_31    F5_24
PEDIGREE : 8 :  M8_16    M5_31    F5_24
PEDIGREE : 8 :  F8_16    M6_3    F5_28
PEDIGREE : 8 :  F8_17    M6_3    F5_28
PEDIGREE : 8 :  F8_18    M6_3    F5_35
PEDIGREE : 8 :  F8_19    M6_3    F5_35
PEDIGREE : 8 :  F8_20    M6_3    F5_35
PEDIGREE : 8 :  F8_21    M6_3    F5_35
PEDIGREE : 8 :  F8_22    M6_3    F5_35
PEDIGREE : 8 :  F8_23    M6_3    F5_35
PEDIGREE : 8 :  M8_17    M6_3    F5_35
PEDIGREE : 8 :  M8_18    M6_3    F5_35
PEDIGREE : 8 :  M8_19    M6_3    F5_35
PEDIGREE : 8 :  F8_24    M3_4    F4_16
PEDIGREE : 8 :  F8_25    M3_4    F4_16
PEDIGREE : 8 :  F8_26    M3_4    F4_16
PEDIGREE : 8 :  F8_27    M3_4    F4_16
PEDIGREE : 8 :  F8_28    M3_4    F4_16
PEDIGREE : 8 :  M8_20    M3_4    F4_16
PEDIGREE : 8 :  F8_29    M3_4    F4_26
PEDIGREE : 8 :  M8_21    M3_4    F4_26
PEDIGREE : 8 :  M8_22    M3_4    F4_26
PEDIGREE : 8 :  M8_23    M3_4    F4_26
PEDIGREE : 8 :  M8_24    M3_4    F4_26
PEDIGREE : 8 :  M8_25    M3_4    F4_26
PEDIGREE : 8 :  F8_30    M3_19    F4_27
PEDIGREE : 8 :  F8_31    M3_19    F4_27
PEDIGREE : 8 :  F8_32    M3_19    F4_27
PEDIGREE : 8 :  F8_33    M3_19    F4_27
PEDIGREE : 8 :  F8_34    M3_19    F4_27
PEDIGREE : 8 :  F8_35    M3_19    F4_27
PEDIGREE : 8 :  F8_36    M3_19    F4_27
PEDIGREE : 8 :  M8_26    M3_19    F4_27
PEDIGREE : 8 :  M8_27    M3_19    F4_27
PEDIGREE : 8 :  M8_28    M3_19    F4_27
PEDIGREE : 8 :  M8_29    M3_19    F4_27
PEDIGREE : 8 :  F8_37    M3_4    F4_30
PEDIGREE : 8 :  M8_30    M3_4    F4_30
PEDIGREE : 8 :  M8_31    M3_4    F4_30
PEDIGREE : 8 :  F8_38    M4_2    F4_31
PEDIGREE : 8 :  F8_39    M4_2    F4_31
PEDIGREE : 8 :  M8_32    M4_2    F4_31
PEDIGREE : 8 :  F8_40    M4_7    F3_1
PEDIGREE : 8 :  M8_33    M4_7    F3_1
PEDIGREE : 8 :  F8_41    M5_24    F3_5
PEDIGREE : 8 :  M8_34    M5_24    F3_5
PEDIGREE : 8 :  F8_42    M6_1    F3_12
PEDIGREE : 8 :  M8_35    M6_1    F3_12
PEDIGREE : 8 :  M8_36    M6_1    F3_12
PEDIGREE : 8 :  F8_43    M4_10    F3_15
PEDIGREE : 8 :  M8_37    M4_10    F3_15
PEDIGREE : 8 :  M8_38    M4_10    F3_15
PEDIGREE : 8 :  M8_39    M4_10    F3_15
VERBIAGE : Done with this generation
VERBIAGE :  Exiting MakeBabies()
POST_REPROD_CENSUS_AGES :           8  :	1	2	3	4	5
POST_REPROD_CENSUS_COUNTS : MALES  : 8  :	15	2	7	6	7
POST_REPROD_CENSUS_COUNTS : FEM    : 8  :	16	5	9	5	8
PREKILL_CENSUS_AGES :           9  :	0	1	2	3	4
PREKILL_CENSUS_COUNTS : MALES  : 9  :	40	15	2	7	6
PREKILL_CENSUS_COUNTS : FEM    : 9  :	44	16	5	9	5
POSTKILL_CENSUS_AGES :           9  :	1	2	3	4	5
POSTKILL_CENSUS_COUNTS : MALES  : 9  :	12	7	2	7	5
POSTKILL_CENSUS_COUNTS : FEM    : 9  :	17	11	5	7	3

VERBIAGE :   Entering MakeBabies : t=9     N=75
VERBIAGE :  Mean Num Offspring per Female  (NumFemalesRemaining) and [ProbOfReproducing] of Different Ages  : 0.000 ( 17 ) [ 0.000 ]    1.794 ( 11 ) [ 0.800 ]    4.486 ( 5 ) [ 1.000 ]    4.486 ( 7 ) [ 1.000 ]    3.589 ( 3 ) [ 0.500 ]    
PEDIGREE : 9 :  F9_0    M5_22    F7_0
PEDIGREE : 9 :  M9_0    M5_22    F7_0
PEDIGREE : 9 :  F9_1    M5_22    F7_1
PEDIGREE : 9 :  F9_2    M5_22    F7_1
PEDIGREE : 9 :  M9_1    M5_22    F7_1
PEDIGREE : 9 :  F9_3    M5_28    F7_3
PEDIGREE : 9 :  M9_2    M5_31    F7_4
PEDIGREE : 9 :  M9_3    M5_22    F7_14
PEDIGREE : 9 :  F9_4    M5_24    F7_19
PEDIGREE : 9 :  F9_5    M7_21    F7_25
PEDIGREE : 9 :  M9_4    M7_21    F7_25
PEDIGREE : 9 :  F9_6    M5_22    F7_29
PEDIGREE : 9 :  M9_5    M5_22    F7_29
PEDIGREE : 9 :  M9_6    M5_22    F7_29
PEDIGREE : 9 :  M9_7    M5_22    F7_29
PEDIGREE : 9 :  F9_7    M5_1    F7_31
PEDIGREE : 9 :  F9_8    M5_1    F7_31
PEDIGREE : 9 :  F9_9    M5_1    F7_31
PEDIGREE : 9 :  M9_8    M5_1    F7_31
PEDIGREE : 9 :  M9_9    M5_1    F7_31
PEDIGREE : 9 :  M9_10    M5_1    F7_31
PEDIGREE : 9 :  F9_10    M5_31    F7_34
PEDIGREE : 9 :  F9_11    M5_31    F7_34
PEDIGREE : 9 :  F9_12    M5_31    F7_34
PEDIGREE : 9 :  M9_11    M5_31    F7_34
PEDIGREE : 9 :  F9_13    M7_28    F6_7
PEDIGREE : 9 :  F9_14    M7_28    F6_7
PEDIGREE : 9 :  F9_15    M7_28    F6_7
PEDIGREE : 9 :  F9_16    M7_28    F6_7
PEDIGREE : 9 :  F9_17    M7_28    F6_7
PEDIGREE : 9 :  M9_12    M7_28    F6_7
PEDIGREE : 9 :  M9_13    M7_28    F6_7
PEDIGREE : 9 :  F9_18    M5_22    F6_17
PEDIGREE : 9 :  F9_19    M5_22    F6_17
PEDIGREE : 9 :  F9_20    M5_22    F6_17
PEDIGREE : 9 :  M9_14    M5_22    F6_17
PEDIGREE : 9 :  M9_15    M5_22    F6_17
PEDIGREE : 9 :  M9_16    M7_29    F6_19
PEDIGREE : 9 :  M9_17    M7_29    F6_19
PEDIGREE : 9 :  M9_18    M7_29    F6_19
PEDIGREE : 9 :  F9_21    M4_1    F6_26
PEDIGREE : 9 :  F9_22    M4_1    F6_26
PEDIGREE : 9 :  F9_23    M4_1    F6_26
PEDIGREE : 9 :  M9_19    M4_1    F6_26
PEDIGREE : 9 :  M9_20    M4_1    F6_26
PEDIGREE : 9 :  M9_21    M4_1    F6_26
PEDIGREE : 9 :  M9_22    M4_1    F6_26
PEDIGREE : 9 :  F9_24    M5_1    F6_27
PEDIGREE : 9 :  F9_25    M5_1    F6_27
PEDIGREE : 9 :  M9_23    M5_1    F6_27
PEDIGREE : 9 :  F9_26    M5_31    F5_3
PEDIGREE : 9 :  F9_27    M5_31    F5_3
PEDIGREE : 9 :  M9_24    M5_31    F5_3
PEDIGREE : 9 :  M9_25    M5_31    F5_3
PEDIGREE : 9 :  M9_26    M5_31    F5_3
PEDIGREE : 9 :  M9_27    M5_31    F5_3
PEDIGREE : 9 :  F9_28    M5_28    F5_10
PEDIGREE : 9 :  F9_29    M5_28    F5_10
PEDIGREE : 9 :  F9_30    M5_28    F5_10
PEDIGREE : 9 :  F9_31    M5_28    F5_10
PEDIGREE : 9 :  F9_32    M5_28    F5_10
PEDIGREE : 9 :  M9_28    M5_28    F5_10
PEDIGREE : 9 :  M9_29    M5_28    F5_10
PEDIGREE : 9 :  F9_33    M5_31    F5_16
PEDIGREE : 9 :  M9_30    M5_31    F5_16
PEDIGREE : 9 :  F9_34    M5_24    F5_18
PEDIGREE : 9 :  F9_35    M5_24    F5_18
PEDIGREE : 9 :  F9_36    M5_24    F5_18
PEDIGREE : 9 :  M9_31    M5_24    F5_18
PEDIGREE : 9 :  M9_32    M5_24    F5_18
PEDIGREE : 9 :  M9_33    M5_24    F5_18
PEDIGREE : 9 :  F9_37    M5_1    F5_21
PEDIGREE : 9 :  F9_38    M5_1    F5_21
PEDIGREE : 9 :  M9_34    M5_1    F5_21
PEDIGREE : 9 :  F9_39    M7_19    F5_28
PEDIGREE : 9 :  M9_35    M7_19    F5_28
PEDIGREE : 9 :  M9_36    M7_19    F5_28
PEDIGREE : 9 :  M9_37    M7_19    F5_28
PEDIGREE : 9 :  M9_38    M7_19    F5_28
PEDIGREE : 9 :  F9_40    M5_31    F5_35
PEDIGREE : 9 :  M9_39    M5_31    F5_35
PEDIGREE : 9 :  M9_40    M5_31    F5_35
PEDIGREE : 9 :  M9_41    M5_31    F5_35
PEDIGREE : 9 :  M9_42    M7_25    F4_16
PEDIGREE : 9 :  M9_43    M5_1    F4_26
PEDIGREE : 9 :  M9_44    M5_1    F4_26
PEDIGREE : 9 :  M9_45    M5_1    F4_26
VERBIAGE : Done with this generation
VERBIAGE :  Exiting MakeBabies()
POST_REPROD_CENSUS_AGES :           9  :	1	2	3	4	5
POST_REPROD_CENSUS_COUNTS : MALES  : 9  :	12	7	2	7	5
POST_REPROD_CENSUS_COUNTS : FEM    : 9  :	17	11	5	7	3
PREKILL_CENSUS_AGES :           10  :	0	1	2	3	4
PREKILL_CENSUS_COUNTS : MALES  : 10  :	46	12	7	2	7
PREKILL_CENSUS_COUNTS : FEM    : 10  :	41	17	11	5	7
POSTKILL_CENSUS_AGES :           10  :	1	2	3	4	5
POSTKILL_CENSUS_COUNTS : MALES  : 10  :	19	7	7	1	3
POSTKILL_CENSUS_COUNTS : FEM    : 10  :	14	10	10	5	3

VERBIAGE :   Entering MakeBabies : t=10     N=75
VERBIAGE :  Mean Num Offspring per Female  (NumFemalesRemaining) and [ProbOfReproducing] of Different Ages  : 0.000 ( 14 ) [ 0.000 ]    1.546 ( 10 ) [ 0.800 ]    3.866 ( 10 ) [ 1.000 ]    3.866 ( 5 ) [ 1.000 ]    3.093 ( 3 ) [ 0.500 ]    
PEDIGREE : 10 :  F10_0    M5_22    F8_9
PEDIGREE : 10 :  F10_1    M5_22    F8_9
PEDIGREE : 10 :  M10_0    M5_22    F8_9
PEDIGREE : 10 :  M10_1    M5_22    F8_9
PEDIGREE : 10 :  M10_2    M5_22    F8_9
PEDIGREE : 10 :  M10_3    M7_21    F8_16
PEDIGREE : 10 :  M10_4    M6_3    F8_26
PEDIGREE : 10 :  M10_5    M6_3    F8_26
PEDIGREE : 10 :  F10_2    M7_28    F8_38
PEDIGREE : 10 :  F10_3    M7_28    F8_38
PEDIGREE : 10 :  M10_6    M7_28    F8_38
PEDIGREE : 10 :  F10_4    M7_7    F7_0
PEDIGREE : 10 :  F10_5    M7_7    F7_0
PEDIGREE : 10 :  M10_7    M7_7    F7_0
PEDIGREE : 10 :  M10_8    M7_7    F7_0
PEDIGREE : 10 :  F10_6    M7_2    F7_3
PEDIGREE : 10 :  M10_9    M7_2    F7_3
PEDIGREE : 10 :  M10_10    M7_2    F7_3
PEDIGREE : 10 :  M10_11    M7_2    F7_3
PEDIGREE : 10 :  M10_12    M7_2    F7_3
PEDIGREE : 10 :  M10_13    M7_2    F7_3
PEDIGREE : 10 :  M10_14    M7_2    F7_3
PEDIGREE : 10 :  F10_7    M7_29    F7_4
PEDIGREE : 10 :  F10_8    M7_29    F7_4
PEDIGREE : 10 :  F10_9    M7_29    F7_4
PEDIGREE : 10 :  F10_10    M7_29    F7_4
PEDIGREE : 10 :  M10_15    M7_29    F7_4
PEDIGREE : 10 :  M10_16    M7_29    F7_4
PEDIGREE : 10 :  M10_17    M7_29    F7_4
PEDIGREE : 10 :  M10_18    M7_29    F7_4
PEDIGREE : 10 :  M10_19    M7_29    F7_4
PEDIGREE : 10 :  F10_11    M7_21    F7_14
PEDIGREE : 10 :  F10_12    M7_21    F7_14
PEDIGREE : 10 :  M10_20    M7_21    F7_14
PEDIGREE : 10 :  M10_21    M7_21    F7_14
PEDIGREE : 10 :  F10_13    M8_34    F7_19
PEDIGREE : 10 :  F10_14    M8_34    F7_19
PEDIGREE : 10 :  F10_15    M8_34    F7_19
PEDIGREE : 10 :  M10_22    M8_34    F7_19
PEDIGREE : 10 :  F10_16    M6_3    F7_25
PEDIGREE : 10 :  F10_17    M6_3    F7_25
PEDIGREE : 10 :  F10_18    M6_3    F7_25
PEDIGREE : 10 :  F10_19    M6_3    F7_25
PEDIGREE : 10 :  M10_23    M6_3    F7_25
PEDIGREE : 10 :  M10_24    M6_3    F7_25
PEDIGREE : 10 :  F10_20    M7_29    F7_29
PEDIGREE : 10 :  F10_21    M7_29    F7_29
PEDIGREE : 10 :  F10_22    M7_29    F7_29
PEDIGREE : 10 :  M10_25    M7_29    F7_29
PEDIGREE : 10 :  M10_26    M7_29    F7_29
PEDIGREE : 10 :  F10_23    M8_29    F7_31
PEDIGREE : 10 :  M10_27    M8_29    F7_31
PEDIGREE : 10 :  M10_28    M8_29    F7_31
PEDIGREE : 10 :  M10_29    M6_3    F7_34
PEDIGREE : 10 :  F10_24    M5_22    F7_35
PEDIGREE : 10 :  F10_25    M5_22    F7_35
PEDIGREE : 10 :  F10_26    M5_22    F7_35
PEDIGREE : 10 :  M10_30    M5_22    F7_35
PEDIGREE : 10 :  F10_27    M6_3    F6_7
PEDIGREE : 10 :  F10_28    M6_3    F6_7
PEDIGREE : 10 :  F10_29    M6_3    F6_7
PEDIGREE : 10 :  F10_30    M6_3    F6_7
PEDIGREE : 10 :  M10_31    M6_3    F6_7
PEDIGREE : 10 :  F10_31    M5_22    F6_17
PEDIGREE : 10 :  F10_32    M5_22    F6_17
PEDIGREE : 10 :  F10_33    M5_22    F6_17
PEDIGREE : 10 :  F10_34    M5_22    F6_17
PEDIGREE : 10 :  F10_35    M5_22    F6_17
PEDIGREE : 10 :  F10_36    M5_22    F6_17
PEDIGREE : 10 :  F10_37    M5_22    F6_17
PEDIGREE : 10 :  M10_32    M5_22    F6_17
PEDIGREE : 10 :  M10_33    M5_22    F6_17
PEDIGREE : 10 :  F10_38    M7_25    F6_19
PEDIGREE : 10 :  F10_39    M7_25    F6_19
PEDIGREE : 10 :  M10_34    M7_25    F6_19
PEDIGREE : 10 :  M10_35    M7_25    F6_19
PEDIGREE : 10 :  M10_36    M7_25    F6_19
PEDIGREE : 10 :  F10_40    M7_25    F6_26
PEDIGREE : 10 :  F10_41    M7_25    F6_26
PEDIGREE : 10 :  F10_42    M7_25    F6_26
PEDIGREE : 10 :  M10_37    M7_25    F6_26
PEDIGREE : 10 :  M10_38    M7_25    F6_26
PEDIGREE : 10 :  M10_39    M7_25    F6_26
PEDIGREE : 10 :  F10_43    M7_25    F6_27
PEDIGREE : 10 :  F10_44    M7_25    F6_27
PEDIGREE : 10 :  F10_45    M7_25    F6_27
PEDIGREE : 10 :  F10_46    M7_25    F6_27
PEDIGREE : 10 :  F10_47    M7_28    F5_21
PEDIGREE : 10 :  F10_48    M7_28    F5_21
PEDIGREE : 10 :  F10_49    M7_28    F5_21
PEDIGREE : 10 :  M10_40    M7_28    F5_21
PEDIGREE : 10 :  F10_50    M7_7    F5_28
PEDIGREE : 10 :  F10_51    M7_7    F5_28
PEDIGREE : 10 :  M10_41    M7_7    F5_28
PEDIGREE : 10 :  M10_42    M7_7    F5_28
PEDIGREE : 10 :  M10_43    M7_7    F5_28
PEDIGREE : 10 :  M10_44    M7_7    F5_28
PEDIGREE : 10 :  M10_45    M7_7    F5_28
VERBIAGE : Done with this generation
VERBIAGE :  Exiting MakeBabies()
POST_REPROD_CENSUS_AGES :           10  :	1	2	3	4	5
POST_REPROD_CENSUS_COUNTS : MALES  : 10  :	19	7	7	1	3
POST_REPROD_CENSUS_COUNTS : FEM    : 10  :	14	10	10	5	3
PREKILL_CENSUS_AGES :           11  :	0	1	2	3	4
PREKILL_CENSUS_COUNTS : MALES  : 11  :	46	19	7	7	1
PREKILL_CENSUS_COUNTS : FEM    : 11  :	52	14	10	10	5
POSTKILL_CENSUS_AGES :           11  :	1	2	3	4	5
POSTKILL_CENSUS_COUNTS : MALES  : 11  :	20	9	6	7	1
POSTKILL_CENSUS_COUNTS : FEM    : 11  :	19	6	10	7	2

VERBIAGE :   Entering MakeBabies : t=11     N=75
VERBIAGE :  Mean Num Offspring per Female  (NumFemalesRemaining) and [ProbOfReproducing] of Different Ages  : 0.000 ( 19 ) [ 0.000 ]    1.521 ( 6 ) [ 0.800 ]    3.803 ( 10 ) [ 1.000 ]    3.803 ( 7 ) [ 1.000 ]    3.043 ( 2 ) [ 0.500 ]    
PEDIGREE : 11 :  F11_0    M7_25    F9_29
PEDIGREE : 11 :  M11_0    M7_25    F9_29
PEDIGREE : 11 :  F11_1    M7_25    F9_30
PEDIGREE : 11 :  F11_2    M9_42    F9_40
PEDIGREE : 11 :  F11_3    M7_2    F8_9
PEDIGREE : 11 :  M11_1    M7_2    F8_9
PEDIGREE : 11 :  F11_4    M9_42    F8_12
PEDIGREE : 11 :  F11_5    M9_42    F8_12
PEDIGREE : 11 :  F11_6    M9_42    F8_12
PEDIGREE : 11 :  F11_7    M9_42    F8_12
PEDIGREE : 11 :  M11_2    M9_42    F8_12
PEDIGREE : 11 :  M11_3    M9_42    F8_12
PEDIGREE : 11 :  F11_8    M8_21    F8_13
PEDIGREE : 11 :  F11_9    M8_21    F8_13
PEDIGREE : 11 :  F11_10    M8_21    F8_13
PEDIGREE : 11 :  M11_4    M8_21    F8_13
PEDIGREE : 11 :  F11_11    M6_3    F8_16
PEDIGREE : 11 :  F11_12    M6_3    F8_16
PEDIGREE : 11 :  F11_13    M6_3    F8_16
PEDIGREE : 11 :  M11_5    M6_3    F8_16
PEDIGREE : 11 :  M11_6    M6_3    F8_16
PEDIGREE : 11 :  F11_14    M9_5    F8_19
PEDIGREE : 11 :  F11_15    M9_5    F8_19
PEDIGREE : 11 :  M11_7    M9_5    F8_19
PEDIGREE : 11 :  M11_8    M9_5    F8_19
PEDIGREE : 11 :  M11_9    M9_5    F8_19
PEDIGREE : 11 :  M11_10    M9_19    F8_26
PEDIGREE : 11 :  F11_16    M7_2    F8_30
PEDIGREE : 11 :  F11_17    M7_19    F8_32
PEDIGREE : 11 :  M11_11    M7_19    F8_32
PEDIGREE : 11 :  M11_12    M7_19    F8_32
PEDIGREE : 11 :  F11_18    M9_1    F8_38
PEDIGREE : 11 :  F11_19    M9_1    F8_38
PEDIGREE : 11 :  M11_13    M9_1    F8_38
PEDIGREE : 11 :  F11_20    M7_2    F8_40
PEDIGREE : 11 :  F11_21    M7_2    F8_40
PEDIGREE : 11 :  F11_22    M7_2    F8_40
PEDIGREE : 11 :  F11_23    M7_2    F8_40
PEDIGREE : 11 :  F11_24    M7_2    F7_3
PEDIGREE : 11 :  F11_25    M7_2    F7_3
PEDIGREE : 11 :  F11_26    M7_2    F7_3
PEDIGREE : 11 :  M11_14    M7_2    F7_3
PEDIGREE : 11 :  M11_15    M8_29    F7_4
PEDIGREE : 11 :  M11_16    M8_29    F7_4
PEDIGREE : 11 :  F11_27    M8_2    F7_25
PEDIGREE : 11 :  F11_28    M8_2    F7_25
PEDIGREE : 11 :  M11_17    M8_2    F7_25
PEDIGREE : 11 :  F11_29    M9_44    F7_29
PEDIGREE : 11 :  F11_30    M9_44    F7_29
PEDIGREE : 11 :  M11_18    M9_44    F7_29
PEDIGREE : 11 :  M11_19    M9_16    F7_34
PEDIGREE : 11 :  F11_31    M8_15    F7_35
PEDIGREE : 11 :  M11_20    M8_15    F7_35
PEDIGREE : 11 :  M11_21    M8_15    F7_35
PEDIGREE : 11 :  M11_22    M8_15    F7_35
PEDIGREE : 11 :  M11_23    M8_15    F7_35
PEDIGREE : 11 :  M11_24    M8_15    F7_35
PEDIGREE : 11 :  M11_25    M8_15    F7_35
PEDIGREE : 11 :  M11_26    M8_15    F7_35
PEDIGREE : 11 :  F11_32    M7_25    F6_19
PEDIGREE : 11 :  M11_27    M7_25    F6_19
VERBIAGE : Done with this generation
VERBIAGE :  Exiting MakeBabies()
POST_REPROD_CENSUS_AGES :           11  :	1	2	3	4	5
POST_REPROD_CENSUS_COUNTS : MALES  : 11  :	20	9	6	7	1
POST_REPROD_CENSUS_COUNTS : FEM    : 11  :	19	6	10	7	2
PREKILL_CENSUS_AGES :           12  :	0	1	2	3	4
PREKILL_CENSUS_COUNTS : MALES  : 12  :	28	20	9	6	7
PREKILL_CENSUS_COUNTS : FEM    : 12  :	33	19	6	10	7
POSTKILL_CENSUS_AGES :           12  :	1	2	3	4	5
POSTKILL_CENSUS_COUNTS : MALES  : 12  :	13	7	9	5	4
POSTKILL_CENSUS_COUNTS : FEM    : 12  :	16	10	6	10	5

VERBIAGE :   Entering MakeBabies : t=12     N=75
VERBIAGE :  Mean Num Offspring per Female  (NumFemalesRemaining) and [ProbOfReproducing] of Different Ages  : 0.000 ( 16 ) [ 0.000 ]    1.415 ( 10 ) [ 0.800 ]    3.538 ( 6 ) [ 1.000 ]    3.538 ( 10 ) [ 1.000 ]    2.830 ( 5 ) [ 0.500 ]    
PEDIGREE : 12 :  F12_0    M7_29    F10_19
PEDIGREE : 12 :  F12_1    M7_29    F10_19
PEDIGREE : 12 :  M12_0    M7_29    F10_19
PEDIGREE : 12 :  F12_2    M9_43    F10_40
PEDIGREE : 12 :  M12_1    M9_43    F10_40
PEDIGREE : 12 :  M12_2    M8_15    F10_50
PEDIGREE : 12 :  F12_3    M8_21    F9_14
PEDIGREE : 12 :  F12_4    M8_21    F9_14
PEDIGREE : 12 :  F12_5    M8_21    F9_23
PEDIGREE : 12 :  F12_6    M8_21    F9_23
PEDIGREE : 12 :  F12_7    M8_21    F9_23
PEDIGREE : 12 :  M12_3    M8_21    F9_23
PEDIGREE : 12 :  F12_8    M10_42    F9_26
PEDIGREE : 12 :  F12_9    M10_42    F9_26
PEDIGREE : 12 :  M12_4    M10_42    F9_26
PEDIGREE : 12 :  M12_5    M10_42    F9_26
PEDIGREE : 12 :  F12_10    M7_21    F9_29
PEDIGREE : 12 :  M12_6    M7_21    F9_29
PEDIGREE : 12 :  M12_7    M7_21    F9_29
PEDIGREE : 12 :  M12_8    M7_21    F9_29
PEDIGREE : 12 :  F12_11    M10_26    F9_30
PEDIGREE : 12 :  F12_12    M10_26    F9_30
PEDIGREE : 12 :  M12_9    M10_26    F9_30
PEDIGREE : 12 :  F12_13    M7_21    F9_40
PEDIGREE : 12 :  M12_10    M7_21    F9_40
PEDIGREE : 12 :  M12_11    M7_21    F9_40
PEDIGREE : 12 :  M12_12    M7_21    F9_40
PEDIGREE : 12 :  M12_13    M7_21    F9_40
PEDIGREE : 12 :  F12_14    M9_5    F8_9
PEDIGREE : 12 :  F12_15    M9_5    F8_9
PEDIGREE : 12 :  F12_16    M9_5    F8_9
PEDIGREE : 12 :  M12_14    M9_5    F8_9
PEDIGREE : 12 :  M12_15    M9_5    F8_9
PEDIGREE : 12 :  M12_16    M8_21    F8_12
PEDIGREE : 12 :  F12_17    M8_27    F8_13
PEDIGREE : 12 :  M12_17    M8_27    F8_13
PEDIGREE : 12 :  M12_18    M8_27    F8_13
PEDIGREE : 12 :  F12_18    M8_21    F8_16
PEDIGREE : 12 :  M12_19    M8_21    F8_16
PEDIGREE : 12 :  M12_20    M8_15    F8_19
PEDIGREE : 12 :  M12_21    M8_15    F8_19
PEDIGREE : 12 :  F12_19    M9_19    F8_26
PEDIGREE : 12 :  F12_20    M9_19    F8_26
PEDIGREE : 12 :  F12_21    M9_19    F8_26
PEDIGREE : 12 :  M12_22    M9_19    F8_26
PEDIGREE : 12 :  F12_22    M9_1    F8_30
PEDIGREE : 12 :  M12_23    M9_1    F8_30
PEDIGREE : 12 :  F12_23    M10_44    F8_32
PEDIGREE : 12 :  F12_24    M10_44    F8_32
PEDIGREE : 12 :  F12_25    M10_44    F8_32
PEDIGREE : 12 :  M12_24    M10_44    F8_32
PEDIGREE : 12 :  M12_25    M10_44    F8_32
PEDIGREE : 12 :  M12_26    M10_44    F8_32
PEDIGREE : 12 :  F12_26    M9_5    F8_38
PEDIGREE : 12 :  M12_27    M9_5    F8_38
PEDIGREE : 12 :  M12_28    M9_5    F8_38
PEDIGREE : 12 :  M12_29    M9_5    F8_38
PEDIGREE : 12 :  F12_27    M7_21    F8_40
PEDIGREE : 12 :  F12_28    M7_21    F8_40
PEDIGREE : 12 :  F12_29    M7_21    F8_40
PEDIGREE : 12 :  F12_30    M7_21    F8_40
PEDIGREE : 12 :  M12_30    M7_21    F8_40
PEDIGREE : 12 :  F12_31    M7_21    F7_3
PEDIGREE : 12 :  M12_31    M7_21    F7_3
PEDIGREE : 12 :  F12_32    M8_21    F7_4
PEDIGREE : 12 :  M12_32    M9_5    F7_25
VERBIAGE : Done with this generation
VERBIAGE :  Exiting MakeBabies()
POST_REPROD_CENSUS_AGES :           12  :	1	2	3	4	5
POST_REPROD_CENSUS_COUNTS : MALES  : 12  :	13	7	9	5	4
POST_REPROD_CENSUS_COUNTS : FEM    : 12  :	16	10	6	10	5
PREKILL_CENSUS_AGES :           13  :	0	1	2	3	4
PREKILL_CENSUS_COUNTS : MALES  : 13  :	33	13	7	9	5
PREKILL_CENSUS_COUNTS : FEM    : 13  :	33	16	10	6	10
POSTKILL_CENSUS_AGES :           13  :	1	2	3	4	5
POSTKILL_CENSUS_COUNTS : MALES  : 13  :	10	3	6	9	5
POSTKILL_CENSUS_COUNTS : FEM    : 13  :	10	6	8	5	9

VERBIAGE :   Entering MakeBabies : t=13     N=75
VERBIAGE :  Mean Num Offspring per Female  (NumFemalesRemaining) and [ProbOfReproducing] of Different Ages  : 0.000 ( 10 ) [ 0.000 ]    1.620 ( 6 ) [ 0.800 ]    4.050 ( 8 ) [ 1.000 ]    4.050 ( 5 ) [ 1.000 ]    3.240 ( 9 ) [ 0.500 ]    
PEDIGREE : 13 :  F13_0    M10_33    F11_4
PEDIGREE : 13 :  M13_0    M9_42    F11_9
PEDIGREE : 13 :  F13_1    M10_33    F11_13
PEDIGREE : 13 :  F13_2    M9_42    F11_16
PEDIGREE : 13 :  F13_3    M9_42    F11_16
PEDIGREE : 13 :  F13_4    M9_6    F11_18
PEDIGREE : 13 :  M13_1    M9_6    F11_18
PEDIGREE : 13 :  F13_5    M9_6    F11_31
PEDIGREE : 13 :  F13_6    M9_43    F10_4
PEDIGREE : 13 :  M13_2    M9_43    F10_4
PEDIGREE : 13 :  M13_3    M9_43    F10_4
PEDIGREE : 13 :  M13_4    M9_43    F10_4
PEDIGREE : 13 :  M13_5    M9_43    F10_4
PEDIGREE : 13 :  F13_7    M10_44    F10_11
PEDIGREE : 13 :  M13_6    M10_44    F10_11
PEDIGREE : 13 :  M13_7    M10_44    F10_11
PEDIGREE : 13 :  F13_8    M10_27    F10_19
PEDIGREE : 13 :  M13_8    M10_27    F10_19
PEDIGREE : 13 :  M13_9    M10_27    F10_19
PEDIGREE : 13 :  M13_10    M10_27    F10_19
PEDIGREE : 13 :  M13_11    M10_27    F10_19
PEDIGREE : 13 :  F13_9    M10_33    F10_26
PEDIGREE : 13 :  F13_10    M10_33    F10_26
PEDIGREE : 13 :  M13_12    M10_33    F10_26
PEDIGREE : 13 :  M13_13    M10_33    F10_26
PEDIGREE : 13 :  M13_14    M10_33    F10_26
PEDIGREE : 13 :  M13_15    M10_33    F10_26
PEDIGREE : 13 :  F13_11    M11_21    F10_36
PEDIGREE : 13 :  M13_16    M11_21    F10_36
PEDIGREE : 13 :  M13_17    M11_21    F10_36
PEDIGREE : 13 :  F13_12    M8_2    F10_40
PEDIGREE : 13 :  M13_18    M8_2    F10_40
PEDIGREE : 13 :  M13_19    M8_2    F10_40
PEDIGREE : 13 :  M13_20    M8_2    F10_40
PEDIGREE : 13 :  M13_21    M8_2    F10_40
PEDIGREE : 13 :  M13_22    M8_2    F10_40
PEDIGREE : 13 :  M13_23    M9_6    F10_45
PEDIGREE : 13 :  F13_13    M8_29    F10_49
PEDIGREE : 13 :  F13_14    M8_29    F10_49
PEDIGREE : 13 :  F13_15    M8_29    F10_49
PEDIGREE : 13 :  F13_16    M8_29    F10_49
PEDIGREE : 13 :  M13_24    M8_29    F10_49
PEDIGREE : 13 :  M13_25    M8_29    F10_49
PEDIGREE : 13 :  M13_26    M8_29    F10_49
PEDIGREE : 13 :  M13_27    M9_6    F9_23
PEDIGREE : 13 :  F13_17    M9_43    F9_29
PEDIGREE : 13 :  M13_28    M9_43    F9_29
PEDIGREE : 13 :  M13_29    M9_43    F9_29
PEDIGREE : 13 :  M13_30    M9_43    F9_29
PEDIGREE : 13 :  M13_31    M9_43    F9_29
PEDIGREE : 13 :  M13_32    M9_43    F9_29
PEDIGREE : 13 :  F13_18    M9_43    F9_30
PEDIGREE : 13 :  F13_19    M9_43    F9_30
PEDIGREE : 13 :  M13_33    M9_43    F9_30
PEDIGREE : 13 :  M13_34    M9_43    F9_30
PEDIGREE : 13 :  F13_20    M9_6    F9_40
PEDIGREE : 13 :  M13_35    M9_6    F9_40
PEDIGREE : 13 :  M13_36    M9_6    F9_40
PEDIGREE : 13 :  M13_37    M9_6    F9_40
PEDIGREE : 13 :  F13_21    M8_2    F8_9
PEDIGREE : 13 :  M13_38    M8_2    F8_9
PEDIGREE : 13 :  M13_39    M8_2    F8_9
PEDIGREE : 13 :  F13_22    M9_6    F8_12
PEDIGREE : 13 :  F13_23    M9_6    F8_12
PEDIGREE : 13 :  F13_24    M9_6    F8_12
PEDIGREE : 13 :  F13_25    M9_6    F8_12
PEDIGREE : 13 :  F13_26    M9_6    F8_12
PEDIGREE : 13 :  F13_27    M9_19    F8_13
PEDIGREE : 13 :  M13_40    M9_42    F8_19
PEDIGREE : 13 :  M13_41    M9_42    F8_19
PEDIGREE : 13 :  M13_42    M9_42    F8_19
PEDIGREE : 13 :  F13_28    M9_6    F8_30
PEDIGREE : 13 :  F13_29    M9_6    F8_30
PEDIGREE : 13 :  F13_30    M9_6    F8_30
VERBIAGE : Done with this generation
VERBIAGE :  Exiting MakeBabies()
POST_REPROD_CENSUS_AGES :           13  :	1	2	3	4	5
POST_REPROD_CENSUS_COUNTS : MALES  : 13  :	10	3	6	9	5
POST_REPROD_CENSUS_COUNTS : FEM    : 13  :	10	6	8	5	9
PREKILL_CENSUS_AGES :           14  :	0	1	2	3	4
PREKILL_CENSUS_COUNTS : MALES  : 14  :	43	10	3	6	9
PREKILL_CENSUS_COUNTS : FEM    : 14  :	31	10	6	8	5
POSTKILL_CENSUS_AGES :           14  :	1	2	3	4	5
POSTKILL_CENSUS_COUNTS : MALES  : 14  :	13	9	3	4	6
POSTKILL_CENSUS_COUNTS : FEM    : 14  :	9	7	6	7	2

VERBIAGE :   Entering MakeBabies : t=14     N=75
VERBIAGE :  Mean Num Offspring per Female  (NumFemalesRemaining) and [ProbOfReproducing] of Different Ages  : 0.000 ( 9 ) [ 0.000 ]    1.870 ( 7 ) [ 0.800 ]    4.676 ( 6 ) [ 1.000 ]    4.676 ( 7 ) [ 1.000 ]    3.741 ( 2 ) [ 0.500 ]    
PEDIGREE : 14 :  F14_0    M11_25    F12_10
PEDIGREE : 14 :  F14_1    M10_33    F12_13
PEDIGREE : 14 :  F14_2    M10_33    F12_13
PEDIGREE : 14 :  F14_3    M10_33    F12_13
PEDIGREE : 14 :  F14_4    M11_9    F12_30
PEDIGREE : 14 :  F14_5    M11_9    F12_30
PEDIGREE : 14 :  M14_0    M11_9    F12_30
PEDIGREE : 14 :  F14_6    M10_33    F12_32
PEDIGREE : 14 :  F14_7    M9_43    F11_4
PEDIGREE : 14 :  M14_1    M9_43    F11_4
PEDIGREE : 14 :  M14_2    M9_43    F11_4
PEDIGREE : 14 :  M14_3    M9_43    F11_4
PEDIGREE : 14 :  M14_4    M9_43    F11_9
PEDIGREE : 14 :  M14_5    M9_43    F11_9
PEDIGREE : 14 :  F14_8    M10_44    F11_13
PEDIGREE : 14 :  F14_9    M10_44    F11_13
PEDIGREE : 14 :  F14_10    M10_44    F11_13
PEDIGREE : 14 :  F14_11    M10_44    F11_13
PEDIGREE : 14 :  F14_12    M10_44    F11_13
PEDIGREE : 14 :  F14_13    M12_22    F11_16
PEDIGREE : 14 :  F14_14    M12_22    F11_16
PEDIGREE : 14 :  F14_15    M12_22    F11_16
PEDIGREE : 14 :  F14_16    M10_44    F11_18
PEDIGREE : 14 :  M14_6    M10_44    F11_18
PEDIGREE : 14 :  M14_7    M10_44    F11_18
PEDIGREE : 14 :  M14_8    M10_44    F11_18
PEDIGREE : 14 :  M14_9    M10_44    F11_18
PEDIGREE : 14 :  F14_17    M12_22    F11_31
PEDIGREE : 14 :  M14_10    M12_17    F10_4
PEDIGREE : 14 :  M14_11    M12_17    F10_4
PEDIGREE : 14 :  M14_12    M12_17    F10_4
PEDIGREE : 14 :  M14_13    M12_17    F10_4
PEDIGREE : 14 :  M14_14    M12_17    F10_4
PEDIGREE : 14 :  F14_18    M11_21    F10_19
PEDIGREE : 14 :  M14_15    M11_21    F10_19
PEDIGREE : 14 :  M14_16    M11_21    F10_19
PEDIGREE : 14 :  F14_19    M10_6    F10_26
PEDIGREE : 14 :  F14_20    M10_6    F10_26
PEDIGREE : 14 :  F14_21    M10_6    F10_26
PEDIGREE : 14 :  F14_22    M10_6    F10_26
PEDIGREE : 14 :  F14_23    M10_6    F10_26
PEDIGREE : 14 :  M14_17    M10_6    F10_26
PEDIGREE : 14 :  M14_18    M10_6    F10_26
PEDIGREE : 14 :  M14_19    M10_6    F10_26
PEDIGREE : 14 :  F14_24    M10_33    F10_36
PEDIGREE : 14 :  F14_25    M10_33    F10_36
PEDIGREE : 14 :  F14_26    M10_33    F10_36
PEDIGREE : 14 :  F14_27    M10_33    F10_36
PEDIGREE : 14 :  F14_28    M10_33    F10_36
PEDIGREE : 14 :  M14_20    M10_33    F10_36
PEDIGREE : 14 :  F14_29    M9_43    F10_40
PEDIGREE : 14 :  F14_30    M9_43    F10_40
PEDIGREE : 14 :  F14_31    M9_43    F10_40
PEDIGREE : 14 :  F14_32    M9_43    F10_40
PEDIGREE : 14 :  M14_21    M9_43    F10_40
PEDIGREE : 14 :  F14_33    M11_9    F10_45
PEDIGREE : 14 :  F14_34    M11_9    F10_45
PEDIGREE : 14 :  F14_35    M11_9    F10_45
PEDIGREE : 14 :  F14_36    M9_5    F10_49
PEDIGREE : 14 :  F14_37    M9_5    F10_49
PEDIGREE : 14 :  F14_38    M9_5    F10_49
PEDIGREE : 14 :  M14_22    M9_5    F10_49
PEDIGREE : 14 :  F14_39    M11_21    F9_30
PEDIGREE : 14 :  F14_40    M12_22    F9_40
PEDIGREE : 14 :  F14_41    M12_22    F9_40
PEDIGREE : 14 :  F14_42    M12_22    F9_40
PEDIGREE : 14 :  F14_43    M12_22    F9_40
PEDIGREE : 14 :  M14_23    M12_22    F9_40
PEDIGREE : 14 :  M14_24    M12_22    F9_40
VERBIAGE : Done with this generation
VERBIAGE :  Exiting MakeBabies()
POST_REPROD_CENSUS_AGES :           14  :	1	2	3	4	5
POST_REPROD_CENSUS_COUNTS : MALES  : 14  :	13	9	3	4	6
POST_REPROD_CENSUS_COUNTS : FEM    : 14  :	9	7	6	7	2
PREKILL_CENSUS_AGES :           15  :	0	1	2	3	4
PREKILL_CENSUS_COUNTS : MALES  : 15  :	25	13	9	3	4
PREKILL_CENSUS_COUNTS : FEM    : 15  :	44	9	7	6	7
POSTKILL_CENSUS_AGES :           15  :	1	2	3	4	5
POSTKILL_CENSUS_COUNTS : MALES  : 15  :	8	8	8	3	3
POSTKILL_CENSUS_COUNTS : FEM    : 15  :	15	1	6	6	4

VERBIAGE :   Entering MakeBabies : t=15     N=75
VERBIAGE :  Mean Num Offspring per Female  (NumFemalesRemaining) and [ProbOfReproducing] of Different Ages  : 0.000 ( 15 ) [ 0.000 ]    2.155 ( 1 ) [ 0.800 ]    5.388 ( 6 ) [ 1.000 ]    5.388 ( 6 ) [ 1.000 ]    4.310 ( 4 ) [ 0.500 ]    
PEDIGREE : 15 :  F15_0    M12_4    F12_5
PEDIGREE : 15 :  M15_0    M12_4    F12_5
PEDIGREE : 15 :  M15_1    M12_4    F12_5
PEDIGREE : 15 :  F15_1    M13_13    F12_10
PEDIGREE : 15 :  M15_2    M13_13    F12_10
PEDIGREE : 15 :  M15_3    M10_6    F12_13
PEDIGREE : 15 :  M15_4    M10_6    F12_13
PEDIGREE : 15 :  M15_5    M10_6    F12_13
PEDIGREE : 15 :  F15_2    M13_13    F12_25
PEDIGREE : 15 :  F15_3    M13_13    F12_25
PEDIGREE : 15 :  M15_6    M13_13    F12_25
PEDIGREE : 15 :  F15_4    M13_13    F12_30
PEDIGREE : 15 :  M15_7    M13_13    F12_30
PEDIGREE : 15 :  M15_8    M13_13    F12_30
PEDIGREE : 15 :  F15_5    M10_27    F12_32
PEDIGREE : 15 :  F15_6    M10_27    F12_32
PEDIGREE : 15 :  M15_9    M10_27    F12_32
PEDIGREE : 15 :  F15_7    M12_13    F11_4
PEDIGREE : 15 :  F15_8    M12_13    F11_4
PEDIGREE : 15 :  F15_9    M12_13    F11_4
PEDIGREE : 15 :  M15_10    M12_13    F11_4
PEDIGREE : 15 :  M15_11    M12_13    F11_4
PEDIGREE : 15 :  M15_12    M12_13    F11_4
PEDIGREE : 15 :  F15_10    M11_21    F11_9
PEDIGREE : 15 :  M15_13    M11_21    F11_9
PEDIGREE : 15 :  M15_14    M11_21    F11_9
PEDIGREE : 15 :  M15_15    M11_21    F11_9
PEDIGREE : 15 :  M15_16    M11_21    F11_9
PEDIGREE : 15 :  M15_17    M11_21    F11_9
PEDIGREE : 15 :  M15_18    M11_21    F11_9
PEDIGREE : 15 :  M15_19    M11_21    F11_9
PEDIGREE : 15 :  M15_20    M11_21    F11_9
PEDIGREE : 15 :  F15_11    M12_17    F11_13
PEDIGREE : 15 :  M15_21    M12_17    F11_13
PEDIGREE : 15 :  M15_22    M12_17    F11_13
PEDIGREE : 15 :  M15_23    M12_17    F11_13
PEDIGREE : 15 :  F15_12    M13_34    F11_16
PEDIGREE : 15 :  F15_13    M13_34    F11_16
PEDIGREE : 15 :  F15_14    M13_34    F11_16
PEDIGREE : 15 :  F15_15    M13_34    F11_16
PEDIGREE : 15 :  M15_24    M13_34    F11_16
PEDIGREE : 15 :  M15_25    M13_34    F11_16
PEDIGREE : 15 :  M15_26    M13_34    F11_16
PEDIGREE : 15 :  F15_16    M12_17    F11_18
PEDIGREE : 15 :  F15_17    M12_17    F11_18
PEDIGREE : 15 :  F15_18    M12_17    F11_18
PEDIGREE : 15 :  F15_19    M12_17    F11_18
PEDIGREE : 15 :  M15_27    M12_17    F11_18
PEDIGREE : 15 :  M15_28    M12_17    F11_18
PEDIGREE : 15 :  F15_20    M11_25    F11_31
PEDIGREE : 15 :  F15_21    M11_25    F11_31
PEDIGREE : 15 :  F15_22    M11_25    F11_31
PEDIGREE : 15 :  F15_23    M11_25    F11_31
PEDIGREE : 15 :  M15_29    M11_25    F11_31
PEDIGREE : 15 :  M15_30    M11_25    F11_31
PEDIGREE : 15 :  F15_24    M11_9    F10_19
PEDIGREE : 15 :  F15_25    M11_9    F10_19
PEDIGREE : 15 :  F15_26    M11_9    F10_19
PEDIGREE : 15 :  M15_31    M11_9    F10_19
PEDIGREE : 15 :  F15_27    M12_24    F10_45
PEDIGREE : 15 :  F15_28    M12_24    F10_45
PEDIGREE : 15 :  M15_32    M12_24    F10_45
PEDIGREE : 15 :  M15_33    M12_24    F10_45
PEDIGREE : 15 :  M15_34    M12_24    F10_45
VERBIAGE : Done with this generation
VERBIAGE :  Exiting MakeBabies()
POST_REPROD_CENSUS_AGES :           15  :	1	2	3	4	5
POST_REPROD_CENSUS_COUNTS : MALES  : 15  :	8	8	8	3	3
POST_REPROD_CENSUS_COUNTS : FEM    : 15  :	15	1	6	6	4
PREKILL_CENSUS_AGES :           16  :	0	1	2	3	4
PREKILL_CENSUS_COUNTS : MALES  : 16  :	35	8	8	8	3
PREKILL_CENSUS_COUNTS : FEM    : 16  :	29	15	1	6	6
POSTKILL_CENSUS_AGES :           16  :	1	2	3	4	5
POSTKILL_CENSUS_COUNTS : MALES  : 16  :	16	2	7	7	2
POSTKILL_CENSUS_COUNTS : FEM    : 16  :	10	8	1	6	3

VERBIAGE :   Entering MakeBabies : t=16     N=75
VERBIAGE :  Mean Num Offspring per Female  (NumFemalesRemaining) and [ProbOfReproducing] of Different Ages  : 0.000 ( 10 ) [ 0.000 ]    2.788 ( 8 ) [ 0.800 ]    6.970 ( 1 ) [ 1.000 ]    6.970 ( 6 ) [ 1.000 ]    5.576 ( 3 ) [ 0.500 ]    
PEDIGREE : 16 :  F16_0    M13_32    F14_14
PEDIGREE : 16 :  F16_1    M13_32    F14_14
PEDIGREE : 16 :  M16_0    M13_32    F14_14
PEDIGREE : 16 :  M16_1    M13_32    F14_14
PEDIGREE : 16 :  M16_2    M13_32    F14_14
PEDIGREE : 16 :  M16_3    M13_32    F14_14
PEDIGREE : 16 :  F16_2    M13_9    F14_25
PEDIGREE : 16 :  F16_3    M13_9    F14_25
PEDIGREE : 16 :  M16_4    M13_9    F14_25
PEDIGREE : 16 :  M16_5    M13_9    F14_25
PEDIGREE : 16 :  M16_6    M13_9    F14_25
PEDIGREE : 16 :  F16_4    M12_24    F14_34
PEDIGREE : 16 :  M16_7    M12_24    F14_34
PEDIGREE : 16 :  M16_8    M12_24    F14_34
PEDIGREE : 16 :  F16_5    M12_4    F14_37
PEDIGREE : 16 :  F16_6    M12_4    F14_37
PEDIGREE : 16 :  M16_9    M12_4    F14_37
PEDIGREE : 16 :  M16_10    M12_4    F14_37
PEDIGREE : 16 :  F16_7    M12_24    F14_39
PEDIGREE : 16 :  F16_8    M12_24    F14_39
PEDIGREE : 16 :  F16_9    M13_32    F14_40
PEDIGREE : 16 :  F16_10    M13_32    F14_40
PEDIGREE : 16 :  F16_11    M13_34    F14_43
PEDIGREE : 16 :  M16_11    M13_34    F14_43
PEDIGREE : 16 :  F16_12    M12_13    F13_28
PEDIGREE : 16 :  F16_13    M12_13    F13_28
PEDIGREE : 16 :  F16_14    M12_13    F13_28
PEDIGREE : 16 :  M16_12    M12_13    F13_28
PEDIGREE : 16 :  M16_13    M12_13    F13_28
PEDIGREE : 16 :  M16_14    M12_13    F13_28
PEDIGREE : 16 :  F16_15    M12_16    F12_5
PEDIGREE : 16 :  F16_16    M12_16    F12_5
PEDIGREE : 16 :  F16_17    M12_16    F12_5
PEDIGREE : 16 :  F16_18    M12_16    F12_5
PEDIGREE : 16 :  F16_19    M12_16    F12_5
PEDIGREE : 16 :  M16_15    M12_16    F12_5
PEDIGREE : 16 :  M16_16    M12_16    F12_5
PEDIGREE : 16 :  M16_17    M12_16    F12_5
PEDIGREE : 16 :  F16_20    M12_4    F12_10
PEDIGREE : 16 :  F16_21    M12_4    F12_10
PEDIGREE : 16 :  F16_22    M12_4    F12_10
PEDIGREE : 16 :  M16_18    M12_4    F12_10
PEDIGREE : 16 :  M16_19    M12_4    F12_10
PEDIGREE : 16 :  M16_20    M12_4    F12_10
PEDIGREE : 16 :  F16_23    M12_4    F12_13
PEDIGREE : 16 :  F16_24    M12_4    F12_13
PEDIGREE : 16 :  F16_25    M12_4    F12_13
PEDIGREE : 16 :  F16_26    M12_4    F12_13
PEDIGREE : 16 :  F16_27    M12_4    F12_13
PEDIGREE : 16 :  M16_21    M12_4    F12_13
PEDIGREE : 16 :  M16_22    M12_4    F12_13
PEDIGREE : 16 :  M16_23    M12_4    F12_13
PEDIGREE : 16 :  M16_24    M12_4    F12_13
PEDIGREE : 16 :  M16_25    M12_4    F12_13
PEDIGREE : 16 :  M16_26    M12_4    F12_13
PEDIGREE : 16 :  M16_27    M12_4    F12_13
PEDIGREE : 16 :  M16_28    M12_4    F12_13
PEDIGREE : 16 :  F16_28    M13_34    F12_25
PEDIGREE : 16 :  F16_29    M13_34    F12_25
PEDIGREE : 16 :  F16_30    M13_34    F12_25
PEDIGREE : 16 :  F16_31    M13_34    F12_25
PEDIGREE : 16 :  M16_29    M13_34    F12_25
PEDIGREE : 16 :  M16_30    M13_34    F12_25
PEDIGREE : 16 :  M16_31    M13_34    F12_25
PEDIGREE : 16 :  F16_32    M12_4    F12_30
PEDIGREE : 16 :  M16_32    M12_4    F12_30
PEDIGREE : 16 :  M16_33    M12_4    F12_30
PEDIGREE : 16 :  M16_34    M12_4    F12_30
PEDIGREE : 16 :  M16_35    M12_4    F12_30
PEDIGREE : 16 :  M16_36    M12_4    F12_30
PEDIGREE : 16 :  F16_33    M12_13    F12_32
PEDIGREE : 16 :  F16_34    M12_13    F12_32
PEDIGREE : 16 :  M16_37    M12_13    F12_32
PEDIGREE : 16 :  M16_38    M12_13    F12_32
PEDIGREE : 16 :  M16_39    M12_13    F12_32
PEDIGREE : 16 :  M16_40    M12_13    F12_32
PEDIGREE : 16 :  F16_35    M13_34    F11_16
PEDIGREE : 16 :  M16_41    M13_34    F11_16
PEDIGREE : 16 :  M16_42    M13_34    F11_16
PEDIGREE : 16 :  M16_43    M13_34    F11_16
PEDIGREE : 16 :  F16_36    M12_16    F11_31
PEDIGREE : 16 :  M16_44    M12_16    F11_31
PEDIGREE : 16 :  M16_45    M12_16    F11_31
PEDIGREE : 16 :  M16_46    M12_16    F11_31
VERBIAGE : Done with this generation
VERBIAGE :  Exiting MakeBabies()
POST_REPROD_CENSUS_AGES :           16  :	1	2	3	4	5
POST_REPROD_CENSUS_COUNTS : MALES  : 16  :	16	2	7	7	2
POST_REPROD_CENSUS_COUNTS : FEM    : 16  :	10	8	1	6	3
PREKILL_CENSUS_AGES :           17  :	0	1	2	3	4
PREKILL_CENSUS_COUNTS : MALES  : 17  :	47	16	2	7	7
PREKILL_CENSUS_COUNTS : FEM    : 17  :	37	10	8	1	6
POSTKILL_CENSUS_AGES :           17  :	1	2	3	4	5
POSTKILL_CENSUS_COUNTS : MALES  : 17  :	14	7	2	4	3
POSTKILL_CENSUS_COUNTS : FEM    : 17  :	17	4	8	0	4

VERBIAGE :   Entering MakeBabies : t=17     N=75
VERBIAGE :  Mean Num Offspring per Female  (NumFemalesRemaining) and [ProbOfReproducing] of Different Ages  : 0.000 ( 17 ) [ 0.000 ]    2.757 ( 4 ) [ 0.800 ]    6.893 ( 8 ) [ 1.000 ]    6.893 ( 0 ) [ 1.000 ]    5.515 ( 4 ) [ 0.500 ]    
PEDIGREE : 17 :  F17_0    M15_32    F15_22
PEDIGREE : 17 :  M17_0    M15_32    F15_22
PEDIGREE : 17 :  M17_1    M15_32    F15_22
PEDIGREE : 17 :  F17_1    M12_24    F15_23
PEDIGREE : 17 :  F17_2    M12_24    F15_23
PEDIGREE : 17 :  M17_2    M12_24    F15_23
PEDIGREE : 17 :  F17_3    M14_24    F14_14
PEDIGREE : 17 :  M17_3    M14_24    F14_14
PEDIGREE : 17 :  M17_4    M14_24    F14_14
PEDIGREE : 17 :  M17_5    M14_24    F14_14
PEDIGREE : 17 :  M17_6    M14_24    F14_14
PEDIGREE : 17 :  M17_7    M14_24    F14_14
PEDIGREE : 17 :  F17_4    M13_13    F14_19
PEDIGREE : 17 :  F17_5    M13_13    F14_19
PEDIGREE : 17 :  M17_8    M13_13    F14_19
PEDIGREE : 17 :  M17_9    M13_13    F14_19
PEDIGREE : 17 :  M17_10    M13_13    F14_19
PEDIGREE : 17 :  M17_11    M13_13    F14_19
PEDIGREE : 17 :  M17_12    M13_13    F14_19
PEDIGREE : 17 :  M17_13    M13_13    F14_19
PEDIGREE : 17 :  F17_6    M13_24    F14_25
PEDIGREE : 17 :  F17_7    M13_24    F14_25
PEDIGREE : 17 :  F17_8    M13_24    F14_25
PEDIGREE : 17 :  F17_9    M13_24    F14_25
PEDIGREE : 17 :  F17_10    M13_24    F14_25
PEDIGREE : 17 :  M17_14    M13_24    F14_25
PEDIGREE : 17 :  M17_15    M13_24    F14_25
PEDIGREE : 17 :  F17_11    M13_13    F14_34
PEDIGREE : 17 :  M17_16    M13_13    F14_34
PEDIGREE : 17 :  M17_17    M13_13    F14_34
PEDIGREE : 17 :  F17_12    M13_13    F14_37
PEDIGREE : 17 :  F17_13    M13_13    F14_37
PEDIGREE : 17 :  F17_14    M13_13    F14_37
PEDIGREE : 17 :  M17_18    M13_13    F14_37
PEDIGREE : 17 :  M17_19    M13_13    F14_37
PEDIGREE : 17 :  M17_20    M13_13    F14_37
PEDIGREE : 17 :  M17_21    M13_13    F14_37
PEDIGREE : 17 :  F17_15    M15_32    F14_39
PEDIGREE : 17 :  F17_16    M15_32    F14_39
PEDIGREE : 17 :  F17_17    M15_32    F14_39
PEDIGREE : 17 :  M17_22    M15_32    F14_39
PEDIGREE : 17 :  M17_23    M15_32    F14_39
PEDIGREE : 17 :  M17_24    M15_32    F14_39
PEDIGREE : 17 :  F17_18    M15_28    F14_40
PEDIGREE : 17 :  F17_19    M15_28    F14_40
PEDIGREE : 17 :  M17_25    M15_28    F14_40
PEDIGREE : 17 :  M17_26    M15_28    F14_40
PEDIGREE : 17 :  M17_27    M15_28    F14_40
PEDIGREE : 17 :  F17_20    M13_24    F14_43
PEDIGREE : 17 :  F17_21    M13_24    F14_43
PEDIGREE : 17 :  F17_22    M13_24    F14_43
PEDIGREE : 17 :  F17_23    M13_24    F14_43
PEDIGREE : 17 :  M17_28    M13_24    F14_43
PEDIGREE : 17 :  M17_29    M13_24    F14_43
PEDIGREE : 17 :  M17_30    M13_24    F14_43
PEDIGREE : 17 :  F17_24    M13_24    F12_25
PEDIGREE : 17 :  F17_25    M13_24    F12_25
PEDIGREE : 17 :  F17_26    M13_24    F12_25
PEDIGREE : 17 :  F17_27    M13_24    F12_25
PEDIGREE : 17 :  M17_31    M13_24    F12_25
PEDIGREE : 17 :  M17_32    M13_24    F12_25
PEDIGREE : 17 :  M17_33    M13_24    F12_25
PEDIGREE : 17 :  M17_34    M13_24    F12_25
PEDIGREE : 17 :  M17_35    M13_24    F12_25
VERBIAGE : Done with this generation
VERBIAGE :  Exiting MakeBabies()
POST_REPROD_CENSUS_AGES :           17  :	1	2	3	4	5
POST_REPROD_CENSUS_COUNTS : MALES  : 17  :	14	7	2	4	3
POST_REPROD_CENSUS_COUNTS : FEM    : 17  :	17	4	8	0	4
PREKILL_CENSUS_AGES :           18  :	0	1	2	3	4
PREKILL_CENSUS_COUNTS : MALES  : 18  :	36	14	7	2	4
PREKILL_CENSUS_COUNTS : FEM    : 18  :	28	17	4	8	0
POSTKILL_CENSUS_AGES :           18  :	1	2	3	4	5
POSTKILL_CENSUS_COUNTS : MALES  : 18  :	15	8	3	2	3
POSTKILL_CENSUS_COUNTS : FEM    : 18  :	13	9	4	8	0

VERBIAGE :   Entering MakeBabies : t=18     N=75
VERBIAGE :  Mean Num Offspring per Female  (NumFemalesRemaining) and [ProbOfReproducing] of Different Ages  : 0.000 ( 13 ) [ 0.000 ]    2.016 ( 9 ) [ 0.800 ]    5.040 ( 4 ) [ 1.000 ]    5.040 ( 8 ) [ 1.000 ]    4.032 ( 0 ) [ 0.500 ]    
PEDIGREE : 18 :  F18_0    M16_32    F16_5
PEDIGREE : 18 :  F18_1    M16_32    F16_7
PEDIGREE : 18 :  M18_0    M16_32    F16_7
PEDIGREE : 18 :  F18_2    M16_24    F16_13
PEDIGREE : 18 :  F18_3    M16_24    F16_13
PEDIGREE : 18 :  M18_1    M16_24    F16_13
PEDIGREE : 18 :  F18_4    M15_0    F16_28
PEDIGREE : 18 :  F18_5    M16_32    F16_31
PEDIGREE : 18 :  M18_2    M16_32    F16_31
PEDIGREE : 18 :  F18_6    M14_24    F15_22
PEDIGREE : 18 :  F18_7    M14_24    F15_22
PEDIGREE : 18 :  F18_8    M14_24    F15_22
PEDIGREE : 18 :  F18_9    M14_24    F15_22
PEDIGREE : 18 :  F18_10    M14_24    F15_22
PEDIGREE : 18 :  F18_11    M14_24    F15_22
PEDIGREE : 18 :  M18_3    M14_24    F15_22
PEDIGREE : 18 :  M18_4    M14_24    F15_22
PEDIGREE : 18 :  F18_12    M15_0    F15_23
PEDIGREE : 18 :  F18_13    M15_0    F15_23
PEDIGREE : 18 :  F18_14    M15_0    F15_23
PEDIGREE : 18 :  M18_5    M15_0    F15_23
PEDIGREE : 18 :  M18_6    M15_0    F15_23
PEDIGREE : 18 :  M18_7    M15_0    F15_23
PEDIGREE : 18 :  F18_15    M16_32    F15_24
PEDIGREE : 18 :  F18_16    M16_32    F15_24
PEDIGREE : 18 :  M18_8    M16_32    F15_24
PEDIGREE : 18 :  M18_9    M16_32    F15_24
PEDIGREE : 18 :  F18_17    M15_0    F15_28
PEDIGREE : 18 :  F18_18    M15_0    F15_28
PEDIGREE : 18 :  F18_19    M15_0    F15_28
PEDIGREE : 18 :  F18_20    M15_0    F15_28
PEDIGREE : 18 :  F18_21    M15_0    F15_28
PEDIGREE : 18 :  F18_22    M15_0    F15_28
PEDIGREE : 18 :  F18_23    M15_0    F15_28
PEDIGREE : 18 :  F18_24    M15_0    F15_28
PEDIGREE : 18 :  M18_10    M15_0    F15_28
PEDIGREE : 18 :  M18_11    M15_0    F15_28
PEDIGREE : 18 :  M18_12    M15_0    F15_28
PEDIGREE : 18 :  F18_25    M15_15    F14_14
PEDIGREE : 18 :  F18_26    M15_15    F14_14
PEDIGREE : 18 :  M18_13    M15_15    F14_14
PEDIGREE : 18 :  F18_27    M15_0    F14_19
PEDIGREE : 18 :  F18_28    M15_0    F14_19
PEDIGREE : 18 :  F18_29    M15_0    F14_19
PEDIGREE : 18 :  F18_30    M15_0    F14_19
PEDIGREE : 18 :  M18_14    M15_0    F14_19
PEDIGREE : 18 :  M18_15    M15_0    F14_19
PEDIGREE : 18 :  M18_16    M15_0    F14_19
PEDIGREE : 18 :  F18_31    M16_30    F14_25
PEDIGREE : 18 :  F18_32    M16_30    F14_25
PEDIGREE : 18 :  F18_33    M16_30    F14_25
PEDIGREE : 18 :  F18_34    M16_30    F14_25
PEDIGREE : 18 :  M18_17    M16_30    F14_25
PEDIGREE : 18 :  M18_18    M16_30    F14_25
PEDIGREE : 18 :  F18_35    M15_0    F14_34
PEDIGREE : 18 :  M18_19    M15_0    F14_34
PEDIGREE : 18 :  M18_20    M15_0    F14_34
PEDIGREE : 18 :  M18_21    M15_0    F14_34
PEDIGREE : 18 :  M18_22    M15_0    F14_34
PEDIGREE : 18 :  M18_23    M15_0    F14_34
PEDIGREE : 18 :  F18_36    M14_24    F14_37
PEDIGREE : 18 :  F18_37    M14_24    F14_37
PEDIGREE : 18 :  F18_38    M14_24    F14_37
PEDIGREE : 18 :  F18_39    M14_24    F14_37
PEDIGREE : 18 :  F18_40    M14_24    F14_37
PEDIGREE : 18 :  M18_24    M14_24    F14_37
PEDIGREE : 18 :  M18_25    M14_24    F14_37
PEDIGREE : 18 :  M18_26    M14_24    F14_37
PEDIGREE : 18 :  F18_41    M14_24    F14_39
PEDIGREE : 18 :  F18_42    M14_24    F14_39
PEDIGREE : 18 :  F18_43    M14_24    F14_39
PEDIGREE : 18 :  F18_44    M16_14    F14_40
PEDIGREE : 18 :  M18_27    M16_14    F14_40
PEDIGREE : 18 :  M18_28    M16_14    F14_40
PEDIGREE : 18 :  F18_45    M15_15    F14_43
PEDIGREE : 18 :  F18_46    M15_15    F14_43
PEDIGREE : 18 :  F18_47    M15_15    F14_43
PEDIGREE : 18 :  M18_29    M15_15    F14_43
VERBIAGE : Done with this generation
VERBIAGE :  Exiting MakeBabies()
POST_REPROD_CENSUS_AGES :           18  :	1	2	3	4	5
POST_REPROD_CENSUS_COUNTS : MALES  : 18  :	15	8	3	2	3
POST_REPROD_CENSUS_COUNTS : FEM    : 18  :	13	9	4	8	0
PREKILL_CENSUS_AGES :           19  :	0	1	2	3	4
PREKILL_CENSUS_COUNTS : MALES  : 19  :	30	15	8	3	2
PREKILL_CENSUS_COUNTS : FEM    : 19  :	48	13	9	4	8
POSTKILL_CENSUS_AGES :           19  :	1	2	3	4	5
POSTKILL_CENSUS_COUNTS : MALES  : 19  :	14	9	8	3	1
POSTKILL_CENSUS_COUNTS : FEM    : 19  :	20	5	8	4	4

VERBIAGE :   Entering MakeBabies : t=19     N=75
VERBIAGE :  Mean Num Offspring per Female  (NumFemalesRemaining) and [ProbOfReproducing] of Different Ages  : 0.000 ( 20 ) [ 0.000 ]    1.974 ( 5 ) [ 0.800 ]    4.934 ( 8 ) [ 1.000 ]    4.934 ( 4 ) [ 1.000 ]    3.947 ( 4 ) [ 0.500 ]    
PEDIGREE : 19 :  F19_0    M17_15    F17_14
PEDIGREE : 19 :  M19_0    M17_15    F17_14
PEDIGREE : 19 :  F19_1    M16_27    F17_21
PEDIGREE : 19 :  F19_2    M16_27    F17_21
PEDIGREE : 19 :  M19_1    M16_27    F17_21
PEDIGREE : 19 :  M19_2    M16_27    F17_21
PEDIGREE : 19 :  M19_3    M16_27    F17_21
PEDIGREE : 19 :  M19_4    M16_27    F17_21
PEDIGREE : 19 :  F19_3    M17_18    F17_24
PEDIGREE : 19 :  M19_5    M17_18    F17_24
PEDIGREE : 19 :  F19_4    M16_19    F16_7
PEDIGREE : 19 :  M19_6    M16_19    F16_7
PEDIGREE : 19 :  M19_7    M16_19    F16_7
PEDIGREE : 19 :  M19_8    M16_19    F16_7
PEDIGREE : 19 :  M19_9    M17_18    F16_8
PEDIGREE : 19 :  M19_10    M17_18    F16_8
PEDIGREE : 19 :  M19_11    M17_18    F16_8
PEDIGREE : 19 :  M19_12    M17_18    F16_8
PEDIGREE : 19 :  F19_5    M15_15    F16_13
PEDIGREE : 19 :  F19_6    M15_15    F16_13
PEDIGREE : 19 :  F19_7    M15_15    F16_13
PEDIGREE : 19 :  M19_13    M15_15    F16_13
PEDIGREE : 19 :  M19_14    M16_19    F16_26
PEDIGREE : 19 :  M19_15    M16_19    F16_26
PEDIGREE : 19 :  M19_16    M16_19    F16_26
PEDIGREE : 19 :  F19_8    M16_27    F16_28
PEDIGREE : 19 :  M19_17    M16_27    F16_28
PEDIGREE : 19 :  F19_9    M17_10    F16_31
PEDIGREE : 19 :  F19_10    M17_10    F16_31
PEDIGREE : 19 :  F19_11    M16_27    F16_32
PEDIGREE : 19 :  F19_12    M16_27    F16_32
PEDIGREE : 19 :  M19_18    M16_27    F16_32
PEDIGREE : 19 :  M19_19    M16_27    F16_32
PEDIGREE : 19 :  F19_13    M16_21    F16_36
PEDIGREE : 19 :  F19_14    M16_21    F16_36
PEDIGREE : 19 :  M19_20    M16_21    F16_36
PEDIGREE : 19 :  M19_21    M16_21    F16_36
PEDIGREE : 19 :  F19_15    M15_15    F15_22
PEDIGREE : 19 :  F19_16    M15_15    F15_22
PEDIGREE : 19 :  F19_17    M15_15    F15_22
PEDIGREE : 19 :  F19_18    M15_15    F15_22
PEDIGREE : 19 :  M19_22    M15_15    F15_22
PEDIGREE : 19 :  M19_23    M15_15    F15_22
PEDIGREE : 19 :  M19_24    M15_15    F15_22
PEDIGREE : 19 :  M19_25    M15_15    F15_22
PEDIGREE : 19 :  F19_19    M15_15    F15_23
PEDIGREE : 19 :  F19_20    M15_15    F15_23
PEDIGREE : 19 :  M19_26    M15_15    F15_23
PEDIGREE : 19 :  M19_27    M15_15    F15_23
PEDIGREE : 19 :  F19_21    M16_21    F15_24
PEDIGREE : 19 :  F19_22    M16_21    F15_24
PEDIGREE : 19 :  F19_23    M16_21    F15_24
PEDIGREE : 19 :  M19_28    M16_21    F15_24
PEDIGREE : 19 :  F19_24    M16_27    F15_28
PEDIGREE : 19 :  F19_25    M16_27    F15_28
PEDIGREE : 19 :  F19_26    M16_27    F15_28
PEDIGREE : 19 :  F19_27    M16_27    F15_28
PEDIGREE : 19 :  M19_29    M16_27    F15_28
PEDIGREE : 19 :  M19_30    M16_27    F15_28
PEDIGREE : 19 :  M19_31    M16_27    F15_28
PEDIGREE : 19 :  F19_28    M16_14    F14_14
PEDIGREE : 19 :  F19_29    M16_14    F14_14
PEDIGREE : 19 :  F19_30    M16_14    F14_25
PEDIGREE : 19 :  M19_32    M16_14    F14_25
PEDIGREE : 19 :  F19_31    M16_32    F14_43
PEDIGREE : 19 :  M19_33    M16_32    F14_43
VERBIAGE : Done with this generation
VERBIAGE :  Exiting MakeBabies()
POST_REPROD_CENSUS_AGES :           19  :	1	2	3	4	5
POST_REPROD_CENSUS_COUNTS : MALES  : 19  :	14	9	8	3	1
POST_REPROD_CENSUS_COUNTS : FEM    : 19  :	20	5	8	4	4
PREKILL_CENSUS_AGES :           20  :	0	1	2	3	4
PREKILL_CENSUS_COUNTS : MALES  : 20  :	34	14	9	8	3
PREKILL_CENSUS_COUNTS : FEM    : 20  :	32	20	5	8	4
POSTKILL_CENSUS_AGES :           20  :	1	2	3	4	5
POSTKILL_CENSUS_COUNTS : MALES  : 20  :	19	8	8	7	2
POSTKILL_CENSUS_COUNTS : FEM    : 20  :	17	12	4	7	4

VERBIAGE :   Entering MakeBabies : t=20     N=75
VERBIAGE :  Mean Num Offspring per Female  (NumFemalesRemaining) and [ProbOfReproducing] of Different Ages  : 0.000 ( 17 ) [ 0.000 ]    1.825 ( 12 ) [ 0.800 ]    4.562 ( 4 ) [ 1.000 ]    4.562 ( 7 ) [ 1.000 ]    3.650 ( 4 ) [ 0.500 ]    
PEDIGREE : 20 :  M20_0    M17_3    F18_7
PEDIGREE : 20 :  F20_0    M16_21    F18_17
PEDIGREE : 20 :  M20_1    M16_33    F18_18
PEDIGREE : 20 :  M20_2    M16_21    F18_19
PEDIGREE : 20 :  F20_1    M15_0    F18_23
PEDIGREE : 20 :  F20_2    M15_0    F18_23
PEDIGREE : 20 :  F20_3    M17_13    F18_26
PEDIGREE : 20 :  F20_4    M17_13    F18_26
PEDIGREE : 20 :  F20_5    M17_13    F18_26
PEDIGREE : 20 :  M20_3    M17_13    F18_26
PEDIGREE : 20 :  M20_4    M17_13    F18_26
PEDIGREE : 20 :  M20_5    M18_25    F18_35
PEDIGREE : 20 :  M20_6    M18_24    F18_36
PEDIGREE : 20 :  M20_7    M18_24    F18_36
PEDIGREE : 20 :  F20_6    M17_3    F18_44
PEDIGREE : 20 :  F20_7    M17_3    F18_44
PEDIGREE : 20 :  F20_8    M17_3    F18_44
PEDIGREE : 20 :  M20_8    M17_3    F18_44
PEDIGREE : 20 :  M20_9    M16_27    F18_46
PEDIGREE : 20 :  M20_10    M16_27    F18_46
PEDIGREE : 20 :  F20_9    M17_30    F17_8
PEDIGREE : 20 :  F20_10    M17_30    F17_8
PEDIGREE : 20 :  M20_11    M17_30    F17_8
PEDIGREE : 20 :  M20_12    M17_30    F17_8
PEDIGREE : 20 :  F20_11    M17_10    F17_16
PEDIGREE : 20 :  F20_12    M17_10    F17_16
PEDIGREE : 20 :  F20_13    M17_10    F17_16
PEDIGREE : 20 :  M20_13    M17_10    F17_16
PEDIGREE : 20 :  M20_14    M17_10    F17_16
PEDIGREE : 20 :  M20_15    M17_10    F17_16
PEDIGREE : 20 :  F20_14    M18_11    F17_21
PEDIGREE : 20 :  F20_15    M18_11    F17_21
PEDIGREE : 20 :  F20_16    M18_11    F17_21
PEDIGREE : 20 :  M20_16    M18_11    F17_21
PEDIGREE : 20 :  M20_17    M18_11    F17_21
PEDIGREE : 20 :  F20_17    M17_20    F17_24
PEDIGREE : 20 :  F20_18    M17_20    F17_24
PEDIGREE : 20 :  F20_19    M17_20    F17_24
PEDIGREE : 20 :  F20_20    M17_20    F17_24
PEDIGREE : 20 :  F20_21    M17_20    F17_24
PEDIGREE : 20 :  M20_18    M17_20    F17_24
PEDIGREE : 20 :  M20_19    M17_20    F17_24
PEDIGREE : 20 :  F20_22    M17_24    F16_7
PEDIGREE : 20 :  F20_23    M17_24    F16_7
PEDIGREE : 20 :  M20_20    M17_24    F16_7
PEDIGREE : 20 :  F20_24    M16_24    F16_8
PEDIGREE : 20 :  F20_25    M16_24    F16_8
PEDIGREE : 20 :  M20_21    M16_24    F16_8
PEDIGREE : 20 :  F20_26    M16_14    F16_13
PEDIGREE : 20 :  F20_27    M16_14    F16_13
PEDIGREE : 20 :  F20_28    M16_14    F16_13
PEDIGREE : 20 :  M20_22    M16_14    F16_13
PEDIGREE : 20 :  M20_23    M16_14    F16_13
PEDIGREE : 20 :  M20_24    M16_14    F16_13
PEDIGREE : 20 :  F20_29    M17_21    F16_26
PEDIGREE : 20 :  F20_30    M17_21    F16_26
PEDIGREE : 20 :  F20_31    M17_21    F16_26
PEDIGREE : 20 :  M20_25    M17_21    F16_26
PEDIGREE : 20 :  F20_32    M17_21    F16_28
PEDIGREE : 20 :  F20_33    M17_21    F16_28
PEDIGREE : 20 :  F20_34    M17_21    F16_28
PEDIGREE : 20 :  M20_26    M17_21    F16_28
PEDIGREE : 20 :  M20_27    M17_21    F16_28
PEDIGREE : 20 :  M20_28    M17_21    F16_28
PEDIGREE : 20 :  M20_29    M16_14    F16_31
PEDIGREE : 20 :  M20_30    M16_14    F16_31
PEDIGREE : 20 :  M20_31    M16_14    F16_31
PEDIGREE : 20 :  M20_32    M16_14    F16_31
PEDIGREE : 20 :  F20_35    M17_10    F16_32
PEDIGREE : 20 :  M20_33    M17_10    F16_32
PEDIGREE : 20 :  F20_36    M16_14    F15_22
PEDIGREE : 20 :  M20_34    M16_14    F15_22
PEDIGREE : 20 :  M20_35    M16_14    F15_22
PEDIGREE : 20 :  F20_37    M16_27    F15_23
PEDIGREE : 20 :  M20_36    M16_27    F15_23
PEDIGREE : 20 :  M20_37    M16_27    F15_23
PEDIGREE : 20 :  M20_38    M16_27    F15_23
VERBIAGE : Done with this generation
VERBIAGE :  Exiting MakeBabies()
POST_REPROD_CENSUS_AGES :           20  :	1	2	3	4	5
POST_REPROD_CENSUS_COUNTS : MALES  : 20  :	19	8	8	7	2
POST_REPROD_CENSUS_COUNTS : FEM    : 20  :	17	12	4	7	4
PREKILL_CENSUS_AGES :           21  :	0	1	2	3	4
PREKILL_CENSUS_COUNTS : MALES  : 21  :	39	19	8	8	7
PREKILL_CENSUS_COUNTS : FEM    : 21  :	38	17	12	4	7
POSTKILL_CENSUS_AGES :           21  :	1	2	3	4	5
POSTKILL_CENSUS_COUNTS : MALES  : 21  :	12	11	7	8	3
POSTKILL_CENSUS_COUNTS : FEM    : 21  :	18	8	12	3	5

VERBIAGE :   Entering MakeBabies : t=21     N=75
VERBIAGE :  Mean Num Offspring per Female  (NumFemalesRemaining) and [ProbOfReproducing] of Different Ages  : 0.000 ( 18 ) [ 0.000 ]    1.534 ( 8 ) [ 0.800 ]    3.834 ( 12 ) [ 1.000 ]    3.834 ( 3 ) [ 1.000 ]    3.067 ( 5 ) [ 0.500 ]    
PEDIGREE : 21 :  M21_0    M18_11    F19_7
PEDIGREE : 21 :  M21_1    M18_11    F19_7
PEDIGREE : 21 :  M21_2    M18_11    F19_7
PEDIGREE : 21 :  F21_0    M17_24    F19_8
PEDIGREE : 21 :  M21_3    M17_24    F19_8
PEDIGREE : 21 :  F21_1    M17_21    F19_20
PEDIGREE : 21 :  F21_2    M17_21    F19_20
PEDIGREE : 21 :  F21_3    M17_21    F19_20
PEDIGREE : 21 :  M21_4    M17_21    F19_20
PEDIGREE : 21 :  M21_5    M17_21    F19_20
PEDIGREE : 21 :  M21_6    M17_21    F19_20
PEDIGREE : 21 :  F21_4    M17_10    F19_23
PEDIGREE : 21 :  F21_5    M17_20    F18_7
PEDIGREE : 21 :  F21_6    M17_20    F18_7
PEDIGREE : 21 :  M21_7    M17_20    F18_7
PEDIGREE : 21 :  F21_7    M17_3    F18_17
PEDIGREE : 21 :  F21_8    M17_3    F18_17
PEDIGREE : 21 :  F21_9    M17_3    F18_17
PEDIGREE : 21 :  M21_8    M17_3    F18_17
PEDIGREE : 21 :  M21_9    M17_3    F18_17
PEDIGREE : 21 :  F21_10    M17_24    F18_18
PEDIGREE : 21 :  F21_11    M17_24    F18_18
PEDIGREE : 21 :  F21_12    M17_24    F18_18
PEDIGREE : 21 :  M21_10    M17_24    F18_18
PEDIGREE : 21 :  M21_11    M17_24    F18_18
PEDIGREE : 21 :  M21_12    M17_24    F18_18
PEDIGREE : 21 :  M21_13    M17_24    F18_18
PEDIGREE : 21 :  M21_14    M17_24    F18_18
PEDIGREE : 21 :  F21_13    M18_25    F18_19
PEDIGREE : 21 :  F21_14    M18_25    F18_19
PEDIGREE : 21 :  M21_15    M18_25    F18_19
PEDIGREE : 21 :  M21_16    M18_25    F18_19
PEDIGREE : 21 :  F21_15    M17_21    F18_21
PEDIGREE : 21 :  F21_16    M17_21    F18_21
PEDIGREE : 21 :  F21_17    M17_21    F18_21
PEDIGREE : 21 :  M21_17    M17_21    F18_21
PEDIGREE : 21 :  F21_18    M19_2    F18_23
PEDIGREE : 21 :  F21_19    M19_2    F18_23
PEDIGREE : 21 :  M21_18    M19_2    F18_23
PEDIGREE : 21 :  M21_19    M19_2    F18_23
PEDIGREE : 21 :  M21_20    M19_2    F18_23
PEDIGREE : 21 :  M21_21    M19_2    F18_23
PEDIGREE : 21 :  F21_20    M17_30    F18_26
PEDIGREE : 21 :  F21_21    M17_30    F18_26
PEDIGREE : 21 :  F21_22    M17_30    F18_26
PEDIGREE : 21 :  M21_22    M17_30    F18_26
PEDIGREE : 21 :  M21_23    M17_30    F18_26
PEDIGREE : 21 :  F21_23    M17_10    F18_35
PEDIGREE : 21 :  F21_24    M17_10    F18_35
PEDIGREE : 21 :  M21_24    M17_10    F18_35
PEDIGREE : 21 :  M21_25    M17_10    F18_35
PEDIGREE : 21 :  M21_26    M17_10    F18_35
PEDIGREE : 21 :  M21_27    M17_10    F18_35
PEDIGREE : 21 :  F21_25    M17_13    F18_36
PEDIGREE : 21 :  M21_28    M17_13    F18_36
PEDIGREE : 21 :  M21_29    M17_13    F18_36
PEDIGREE : 21 :  M21_30    M17_13    F18_36
PEDIGREE : 21 :  M21_31    M17_13    F18_36
PEDIGREE : 21 :  M21_32    M17_13    F18_36
PEDIGREE : 21 :  M21_33    M17_13    F18_36
PEDIGREE : 21 :  F21_26    M17_3    F18_41
PEDIGREE : 21 :  M21_34    M17_3    F18_41
PEDIGREE : 21 :  M21_35    M17_3    F18_41
PEDIGREE : 21 :  F21_27    M18_25    F18_44
PEDIGREE : 21 :  F21_28    M18_25    F18_44
PEDIGREE : 21 :  F21_29    M18_25    F18_44
PEDIGREE : 21 :  F21_30    M18_25    F18_44
PEDIGREE : 21 :  F21_31    M17_20    F18_46
PEDIGREE : 21 :  F21_32    M17_20    F18_46
PEDIGREE : 21 :  F21_33    M17_20    F18_46
PEDIGREE : 21 :  F21_34    M17_20    F18_46
PEDIGREE : 21 :  F21_35    M17_21    F17_16
PEDIGREE : 21 :  F21_36    M17_21    F17_16
PEDIGREE : 21 :  F21_37    M17_21    F17_16
PEDIGREE : 21 :  F21_38    M17_21    F17_16
PEDIGREE : 21 :  F21_39    M17_21    F17_16
PEDIGREE : 21 :  F21_40    M17_21    F17_16
PEDIGREE : 21 :  M21_36    M17_21    F17_16
PEDIGREE : 21 :  F21_41    M18_11    F17_21
PEDIGREE : 21 :  F21_42    M18_11    F17_21
PEDIGREE : 21 :  M21_37    M18_11    F17_21
PEDIGREE : 21 :  M21_38    M18_11    F17_21
PEDIGREE : 21 :  F21_43    M17_30    F17_24
PEDIGREE : 21 :  M21_39    M17_30    F17_24
PEDIGREE : 21 :  F21_44    M18_20    F16_8
PEDIGREE : 21 :  M21_40    M18_20    F16_8
PEDIGREE : 21 :  F21_45    M17_30    F16_13
PEDIGREE : 21 :  F21_46    M17_30    F16_13
PEDIGREE : 21 :  M21_41    M17_30    F16_13
PEDIGREE : 21 :  M21_42    M17_30    F16_13
PEDIGREE : 21 :  M21_43    M17_30    F16_13
PEDIGREE : 21 :  M21_44    M17_30    F16_13
PEDIGREE : 21 :  F21_47    M18_20    F16_26
PEDIGREE : 21 :  F21_48    M19_14    F16_28
PEDIGREE : 21 :  F21_49    M19_14    F16_28
VERBIAGE : Done with this generation
VERBIAGE :  Exiting MakeBabies()
POST_REPROD_CENSUS_AGES :           21  :	1	2	3	4	5
POST_REPROD_CENSUS_COUNTS : MALES  : 21  :	12	11	7	8	3
POST_REPROD_CENSUS_COUNTS : FEM    : 21  :	18	8	12	3	5
PREKILL_CENSUS_AGES :           22  :	0	1	2	3	4
PREKILL_CENSUS_COUNTS : MALES  : 22  :	45	12	11	7	8
PREKILL_CENSUS_COUNTS : FEM    : 22  :	50	18	8	12	3
POSTKILL_CENSUS_AGES :           22  :	1	2	3	4	5
POSTKILL_CENSUS_COUNTS : MALES  : 22  :	21	5	10	7	6
POSTKILL_CENSUS_COUNTS : FEM    : 22  :	20	8	7	12	2

VERBIAGE :   Entering MakeBabies : t=22     N=75
VERBIAGE :  Mean Num Offspring per Female  (NumFemalesRemaining) and [ProbOfReproducing] of Different Ages  : 0.000 ( 20 ) [ 0.000 ]    1.342 ( 8 ) [ 0.800 ]    3.354 ( 7 ) [ 1.000 ]    3.354 ( 12 ) [ 1.000 ]    2.683 ( 2 ) [ 0.500 ]    
PEDIGREE : 22 :  F22_0    M18_20    F20_0
PEDIGREE : 22 :  M22_0    M18_20    F20_0
PEDIGREE : 22 :  M22_1    M18_20    F20_0
PEDIGREE : 22 :  M22_2    M18_20    F20_0
PEDIGREE : 22 :  M22_3    M18_20    F20_0
PEDIGREE : 22 :  F22_1    M18_1    F20_4
PEDIGREE : 22 :  F22_2    M19_4    F20_14
PEDIGREE : 22 :  F22_3    M19_4    F20_14
PEDIGREE : 22 :  M22_4    M19_4    F20_14
PEDIGREE : 22 :  F22_4    M18_11    F20_18
PEDIGREE : 22 :  M22_5    M18_11    F20_18
PEDIGREE : 22 :  F22_5    M19_15    F19_6
PEDIGREE : 22 :  F22_6    M19_15    F19_6
PEDIGREE : 22 :  F22_7    M19_15    F19_6
PEDIGREE : 22 :  M22_6    M19_15    F19_6
PEDIGREE : 22 :  F22_8    M19_11    F19_7
PEDIGREE : 22 :  F22_9    M19_11    F19_7
PEDIGREE : 22 :  M22_7    M19_11    F19_7
PEDIGREE : 22 :  F22_10    M18_11    F19_8
PEDIGREE : 22 :  F22_11    M18_11    F19_8
PEDIGREE : 22 :  F22_12    M18_20    F19_10
PEDIGREE : 22 :  F22_13    M18_20    F19_10
PEDIGREE : 22 :  F22_14    M18_20    F19_10
PEDIGREE : 22 :  M22_8    M18_20    F19_10
PEDIGREE : 22 :  M22_9    M18_20    F19_10
PEDIGREE : 22 :  F22_15    M19_2    F19_18
PEDIGREE : 22 :  F22_16    M19_2    F19_18
PEDIGREE : 22 :  F22_17    M19_2    F19_18
PEDIGREE : 22 :  M22_10    M19_2    F19_18
PEDIGREE : 22 :  F22_18    M18_8    F19_20
PEDIGREE : 22 :  M22_11    M18_8    F19_20
PEDIGREE : 22 :  M22_12    M18_8    F19_20
PEDIGREE : 22 :  M22_13    M18_20    F19_23
PEDIGREE : 22 :  M22_14    M18_20    F19_23
PEDIGREE : 22 :  M22_15    M18_20    F19_23
PEDIGREE : 22 :  M22_16    M18_20    F19_23
PEDIGREE : 22 :  F22_19    M18_1    F18_7
PEDIGREE : 22 :  M22_17    M18_1    F18_7
PEDIGREE : 22 :  M22_18    M18_1    F18_7
PEDIGREE : 22 :  M22_19    M18_1    F18_7
PEDIGREE : 22 :  F22_20    M19_16    F18_17
PEDIGREE : 22 :  M22_20    M19_16    F18_17
PEDIGREE : 22 :  M22_21    M19_16    F18_17
PEDIGREE : 22 :  M22_22    M19_16    F18_17
PEDIGREE : 22 :  F22_21    M18_11    F18_18
PEDIGREE : 22 :  F22_22    M18_11    F18_18
PEDIGREE : 22 :  F22_23    M18_11    F18_18
PEDIGREE : 22 :  F22_24    M19_17    F18_19
PEDIGREE : 22 :  M22_23    M19_17    F18_19
PEDIGREE : 22 :  M22_24    M19_17    F18_19
PEDIGREE : 22 :  F22_25    M18_11    F18_21
PEDIGREE : 22 :  M22_25    M18_11    F18_21
PEDIGREE : 22 :  M22_26    M18_11    F18_21
PEDIGREE : 22 :  F22_26    M18_20    F18_23
PEDIGREE : 22 :  M22_27    M18_20    F18_23
PEDIGREE : 22 :  M22_28    M19_2    F18_26
PEDIGREE : 22 :  M22_29    M19_2    F18_26
PEDIGREE : 22 :  F22_27    M18_11    F18_35
PEDIGREE : 22 :  F22_28    M18_8    F18_36
PEDIGREE : 22 :  F22_29    M18_8    F18_36
PEDIGREE : 22 :  M22_30    M18_8    F18_36
PEDIGREE : 22 :  M22_31    M18_8    F18_36
PEDIGREE : 22 :  F22_30    M18_1    F18_41
PEDIGREE : 22 :  F22_31    M18_1    F18_41
PEDIGREE : 22 :  M22_32    M18_1    F18_41
PEDIGREE : 22 :  M22_33    M18_1    F18_41
PEDIGREE : 22 :  F22_32    M18_8    F18_44
PEDIGREE : 22 :  M22_34    M18_8    F18_44
PEDIGREE : 22 :  F22_33    M18_11    F18_46
PEDIGREE : 22 :  M22_35    M18_11    F18_46
PEDIGREE : 22 :  M22_36    M18_11    F18_46
PEDIGREE : 22 :  F22_34    M19_17    F17_16
PEDIGREE : 22 :  F22_35    M20_37    F17_24
VERBIAGE : Done with this generation
VERBIAGE :  Exiting MakeBabies()
POST_REPROD_CENSUS_AGES :           22  :	1	2	3	4	5
POST_REPROD_CENSUS_COUNTS : MALES  : 22  :	21	5	10	7	6
POST_REPROD_CENSUS_COUNTS : FEM    : 22  :	20	8	7	12	2
PREKILL_CENSUS_AGES :           23  :	0	1	2	3	4
PREKILL_CENSUS_COUNTS : MALES  : 23  :	37	21	5	10	7
PREKILL_CENSUS_COUNTS : FEM    : 23  :	36	20	8	7	12
POSTKILL_CENSUS_AGES :           23  :	1	2	3	4	5
POSTKILL_CENSUS_COUNTS : MALES  : 23  :	9	12	1	7	3
POSTKILL_CENSUS_COUNTS : FEM    : 23  :	16	11	7	6	9

VERBIAGE :   Entering MakeBabies : t=23     N=75
VERBIAGE :  Mean Num Offspring per Female  (NumFemalesRemaining) and [ProbOfReproducing] of Different Ages  : 0.000 ( 16 ) [ 0.000 ]    1.491 ( 11 ) [ 0.800 ]    3.728 ( 7 ) [ 1.000 ]    3.728 ( 6 ) [ 1.000 ]    2.982 ( 9 ) [ 0.500 ]    
PEDIGREE : 23 :  M23_0    M21_39    F21_0
PEDIGREE : 23 :  F23_0    M19_21    F21_6
PEDIGREE : 23 :  M23_1    M19_21    F21_6
PEDIGREE : 23 :  M23_2    M19_21    F21_6
PEDIGREE : 23 :  M23_3    M19_21    F21_6
PEDIGREE : 23 :  F23_1    M21_39    F21_20
PEDIGREE : 23 :  M23_4    M21_39    F21_20
PEDIGREE : 23 :  M23_5    M18_8    F21_28
PEDIGREE : 23 :  M23_6    M21_29    F21_31
PEDIGREE : 23 :  M23_7    M21_29    F21_31
PEDIGREE : 23 :  M23_8    M21_29    F21_31
PEDIGREE : 23 :  M23_9    M21_21    F21_48
PEDIGREE : 23 :  F23_2    M21_0    F20_0
PEDIGREE : 23 :  F23_3    M21_0    F20_0
PEDIGREE : 23 :  F23_4    M21_0    F20_0
PEDIGREE : 23 :  M23_10    M21_0    F20_0
PEDIGREE : 23 :  F23_5    M21_17    F20_4
PEDIGREE : 23 :  M23_11    M21_17    F20_4
PEDIGREE : 23 :  M23_12    M21_17    F20_4
PEDIGREE : 23 :  F23_6    M21_39    F20_11
PEDIGREE : 23 :  M23_13    M21_39    F20_11
PEDIGREE : 23 :  F23_7    M21_29    F20_14
PEDIGREE : 23 :  M23_14    M21_29    F20_14
PEDIGREE : 23 :  M23_15    M21_29    F20_14
PEDIGREE : 23 :  F23_8    M21_6    F20_17
PEDIGREE : 23 :  F23_9    M21_6    F20_17
PEDIGREE : 23 :  F23_10    M21_6    F20_17
PEDIGREE : 23 :  M23_16    M21_6    F20_17
PEDIGREE : 23 :  M23_17    M20_21    F20_18
PEDIGREE : 23 :  M23_18    M20_21    F20_18
PEDIGREE : 23 :  F23_11    M21_23    F20_23
PEDIGREE : 23 :  F23_12    M21_23    F20_23
PEDIGREE : 23 :  F23_13    M21_37    F19_6
PEDIGREE : 23 :  F23_14    M21_37    F19_6
PEDIGREE : 23 :  M23_19    M21_37    F19_6
PEDIGREE : 23 :  F23_15    M19_21    F19_7
PEDIGREE : 23 :  F23_16    M19_21    F19_7
PEDIGREE : 23 :  M23_20    M19_21    F19_7
PEDIGREE : 23 :  F23_17    M21_21    F19_8
PEDIGREE : 23 :  F23_18    M21_21    F19_8
PEDIGREE : 23 :  F23_19    M21_21    F19_8
PEDIGREE : 23 :  F23_20    M21_21    F19_8
PEDIGREE : 23 :  M23_21    M21_21    F19_8
PEDIGREE : 23 :  F23_21    M19_14    F19_18
PEDIGREE : 23 :  M23_22    M19_14    F19_18
PEDIGREE : 23 :  F23_22    M19_21    F19_20
PEDIGREE : 23 :  F23_23    M19_21    F19_20
PEDIGREE : 23 :  M23_23    M19_21    F19_20
PEDIGREE : 23 :  M23_24    M19_21    F19_20
PEDIGREE : 23 :  M23_25    M19_21    F19_20
PEDIGREE : 23 :  M23_26    M19_21    F19_20
PEDIGREE : 23 :  M23_27    M19_21    F19_20
PEDIGREE : 23 :  M23_28    M19_21    F19_20
PEDIGREE : 23 :  M23_29    M19_21    F19_20
PEDIGREE : 23 :  M23_30    M19_21    F19_20
PEDIGREE : 23 :  M23_31    M20_21    F19_23
PEDIGREE : 23 :  M23_32    M20_21    F19_23
PEDIGREE : 23 :  F23_24    M19_21    F18_7
PEDIGREE : 23 :  F23_25    M19_21    F18_7
PEDIGREE : 23 :  M23_33    M19_21    F18_7
PEDIGREE : 23 :  F23_26    M21_28    F18_35
PEDIGREE : 23 :  F23_27    M21_28    F18_35
PEDIGREE : 23 :  F23_28    M21_28    F18_35
PEDIGREE : 23 :  M23_34    M21_28    F18_35
VERBIAGE : Done with this generation
VERBIAGE :  Exiting MakeBabies()
POST_REPROD_CENSUS_AGES :           23  :	1	2	3	4	5
POST_REPROD_CENSUS_COUNTS : MALES  : 23  :	9	12	1	7	3
POST_REPROD_CENSUS_COUNTS : FEM    : 23  :	16	11	7	6	9
PREKILL_CENSUS_AGES :           24  :	0	1	2	3	4
PREKILL_CENSUS_COUNTS : MALES  : 24  :	35	9	12	1	7
PREKILL_CENSUS_COUNTS : FEM    : 24  :	29	16	11	7	6
POSTKILL_CENSUS_AGES :           24  :	1	2	3	4	5
POSTKILL_CENSUS_COUNTS : MALES  : 24  :	17	7	10	1	4
POSTKILL_CENSUS_COUNTS : FEM    : 24  :	13	7	11	5	4

VERBIAGE :   Entering MakeBabies : t=24     N=75
VERBIAGE :  Mean Num Offspring per Female  (NumFemalesRemaining) and [ProbOfReproducing] of Different Ages  : 0.000 ( 13 ) [ 0.000 ]    1.512 ( 7 ) [ 0.800 ]    3.780 ( 11 ) [ 1.000 ]    3.780 ( 5 ) [ 1.000 ]    3.024 ( 4 ) [ 0.500 ]    
PEDIGREE : 24 :  F24_0    M22_10    F22_4
PEDIGREE : 24 :  F24_1    M22_10    F22_4
PEDIGREE : 24 :  M24_0    M22_10    F22_4
PEDIGREE : 24 :  F24_2    M22_10    F22_27
PEDIGREE : 24 :  F24_3    M22_10    F22_27
PEDIGREE : 24 :  F24_4    M22_10    F22_32
PEDIGREE : 24 :  F24_5    M22_10    F22_32
PEDIGREE : 24 :  F24_6    M22_10    F22_32
PEDIGREE : 24 :  F24_7    M22_10    F22_32
PEDIGREE : 24 :  F24_8    M22_10    F22_32
PEDIGREE : 24 :  M24_1    M22_10    F22_32
PEDIGREE : 24 :  F24_9    M19_27    F22_33
PEDIGREE : 24 :  M24_2    M19_27    F22_33
PEDIGREE : 24 :  M24_3    M20_21    F22_35
PEDIGREE : 24 :  F24_10    M21_21    F21_0
PEDIGREE : 24 :  F24_11    M21_21    F21_0
PEDIGREE : 24 :  M24_4    M21_21    F21_0
PEDIGREE : 24 :  F24_12    M20_21    F21_2
PEDIGREE : 24 :  F24_13    M20_21    F21_2
PEDIGREE : 24 :  F24_14    M20_21    F21_2
PEDIGREE : 24 :  F24_15    M21_39    F21_4
PEDIGREE : 24 :  F24_16    M21_39    F21_4
PEDIGREE : 24 :  M24_5    M21_39    F21_4
PEDIGREE : 24 :  M24_6    M21_39    F21_4
PEDIGREE : 24 :  F24_17    M22_16    F21_6
PEDIGREE : 24 :  M24_7    M22_16    F21_6
PEDIGREE : 24 :  M24_8    M22_16    F21_6
PEDIGREE : 24 :  M24_9    M22_16    F21_6
PEDIGREE : 24 :  M24_10    M22_16    F21_6
PEDIGREE : 24 :  M24_11    M22_16    F21_6
PEDIGREE : 24 :  M24_12    M21_11    F21_20
PEDIGREE : 24 :  M24_13    M21_39    F21_27
PEDIGREE : 24 :  M24_14    M21_39    F21_27
PEDIGREE : 24 :  F24_18    M22_10    F21_28
PEDIGREE : 24 :  M24_15    M22_10    F21_28
PEDIGREE : 24 :  M24_16    M22_10    F21_28
PEDIGREE : 24 :  M24_17    M21_28    F21_31
PEDIGREE : 24 :  M24_18    M21_28    F21_31
PEDIGREE : 24 :  F24_19    M22_16    F21_34
PEDIGREE : 24 :  F24_20    M20_21    F21_44
PEDIGREE : 24 :  F24_21    M20_21    F21_44
PEDIGREE : 24 :  M24_19    M20_21    F21_44
PEDIGREE : 24 :  M24_20    M20_21    F21_44
PEDIGREE : 24 :  F24_22    M22_0    F21_48
PEDIGREE : 24 :  M24_21    M22_0    F21_48
PEDIGREE : 24 :  F24_23    M21_37    F20_4
PEDIGREE : 24 :  F24_24    M21_37    F20_4
PEDIGREE : 24 :  F24_25    M21_37    F20_4
PEDIGREE : 24 :  F24_26    M21_37    F20_4
PEDIGREE : 24 :  M24_22    M21_37    F20_4
PEDIGREE : 24 :  F24_27    M19_4    F20_14
PEDIGREE : 24 :  F24_28    M19_4    F20_14
PEDIGREE : 24 :  F24_29    M19_4    F20_14
PEDIGREE : 24 :  M24_23    M19_4    F20_14
PEDIGREE : 24 :  F24_30    M21_28    F20_17
PEDIGREE : 24 :  M24_24    M21_28    F20_18
PEDIGREE : 24 :  F24_31    M20_21    F20_23
PEDIGREE : 24 :  F24_32    M20_21    F20_23
PEDIGREE : 24 :  F24_33    M20_21    F20_23
PEDIGREE : 24 :  M24_25    M20_21    F20_23
PEDIGREE : 24 :  M24_26    M20_21    F20_23
VERBIAGE : Done with this generation
VERBIAGE :  Exiting MakeBabies()
POST_REPROD_CENSUS_AGES :           24  :	1	2	3	4	5
POST_REPROD_CENSUS_COUNTS : MALES  : 24  :	17	7	10	1	4
POST_REPROD_CENSUS_COUNTS : FEM    : 24  :	13	7	11	5	4
VERBIAGE :  Finished on random seeds: 1022420274 1531992847 : printed to spip_seeds
