INSERTING_COMMANDS_FROM_FILE : salmon.demog
NEW_COMMAND_LINE_LOOKS_LIKE : spip -A 2 -T 10 -s .5 .7 -f 0 1 --fem-prob-repro 0 1 --initial-females 50 40 -m 0 1 --male-prob-repro 0 1 --initial-males 50 40 --fixed-cohort-size --cohort-size const 50 --command-file salmon.gtyp 
INSERTING_COMMANDS_FROM_FILE : salmon.gtyp
NEW_COMMAND_LINE_LOOKS_LIKE : spip -A 2 -T 10 -s .5 .7 -f 0 1 --fem-prob-repro 0 1 --initial-females 50 40 -m 0 1 --male-prob-repro 0 1 --initial-males 50 40 --fixed-cohort-size --cohort-size const 50 --locus-file locpars --discard-parents 4 --gtyps-for-all 3,4,7,10 
DISCARD_BEFORE : 4
WARNING : in StringToIntArray().  Singleton value = 3 is less than bottom = 4
WARNING : in StringToIntArray().  Singleton value = 3 is less than bottom = 4
SETUP : MaxAge : 2
SETUP : FemaleSurvivalRates : 0.50000 0.70000 
SETUP : MaleSurvivalRates : 0.50000 0.70000 
SETUP : FemaleAgeSpecificFecundities : 0.00000 1.00000 
SETUP : MaleAgeSpecificFecundities : 0.00000 1.00000 
SETUP : FemaleAgeSpecificProbabilitiesOfReproduction : 0.00000 1.00000 
SETUP : MaleAgeSpecificProbabilitiesOfReproduction : 0.00000 1.00000 
SETUP : FemaleAgeSpecificProbabilitiesOfPostReproductiveDeath : 0.00000 0.00000 
SETUP : MaleAgeSpecificProbabilitiesOfPostReproductiveDeath : 0.00000 0.00000 
SETUP : FemaleRatioOfMeanToVarianceOfOffspringNumber : 1.000000
SETUP : MaleRatioOfMeanToVarianceOfOffspringNumber : 1.000000
SETUP : MateFidelityParameter : -1.000000
SETUP : SexRatio : 0.500000
SETUP : OffspringDistribution : NegativeBinomial
SETUP : CohortSizesRandomOrFixed : Fixed
SETUP : DiscardBefore : 4
SETUP : DiscardParentsOrAll : Parents
SETUP : CohortSizeModel : Constant
SETUP : ConstantCohortSize : 50
SETUP : NumberOfYears : 10
SUMMARY : StableAgeDistAges : 0 1 2 
SUMMARY : FemaleStableAgeDist : 0.540541  0.270270  0.189189  
SUMMARY : MaleStableAgeDist : 0.540541  0.270270  0.189189  
SUMMARY : FemaleGenerationInterval : 2.000000
SUMMARY : MaleGenerationInterval : 2.000000
SUMMARY : BothSexesGenerationInterval : 2.000000
SUMMARY : ExpectedNumoffsForBreedingFemales : 0.000000  5.714286  
SUMMARY : ExpectedNumoffsForBreedingMales : 0.000000  5.714286  
SUMMARY : ExpectedFemLifetimeOffspringOutput : 2.000000
SUMMARY : ExpectedMaleLifetimeOffspringOutput : 2.000000
SUMMARY : MaleVarianceInLifetimeReproduction : 9.428571
SUMMARY : FemaleVarianceInLifetimeReproduction : 9.428571
SUMMARY : HillsNeAssumingEqualSexRatio : 35.000000
SUMMARY : HillsAnnualNeAssumingEqualSexRatio : 70.000000
ALLEFREQS : opened file "locpars" to get genetic data
ALLEFREQS : number of loci in file locpars is 9
ALLEFREQS : Locus 1 : 5 Alleles : 0.100000 0.200000 0.100000 0.500000 0.100000 
ALLEFREQS : Locus 2 : 3 Alleles : 0.450000 0.320000 0.230000 
ALLEFREQS : Locus 3 : 10 Alleles : 0.100000 0.150000 0.050000 0.050000 0.050000 0.050000 0.200000 0.050000 0.250000 0.050000 
ALLEFREQS : Locus 4 : 6 Alleles : 0.120000 0.080000 0.230000 0.110000 0.200000 0.260000 
ALLEFREQS : Locus 5 : 2 Alleles : 0.500000 0.500000 
ALLEFREQS : Locus 6 : 8 Alleles : 0.100000 0.233333 0.066667 0.066667 0.166667 0.033333 0.300000 0.033333 
ALLEFREQS : Locus 7 : 5 Alleles : 0.370000 0.010000 0.110000 0.480000 0.030000 
ALLEFREQS : Locus 8 : 15 Alleles : 0.066667 0.066667 0.066667 0.066667 0.066667 0.066667 0.066667 0.066667 0.066667 0.066667 0.066667 0.066667 0.066667 0.066667 0.066667 
ALLEFREQS : Locus 9 : 3 Alleles : 0.333333 0.333333 0.333333 
RANDOMSEEDS : Using contents of spip_seeds to set RNG: 1759028829 1458761695
MATE_SPECIFITY : Printing matrix of probability of number of "new" males paternal to sibship of given size.  This is the number of "dippings" into the pool of males
MATE_SPECIFITY : 1 :	1.0000
MATE_SPECIFITY : 2 : 	nan	nan	
MATE_SPECIFITY : 3 : 	nan	nan	nan	
MATE_SPECIFITY : 4 : 	nan	nan	nan	nan	
MATE_SPECIFITY : 5 : 	nan	nan	nan	nan	nan	
MATE_SPECIFITY : 6 : 	nan	nan	nan	nan	nan	nan	
MATE_SPECIFITY : 7 : 	nan	nan	nan	nan	nan	nan	nan	
MATE_SPECIFITY : 8 : 	nan	nan	nan	nan	nan	nan	nan	nan	
MATE_SPECIFITY : 9 : 	nan	nan	nan	nan	nan	nan	nan	nan	nan	
MATE_SPECIFITY : 10 : 	nan	nan	nan	nan	nan	nan	nan	nan	nan	nan	
MATE_SPECIFITY : 11 : 	nan	nan	nan	nan	nan	nan	nan	nan	nan	nan	nan	
MATE_SPECIFITY : 12 : 	nan	nan	nan	nan	nan	nan	nan	nan	nan	nan	nan	nan	
MATE_SPECIFITY : 13 : 	nan	nan	nan	nan	nan	nan	nan	nan	nan	nan	nan	nan	nan	
MATE_SPECIFITY : 14 : 	nan	nan	nan	nan	nan	nan	nan	nan	nan	nan	nan	nan	nan	nan	
MATE_SPECIFITY : 15 : 	nan	nan	nan	nan	nan	nan	nan	nan	nan	nan	nan	nan	nan	nan	nan	
DISCARDED_PDGEE : 0 :  M0_0    0    0
DISCARDED_PDGEE : 0 :  M0_1    0    0
DISCARDED_PDGEE : 0 :  M0_2    0    0
DISCARDED_PDGEE : 0 :  M0_3    0    0
DISCARDED_PDGEE : 0 :  M0_4    0    0
DISCARDED_PDGEE : 0 :  M0_5    0    0
DISCARDED_PDGEE : 0 :  M0_6    0    0
DISCARDED_PDGEE : 0 :  M0_7    0    0
DISCARDED_PDGEE : 0 :  M0_8    0    0
DISCARDED_PDGEE : 0 :  M0_9    0    0
DISCARDED_PDGEE : 0 :  M0_10    0    0
DISCARDED_PDGEE : 0 :  M0_11    0    0
DISCARDED_PDGEE : 0 :  M0_12    0    0
DISCARDED_PDGEE : 0 :  M0_13    0    0
DISCARDED_PDGEE : 0 :  M0_14    0    0
DISCARDED_PDGEE : 0 :  M0_15    0    0
DISCARDED_PDGEE : 0 :  M0_16    0    0
DISCARDED_PDGEE : 0 :  M0_17    0    0
DISCARDED_PDGEE : 0 :  M0_18    0    0
DISCARDED_PDGEE : 0 :  M0_19    0    0
DISCARDED_PDGEE : 0 :  M0_20    0    0
DISCARDED_PDGEE : 0 :  M0_21    0    0
DISCARDED_PDGEE : 0 :  M0_22    0    0
DISCARDED_PDGEE : 0 :  M0_23    0    0
DISCARDED_PDGEE : 0 :  M0_24    0    0
DISCARDED_PDGEE : 0 :  M0_25    0    0
DISCARDED_PDGEE : 0 :  M0_26    0    0
DISCARDED_PDGEE : 0 :  M0_27    0    0
DISCARDED_PDGEE : 0 :  M0_28    0    0
DISCARDED_PDGEE : 0 :  M0_29    0    0
DISCARDED_PDGEE : 0 :  M0_30    0    0
DISCARDED_PDGEE : 0 :  M0_31    0    0
DISCARDED_PDGEE : 0 :  M0_32    0    0
DISCARDED_PDGEE : 0 :  M0_33    0    0
DISCARDED_PDGEE : 0 :  M0_34    0    0
DISCARDED_PDGEE : 0 :  M0_35    0    0
DISCARDED_PDGEE : 0 :  M0_36    0    0
DISCARDED_PDGEE : 0 :  M0_37    0    0
DISCARDED_PDGEE : 0 :  M0_38    0    0
DISCARDED_PDGEE : 0 :  M0_39    0    0
DISCARDED_PDGEE : 0 :  F0_0    0    0
DISCARDED_PDGEE : 0 :  F0_1    0    0
DISCARDED_PDGEE : 0 :  F0_2    0    0
DISCARDED_PDGEE : 0 :  F0_3    0    0
DISCARDED_PDGEE : 0 :  F0_4    0    0
DISCARDED_PDGEE : 0 :  F0_5    0    0
DISCARDED_PDGEE : 0 :  F0_6    0    0
DISCARDED_PDGEE : 0 :  F0_7    0    0
DISCARDED_PDGEE : 0 :  F0_8    0    0
DISCARDED_PDGEE : 0 :  F0_9    0    0
DISCARDED_PDGEE : 0 :  F0_10    0    0
DISCARDED_PDGEE : 0 :  F0_11    0    0
DISCARDED_PDGEE : 0 :  F0_12    0    0
DISCARDED_PDGEE : 0 :  F0_13    0    0
DISCARDED_PDGEE : 0 :  F0_14    0    0
DISCARDED_PDGEE : 0 :  F0_15    0    0
DISCARDED_PDGEE : 0 :  F0_16    0    0
DISCARDED_PDGEE : 0 :  F0_17    0    0
DISCARDED_PDGEE : 0 :  F0_18    0    0
DISCARDED_PDGEE : 0 :  F0_19    0    0
DISCARDED_PDGEE : 0 :  F0_20    0    0
DISCARDED_PDGEE : 0 :  F0_21    0    0
DISCARDED_PDGEE : 0 :  F0_22    0    0
DISCARDED_PDGEE : 0 :  F0_23    0    0
DISCARDED_PDGEE : 0 :  F0_24    0    0
DISCARDED_PDGEE : 0 :  F0_25    0    0
DISCARDED_PDGEE : 0 :  F0_26    0    0
DISCARDED_PDGEE : 0 :  F0_27    0    0
DISCARDED_PDGEE : 0 :  F0_28    0    0
DISCARDED_PDGEE : 0 :  F0_29    0    0
DISCARDED_PDGEE : 0 :  F0_30    0    0
DISCARDED_PDGEE : 0 :  F0_31    0    0
DISCARDED_PDGEE : 0 :  F0_32    0    0
DISCARDED_PDGEE : 0 :  F0_33    0    0
DISCARDED_PDGEE : 0 :  F0_34    0    0
DISCARDED_PDGEE : 0 :  F0_35    0    0
DISCARDED_PDGEE : 0 :  F0_36    0    0
DISCARDED_PDGEE : 0 :  F0_37    0    0
DISCARDED_PDGEE : 0 :  F0_38    0    0
DISCARDED_PDGEE : 0 :  F0_39    0    0
DISCARDED_PDGEE : 1 :  M1_0    0    0
DISCARDED_PDGEE : 1 :  M1_1    0    0
DISCARDED_PDGEE : 1 :  M1_2    0    0
DISCARDED_PDGEE : 1 :  M1_3    0    0
DISCARDED_PDGEE : 1 :  M1_4    0    0
DISCARDED_PDGEE : 1 :  M1_5    0    0
DISCARDED_PDGEE : 1 :  M1_6    0    0
DISCARDED_PDGEE : 1 :  M1_7    0    0
DISCARDED_PDGEE : 1 :  M1_8    0    0
DISCARDED_PDGEE : 1 :  M1_9    0    0
DISCARDED_PDGEE : 1 :  M1_10    0    0
DISCARDED_PDGEE : 1 :  M1_11    0    0
DISCARDED_PDGEE : 1 :  M1_12    0    0
DISCARDED_PDGEE : 1 :  M1_13    0    0
DISCARDED_PDGEE : 1 :  M1_14    0    0
DISCARDED_PDGEE : 1 :  M1_15    0    0
DISCARDED_PDGEE : 1 :  M1_16    0    0
DISCARDED_PDGEE : 1 :  M1_17    0    0
DISCARDED_PDGEE : 1 :  M1_18    0    0
DISCARDED_PDGEE : 1 :  M1_19    0    0
DISCARDED_PDGEE : 1 :  M1_20    0    0
DISCARDED_PDGEE : 1 :  M1_21    0    0
DISCARDED_PDGEE : 1 :  M1_22    0    0
DISCARDED_PDGEE : 1 :  M1_23    0    0
DISCARDED_PDGEE : 1 :  M1_24    0    0
DISCARDED_PDGEE : 1 :  M1_25    0    0
DISCARDED_PDGEE : 1 :  M1_26    0    0
DISCARDED_PDGEE : 1 :  M1_27    0    0
DISCARDED_PDGEE : 1 :  M1_28    0    0
DISCARDED_PDGEE : 1 :  M1_29    0    0
DISCARDED_PDGEE : 1 :  M1_30    0    0
DISCARDED_PDGEE : 1 :  M1_31    0    0
DISCARDED_PDGEE : 1 :  M1_32    0    0
DISCARDED_PDGEE : 1 :  M1_33    0    0
DISCARDED_PDGEE : 1 :  M1_34    0    0
DISCARDED_PDGEE : 1 :  M1_35    0    0
DISCARDED_PDGEE : 1 :  M1_36    0    0
DISCARDED_PDGEE : 1 :  M1_37    0    0
DISCARDED_PDGEE : 1 :  M1_38    0    0
DISCARDED_PDGEE : 1 :  M1_39    0    0
DISCARDED_PDGEE : 1 :  M1_40    0    0
DISCARDED_PDGEE : 1 :  M1_41    0    0
DISCARDED_PDGEE : 1 :  M1_42    0    0
DISCARDED_PDGEE : 1 :  M1_43    0    0
DISCARDED_PDGEE : 1 :  M1_44    0    0
DISCARDED_PDGEE : 1 :  M1_45    0    0
DISCARDED_PDGEE : 1 :  M1_46    0    0
DISCARDED_PDGEE : 1 :  M1_47    0    0
DISCARDED_PDGEE : 1 :  M1_48    0    0
DISCARDED_PDGEE : 1 :  M1_49    0    0
DISCARDED_PDGEE : 1 :  F1_0    0    0
DISCARDED_PDGEE : 1 :  F1_1    0    0
DISCARDED_PDGEE : 1 :  F1_2    0    0
DISCARDED_PDGEE : 1 :  F1_3    0    0
DISCARDED_PDGEE : 1 :  F1_4    0    0
DISCARDED_PDGEE : 1 :  F1_5    0    0
DISCARDED_PDGEE : 1 :  F1_6    0    0
DISCARDED_PDGEE : 1 :  F1_7    0    0
DISCARDED_PDGEE : 1 :  F1_8    0    0
DISCARDED_PDGEE : 1 :  F1_9    0    0
DISCARDED_PDGEE : 1 :  F1_10    0    0
DISCARDED_PDGEE : 1 :  F1_11    0    0
DISCARDED_PDGEE : 1 :  F1_12    0    0
DISCARDED_PDGEE : 1 :  F1_13    0    0
DISCARDED_PDGEE : 1 :  F1_14    0    0
DISCARDED_PDGEE : 1 :  F1_15    0    0
DISCARDED_PDGEE : 1 :  F1_16    0    0
DISCARDED_PDGEE : 1 :  F1_17    0    0
DISCARDED_PDGEE : 1 :  F1_18    0    0
DISCARDED_PDGEE : 1 :  F1_19    0    0
DISCARDED_PDGEE : 1 :  F1_20    0    0
DISCARDED_PDGEE : 1 :  F1_21    0    0
DISCARDED_PDGEE : 1 :  F1_22    0    0
DISCARDED_PDGEE : 1 :  F1_23    0    0
DISCARDED_PDGEE : 1 :  F1_24    0    0
DISCARDED_PDGEE : 1 :  F1_25    0    0
DISCARDED_PDGEE : 1 :  F1_26    0    0
DISCARDED_PDGEE : 1 :  F1_27    0    0
DISCARDED_PDGEE : 1 :  F1_28    0    0
DISCARDED_PDGEE : 1 :  F1_29    0    0
DISCARDED_PDGEE : 1 :  F1_30    0    0
DISCARDED_PDGEE : 1 :  F1_31    0    0
DISCARDED_PDGEE : 1 :  F1_32    0    0
DISCARDED_PDGEE : 1 :  F1_33    0    0
DISCARDED_PDGEE : 1 :  F1_34    0    0
DISCARDED_PDGEE : 1 :  F1_35    0    0
DISCARDED_PDGEE : 1 :  F1_36    0    0
DISCARDED_PDGEE : 1 :  F1_37    0    0
DISCARDED_PDGEE : 1 :  F1_38    0    0
DISCARDED_PDGEE : 1 :  F1_39    0    0
DISCARDED_PDGEE : 1 :  F1_40    0    0
DISCARDED_PDGEE : 1 :  F1_41    0    0
DISCARDED_PDGEE : 1 :  F1_42    0    0
DISCARDED_PDGEE : 1 :  F1_43    0    0
DISCARDED_PDGEE : 1 :  F1_44    0    0
DISCARDED_PDGEE : 1 :  F1_45    0    0
DISCARDED_PDGEE : 1 :  F1_46    0    0
DISCARDED_PDGEE : 1 :  F1_47    0    0
DISCARDED_PDGEE : 1 :  F1_48    0    0
DISCARDED_PDGEE : 1 :  F1_49    0    0
PREKILL_CENSUS_AGES :           2  :	0	1
PREKILL_CENSUS_COUNTS : MALES  : 2  :	50	40
PREKILL_CENSUS_COUNTS : FEM    : 2  :	50	40
POSTKILL_CENSUS_AGES :           2  :	1	2
POSTKILL_CENSUS_COUNTS : MALES  : 2  :	22	27
POSTKILL_CENSUS_COUNTS : FEM    : 2  :	24	28

VERBIAGE :   Entering MakeBabies : t=2     N=50
VERBIAGE :  Mean Num Offspring per Female  (NumFemalesRemaining) and [ProbOfReproducing] of Different Ages  : 0.000 ( 24 ) [ 0.000 ]    1.786 ( 28 ) [ 1.000 ]    
DISCARDED_PDGEE : 2 :  F2_0    M0_36    F0_2
DISCARDED_PDGEE : 2 :  M2_0    M0_37    F0_2
DISCARDED_PDGEE : 2 :  F2_1    M0_12    F0_3
DISCARDED_PDGEE : 2 :  M2_1    M0_10    F0_3
DISCARDED_PDGEE : 2 :  M2_2    M0_14    F0_3
DISCARDED_PDGEE : 2 :  F2_2    M0_23    F0_5
DISCARDED_PDGEE : 2 :  F2_3    M0_11    F0_5
DISCARDED_PDGEE : 2 :  M2_3    M0_28    F0_6
DISCARDED_PDGEE : 2 :  F2_4    M0_8    F0_7
DISCARDED_PDGEE : 2 :  M2_4    M0_24    F0_7
DISCARDED_PDGEE : 2 :  M2_5    M0_37    F0_7
DISCARDED_PDGEE : 2 :  M2_6    M0_23    F0_8
DISCARDED_PDGEE : 2 :  M2_7    M0_5    F0_12
DISCARDED_PDGEE : 2 :  M2_8    M0_0    F0_13
DISCARDED_PDGEE : 2 :  M2_9    M0_6    F0_14
DISCARDED_PDGEE : 2 :  M2_10    M0_36    F0_14
DISCARDED_PDGEE : 2 :  M2_11    M0_36    F0_14
DISCARDED_PDGEE : 2 :  F2_5    M0_13    F0_15
DISCARDED_PDGEE : 2 :  F2_6    M0_28    F0_16
DISCARDED_PDGEE : 2 :  M2_12    M0_8    F0_17
DISCARDED_PDGEE : 2 :  M2_13    M0_14    F0_17
DISCARDED_PDGEE : 2 :  F2_7    M0_10    F0_19
DISCARDED_PDGEE : 2 :  F2_8    M0_24    F0_19
DISCARDED_PDGEE : 2 :  M2_14    M0_32    F0_19
DISCARDED_PDGEE : 2 :  F2_9    M0_0    F0_20
DISCARDED_PDGEE : 2 :  F2_10    M0_7    F0_20
DISCARDED_PDGEE : 2 :  F2_11    M0_13    F0_20
DISCARDED_PDGEE : 2 :  M2_15    M0_11    F0_20
DISCARDED_PDGEE : 2 :  M2_16    M0_6    F0_22
DISCARDED_PDGEE : 2 :  M2_17    M0_23    F0_22
DISCARDED_PDGEE : 2 :  M2_18    M0_0    F0_22
DISCARDED_PDGEE : 2 :  M2_19    M0_5    F0_22
DISCARDED_PDGEE : 2 :  F2_12    M0_28    F0_27
DISCARDED_PDGEE : 2 :  M2_20    M0_9    F0_27
DISCARDED_PDGEE : 2 :  M2_21    M0_14    F0_28
DISCARDED_PDGEE : 2 :  M2_22    M0_29    F0_29
DISCARDED_PDGEE : 2 :  F2_13    M0_16    F0_32
DISCARDED_PDGEE : 2 :  F2_14    M0_36    F0_32
DISCARDED_PDGEE : 2 :  F2_15    M0_7    F0_32
DISCARDED_PDGEE : 2 :  F2_16    M0_31    F0_35
DISCARDED_PDGEE : 2 :  M2_23    M0_10    F0_35
DISCARDED_PDGEE : 2 :  M2_24    M0_39    F0_35
DISCARDED_PDGEE : 2 :  F2_17    M0_26    F0_36
DISCARDED_PDGEE : 2 :  M2_25    M0_36    F0_36
DISCARDED_PDGEE : 2 :  F2_18    M0_38    F0_38
DISCARDED_PDGEE : 2 :  M2_26    M0_26    F0_38
DISCARDED_PDGEE : 2 :  M2_27    M0_32    F0_38
DISCARDED_PDGEE : 2 :  M2_28    M0_27    F0_38
DISCARDED_PDGEE : 2 :  F2_19    M0_4    F0_39
DISCARDED_PDGEE : 2 :  M2_29    M0_4    F0_39
VERBIAGE : Done with this generation
VERBIAGE :  Exiting MakeBabies()
POST_REPROD_CENSUS_AGES :           2  :	1	2
POST_REPROD_CENSUS_COUNTS : MALES  : 2  :	22	27
POST_REPROD_CENSUS_COUNTS : FEM    : 2  :	24	28
PREKILL_CENSUS_AGES :           3  :	0	1
PREKILL_CENSUS_COUNTS : MALES  : 3  :	30	22
PREKILL_CENSUS_COUNTS : FEM    : 3  :	20	24
POSTKILL_CENSUS_AGES :           3  :	1	2
POSTKILL_CENSUS_COUNTS : MALES  : 3  :	20	16
POSTKILL_CENSUS_COUNTS : FEM    : 3  :	13	14

VERBIAGE :   Entering MakeBabies : t=3     N=50
VERBIAGE :  Mean Num Offspring per Female  (NumFemalesRemaining) and [ProbOfReproducing] of Different Ages  : 0.000 ( 13 ) [ 0.000 ]    3.571 ( 14 ) [ 1.000 ]    
DISCARDED_PDGEE : 3 :  M3_0    M1_12    F1_2
DISCARDED_PDGEE : 3 :  M3_1    M1_2    F1_2
DISCARDED_PDGEE : 3 :  M3_2    M1_12    F1_2
DISCARDED_PDGEE : 3 :  M3_3    M1_33    F1_2
DISCARDED_PDGEE : 3 :  F3_0    M1_16    F1_4
DISCARDED_PDGEE : 3 :  M3_4    M1_45    F1_4
DISCARDED_PDGEE : 3 :  M3_5    M1_32    F1_4
DISCARDED_PDGEE : 3 :  F3_1    M1_28    F1_6
DISCARDED_PDGEE : 3 :  F3_2    M1_2    F1_6
DISCARDED_PDGEE : 3 :  M3_6    M1_44    F1_6
DISCARDED_PDGEE : 3 :  F3_3    M1_28    F1_15
DISCARDED_PDGEE : 3 :  M3_7    M1_32    F1_15
DISCARDED_PDGEE : 3 :  M3_8    M1_15    F1_15
DISCARDED_PDGEE : 3 :  F3_4    M1_28    F1_17
DISCARDED_PDGEE : 3 :  F3_5    M1_44    F1_18
DISCARDED_PDGEE : 3 :  F3_6    M1_15    F1_18
DISCARDED_PDGEE : 3 :  F3_7    M1_16    F1_18
DISCARDED_PDGEE : 3 :  F3_8    M1_19    F1_18
DISCARDED_PDGEE : 3 :  M3_9    M1_33    F1_18
DISCARDED_PDGEE : 3 :  M3_10    M1_16    F1_18
DISCARDED_PDGEE : 3 :  F3_9    M1_32    F1_19
DISCARDED_PDGEE : 3 :  F3_10    M1_28    F1_19
DISCARDED_PDGEE : 3 :  M3_11    M1_18    F1_19
DISCARDED_PDGEE : 3 :  M3_12    M1_25    F1_19
DISCARDED_PDGEE : 3 :  F3_11    M1_31    F1_20
DISCARDED_PDGEE : 3 :  F3_12    M1_45    F1_20
DISCARDED_PDGEE : 3 :  F3_13    M1_8    F1_20
DISCARDED_PDGEE : 3 :  M3_13    M1_18    F1_20
DISCARDED_PDGEE : 3 :  F3_14    M1_25    F1_22
DISCARDED_PDGEE : 3 :  F3_15    M1_18    F1_22
DISCARDED_PDGEE : 3 :  F3_16    M1_17    F1_22
DISCARDED_PDGEE : 3 :  M3_14    M1_31    F1_22
DISCARDED_PDGEE : 3 :  M3_15    M1_17    F1_22
DISCARDED_PDGEE : 3 :  M3_16    M1_32    F1_22
DISCARDED_PDGEE : 3 :  M3_17    M1_8    F1_22
DISCARDED_PDGEE : 3 :  F3_17    M1_32    F1_23
DISCARDED_PDGEE : 3 :  F3_18    M1_25    F1_23
DISCARDED_PDGEE : 3 :  M3_18    M1_15    F1_25
DISCARDED_PDGEE : 3 :  F3_19    M1_45    F1_32
DISCARDED_PDGEE : 3 :  M3_19    M1_28    F1_32
DISCARDED_PDGEE : 3 :  F3_20    M1_2    F1_38
DISCARDED_PDGEE : 3 :  F3_21    M1_44    F1_38
DISCARDED_PDGEE : 3 :  F3_22    M1_33    F1_38
DISCARDED_PDGEE : 3 :  M3_20    M1_18    F1_38
DISCARDED_PDGEE : 3 :  M3_21    M1_2    F1_38
DISCARDED_PDGEE : 3 :  M3_22    M1_17    F1_38
DISCARDED_PDGEE : 3 :  M3_23    M1_28    F1_38
DISCARDED_PDGEE : 3 :  M3_24    M1_25    F1_49
DISCARDED_PDGEE : 3 :  M3_25    M1_16    F1_49
DISCARDED_PDGEE : 3 :  M3_26    M1_2    F1_49
VERBIAGE : Done with this generation
VERBIAGE :  Exiting MakeBabies()
POST_REPROD_CENSUS_AGES :           3  :	1	2
POST_REPROD_CENSUS_COUNTS : MALES  : 3  :	20	16
POST_REPROD_CENSUS_COUNTS : FEM    : 3  :	13	14
PREKILL_CENSUS_AGES :           4  :	0	1
PREKILL_CENSUS_COUNTS : MALES  : 4  :	27	20
PREKILL_CENSUS_COUNTS : FEM    : 4  :	23	13
POSTKILL_CENSUS_AGES :           4  :	1	2
POSTKILL_CENSUS_COUNTS : MALES  : 4  :	11	15
POSTKILL_CENSUS_COUNTS : FEM    : 4  :	11	9

VERBIAGE :   Entering MakeBabies : t=4     N=50
VERBIAGE :  Mean Num Offspring per Female  (NumFemalesRemaining) and [ProbOfReproducing] of Different Ages  : 0.000 ( 11 ) [ 0.000 ]    5.556 ( 9 ) [ 1.000 ]    
DISCARDED_PDGEE : 4 :  F4_0    M2_27    F2_1
PEDIGREE : 4 :  F4_0    0    0
DISCARDED_PDGEE : 4 :  F4_1    M2_24    F2_1
PEDIGREE : 4 :  F4_1    0    0
DISCARDED_PDGEE : 4 :  M4_0    M2_27    F2_1
PEDIGREE : 4 :  M4_0    0    0
DISCARDED_PDGEE : 4 :  M4_1    M2_10    F2_1
PEDIGREE : 4 :  M4_1    0    0
DISCARDED_PDGEE : 4 :  F4_2    M2_17    F2_2
PEDIGREE : 4 :  F4_2    0    0
DISCARDED_PDGEE : 4 :  F4_3    M2_12    F2_2
PEDIGREE : 4 :  F4_3    0    0
DISCARDED_PDGEE : 4 :  F4_4    M2_7    F2_2
PEDIGREE : 4 :  F4_4    0    0
DISCARDED_PDGEE : 4 :  M4_2    M2_14    F2_2
PEDIGREE : 4 :  M4_2    0    0
DISCARDED_PDGEE : 4 :  M4_3    M2_25    F2_2
PEDIGREE : 4 :  M4_3    0    0
DISCARDED_PDGEE : 4 :  F4_5    M2_24    F2_3
PEDIGREE : 4 :  F4_5    0    0
DISCARDED_PDGEE : 4 :  F4_6    M2_7    F2_3
PEDIGREE : 4 :  F4_6    0    0
DISCARDED_PDGEE : 4 :  F4_7    M2_2    F2_3
PEDIGREE : 4 :  F4_7    0    0
DISCARDED_PDGEE : 4 :  F4_8    M2_24    F2_3
PEDIGREE : 4 :  F4_8    0    0
DISCARDED_PDGEE : 4 :  M4_4    M2_19    F2_3
PEDIGREE : 4 :  M4_4    0    0
DISCARDED_PDGEE : 4 :  M4_5    M2_14    F2_3
PEDIGREE : 4 :  M4_5    0    0
DISCARDED_PDGEE : 4 :  M4_6    M2_2    F2_3
PEDIGREE : 4 :  M4_6    0    0
DISCARDED_PDGEE : 4 :  M4_7    M2_19    F2_3
PEDIGREE : 4 :  M4_7    0    0
DISCARDED_PDGEE : 4 :  M4_8    M2_16    F2_3
PEDIGREE : 4 :  M4_8    0    0
DISCARDED_PDGEE : 4 :  M4_9    M2_19    F2_3
PEDIGREE : 4 :  M4_9    0    0
DISCARDED_PDGEE : 4 :  F4_9    M2_24    F2_5
PEDIGREE : 4 :  F4_9    0    0
DISCARDED_PDGEE : 4 :  F4_10    M2_24    F2_5
PEDIGREE : 4 :  F4_10    0    0
DISCARDED_PDGEE : 4 :  F4_11    M2_12    F2_5
PEDIGREE : 4 :  F4_11    0    0
DISCARDED_PDGEE : 4 :  F4_12    M2_27    F2_5
PEDIGREE : 4 :  F4_12    0    0
DISCARDED_PDGEE : 4 :  F4_13    M2_27    F2_5
PEDIGREE : 4 :  F4_13    0    0
DISCARDED_PDGEE : 4 :  F4_14    M2_2    F2_5
PEDIGREE : 4 :  F4_14    0    0
DISCARDED_PDGEE : 4 :  F4_15    M2_12    F2_5
PEDIGREE : 4 :  F4_15    0    0
DISCARDED_PDGEE : 4 :  M4_10    M2_2    F2_5
PEDIGREE : 4 :  M4_10    0    0
DISCARDED_PDGEE : 4 :  M4_11    M2_12    F2_5
PEDIGREE : 4 :  M4_11    0    0
DISCARDED_PDGEE : 4 :  F4_16    M2_24    F2_7
PEDIGREE : 4 :  F4_16    0    0
DISCARDED_PDGEE : 4 :  M4_12    M2_24    F2_7
PEDIGREE : 4 :  M4_12    0    0
DISCARDED_PDGEE : 4 :  M4_13    M2_28    F2_7
PEDIGREE : 4 :  M4_13    0    0
DISCARDED_PDGEE : 4 :  F4_17    M2_28    F2_12
PEDIGREE : 4 :  F4_17    0    0
DISCARDED_PDGEE : 4 :  F4_18    M2_14    F2_12
PEDIGREE : 4 :  F4_18    0    0
DISCARDED_PDGEE : 4 :  F4_19    M2_24    F2_12
PEDIGREE : 4 :  F4_19    0    0
DISCARDED_PDGEE : 4 :  F4_20    M2_7    F2_12
PEDIGREE : 4 :  F4_20    0    0
DISCARDED_PDGEE : 4 :  M4_14    M2_12    F2_12
PEDIGREE : 4 :  M4_14    0    0
DISCARDED_PDGEE : 4 :  F4_21    M2_16    F2_13
PEDIGREE : 4 :  F4_21    0    0
DISCARDED_PDGEE : 4 :  F4_22    M2_2    F2_13
PEDIGREE : 4 :  F4_22    0    0
DISCARDED_PDGEE : 4 :  M4_15    M2_16    F2_13
PEDIGREE : 4 :  M4_15    0    0
DISCARDED_PDGEE : 4 :  M4_16    M2_22    F2_13
PEDIGREE : 4 :  M4_16    0    0
DISCARDED_PDGEE : 4 :  M4_17    M2_2    F2_13
PEDIGREE : 4 :  M4_17    0    0
DISCARDED_PDGEE : 4 :  M4_18    M2_28    F2_13
PEDIGREE : 4 :  M4_18    0    0
DISCARDED_PDGEE : 4 :  F4_23    M2_16    F2_17
PEDIGREE : 4 :  F4_23    0    0
DISCARDED_PDGEE : 4 :  F4_24    M2_25    F2_17
PEDIGREE : 4 :  F4_24    0    0
DISCARDED_PDGEE : 4 :  F4_25    M2_19    F2_17
PEDIGREE : 4 :  F4_25    0    0
DISCARDED_PDGEE : 4 :  M4_19    M2_5    F2_17
PEDIGREE : 4 :  M4_19    0    0
DISCARDED_PDGEE : 4 :  M4_20    M2_17    F2_17
PEDIGREE : 4 :  M4_20    0    0
DISCARDED_PDGEE : 4 :  M4_21    M2_25    F2_17
PEDIGREE : 4 :  M4_21    0    0
DISCARDED_PDGEE : 4 :  F4_26    M2_24    F2_19
PEDIGREE : 4 :  F4_26    0    0
DISCARDED_PDGEE : 4 :  M4_22    M2_24    F2_19
PEDIGREE : 4 :  M4_22    0    0
VERBIAGE : Done with this generation
VERBIAGE :  Exiting MakeBabies()
POST_REPROD_CENSUS_AGES :           4  :	1	2
POST_REPROD_CENSUS_COUNTS : MALES  : 4  :	11	15
POST_REPROD_CENSUS_COUNTS : FEM    : 4  :	11	9
PREKILL_CENSUS_AGES :           5  :	0	1
PREKILL_CENSUS_COUNTS : MALES  : 5  :	23	11
PREKILL_CENSUS_COUNTS : FEM    : 5  :	27	11
POSTKILL_CENSUS_AGES :           5  :	1	2
POSTKILL_CENSUS_COUNTS : MALES  : 5  :	11	8
POSTKILL_CENSUS_COUNTS : FEM    : 5  :	14	8

VERBIAGE :   Entering MakeBabies : t=5     N=50
VERBIAGE :  Mean Num Offspring per Female  (NumFemalesRemaining) and [ProbOfReproducing] of Different Ages  : 0.000 ( 14 ) [ 0.000 ]    6.250 ( 8 ) [ 1.000 ]    
DISCARDED_PDGEE : 5 :  F5_0    M3_1    F3_0
PEDIGREE : 5 :  F5_0    0    0
DISCARDED_PDGEE : 5 :  F5_1    M3_16    F3_0
PEDIGREE : 5 :  F5_1    0    0
DISCARDED_PDGEE : 5 :  M5_0    M3_21    F3_0
PEDIGREE : 5 :  M5_0    0    0
DISCARDED_PDGEE : 5 :  M5_1    M3_22    F3_0
PEDIGREE : 5 :  M5_1    0    0
DISCARDED_PDGEE : 5 :  F5_2    M3_16    F3_3
PEDIGREE : 5 :  F5_2    0    0
DISCARDED_PDGEE : 5 :  F5_3    M3_4    F3_3
PEDIGREE : 5 :  F5_3    0    0
DISCARDED_PDGEE : 5 :  F5_4    M3_4    F3_3
PEDIGREE : 5 :  F5_4    0    0
DISCARDED_PDGEE : 5 :  M5_2    M3_16    F3_3
PEDIGREE : 5 :  M5_2    0    0
DISCARDED_PDGEE : 5 :  M5_3    M3_4    F3_3
PEDIGREE : 5 :  M5_3    0    0
DISCARDED_PDGEE : 5 :  M5_4    M3_1    F3_3
PEDIGREE : 5 :  M5_4    0    0
DISCARDED_PDGEE : 5 :  F5_5    M3_17    F3_5
PEDIGREE : 5 :  F5_5    0    0
DISCARDED_PDGEE : 5 :  F5_6    M3_1    F3_5
PEDIGREE : 5 :  F5_6    0    0
DISCARDED_PDGEE : 5 :  F5_7    M3_22    F3_5
PEDIGREE : 5 :  F5_7    0    0
DISCARDED_PDGEE : 5 :  F5_8    M3_16    F3_5
PEDIGREE : 5 :  F5_8    0    0
DISCARDED_PDGEE : 5 :  F5_9    M3_24    F3_5
PEDIGREE : 5 :  F5_9    0    0
DISCARDED_PDGEE : 5 :  F5_10    M3_16    F3_5
PEDIGREE : 5 :  F5_10    0    0
DISCARDED_PDGEE : 5 :  M5_5    M3_24    F3_5
PEDIGREE : 5 :  M5_5    0    0
DISCARDED_PDGEE : 5 :  M5_6    M3_1    F3_5
PEDIGREE : 5 :  M5_6    0    0
DISCARDED_PDGEE : 5 :  M5_7    M3_17    F3_5
PEDIGREE : 5 :  M5_7    0    0
DISCARDED_PDGEE : 5 :  M5_8    M3_17    F3_5
PEDIGREE : 5 :  M5_8    0    0
DISCARDED_PDGEE : 5 :  F5_11    M3_4    F3_6
PEDIGREE : 5 :  F5_11    0    0
DISCARDED_PDGEE : 5 :  F5_12    M3_16    F3_6
PEDIGREE : 5 :  F5_12    0    0
DISCARDED_PDGEE : 5 :  F5_13    M3_17    F3_6
PEDIGREE : 5 :  F5_13    0    0
DISCARDED_PDGEE : 5 :  F5_14    M3_1    F3_6
PEDIGREE : 5 :  F5_14    0    0
DISCARDED_PDGEE : 5 :  F5_15    M3_24    F3_6
PEDIGREE : 5 :  F5_15    0    0
DISCARDED_PDGEE : 5 :  F5_16    M3_1    F3_6
PEDIGREE : 5 :  F5_16    0    0
DISCARDED_PDGEE : 5 :  M5_9    M3_17    F3_6
PEDIGREE : 5 :  M5_9    0    0
DISCARDED_PDGEE : 5 :  M5_10    M3_10    F3_6
PEDIGREE : 5 :  M5_10    0    0
DISCARDED_PDGEE : 5 :  F5_17    M3_4    F3_9
PEDIGREE : 5 :  F5_17    0    0
DISCARDED_PDGEE : 5 :  F5_18    M3_1    F3_9
PEDIGREE : 5 :  F5_18    0    0
DISCARDED_PDGEE : 5 :  F5_19    M3_16    F3_9
PEDIGREE : 5 :  F5_19    0    0
DISCARDED_PDGEE : 5 :  F5_20    M3_21    F3_9
PEDIGREE : 5 :  F5_20    0    0
DISCARDED_PDGEE : 5 :  F5_21    M3_1    F3_9
PEDIGREE : 5 :  F5_21    0    0
DISCARDED_PDGEE : 5 :  F5_22    M3_22    F3_9
PEDIGREE : 5 :  F5_22    0    0
DISCARDED_PDGEE : 5 :  M5_11    M3_17    F3_9
PEDIGREE : 5 :  M5_11    0    0
DISCARDED_PDGEE : 5 :  F5_23    M3_10    F3_11
PEDIGREE : 5 :  F5_23    0    0
DISCARDED_PDGEE : 5 :  F5_24    M3_22    F3_11
PEDIGREE : 5 :  F5_24    0    0
DISCARDED_PDGEE : 5 :  F5_25    M3_10    F3_11
PEDIGREE : 5 :  F5_25    0    0
DISCARDED_PDGEE : 5 :  F5_26    M3_24    F3_11
PEDIGREE : 5 :  F5_26    0    0
DISCARDED_PDGEE : 5 :  M5_12    M3_1    F3_11
PEDIGREE : 5 :  M5_12    0    0
DISCARDED_PDGEE : 5 :  M5_13    M3_21    F3_11
PEDIGREE : 5 :  M5_13    0    0
DISCARDED_PDGEE : 5 :  F5_27    M3_1    F3_15
PEDIGREE : 5 :  F5_27    0    0
DISCARDED_PDGEE : 5 :  F5_28    M3_1    F3_15
PEDIGREE : 5 :  F5_28    0    0
DISCARDED_PDGEE : 5 :  F5_29    M3_16    F3_15
PEDIGREE : 5 :  F5_29    0    0
DISCARDED_PDGEE : 5 :  F5_30    M3_17    F3_15
PEDIGREE : 5 :  F5_30    0    0
DISCARDED_PDGEE : 5 :  M5_14    M3_24    F3_15
PEDIGREE : 5 :  M5_14    0    0
DISCARDED_PDGEE : 5 :  M5_15    M3_1    F3_15
PEDIGREE : 5 :  M5_15    0    0
DISCARDED_PDGEE : 5 :  F5_31    M3_21    F3_18
PEDIGREE : 5 :  F5_31    0    0
DISCARDED_PDGEE : 5 :  M5_16    M3_1    F3_18
PEDIGREE : 5 :  M5_16    0    0
DISCARDED_PDGEE : 5 :  M5_17    M3_22    F3_18
PEDIGREE : 5 :  M5_17    0    0
VERBIAGE : Done with this generation
VERBIAGE :  Exiting MakeBabies()
POST_REPROD_CENSUS_AGES :           5  :	1	2
POST_REPROD_CENSUS_COUNTS : MALES  : 5  :	11	8
POST_REPROD_CENSUS_COUNTS : FEM    : 5  :	14	8
PREKILL_CENSUS_AGES :           6  :	0	1
PREKILL_CENSUS_COUNTS : MALES  : 6  :	18	11
PREKILL_CENSUS_COUNTS : FEM    : 6  :	32	14
POSTKILL_CENSUS_AGES :           6  :	1	2
POSTKILL_CENSUS_COUNTS : MALES  : 6  :	10	10
POSTKILL_CENSUS_COUNTS : FEM    : 6  :	19	9

VERBIAGE :   Entering MakeBabies : t=6     N=50
VERBIAGE :  Mean Num Offspring per Female  (NumFemalesRemaining) and [ProbOfReproducing] of Different Ages  : 0.000 ( 19 ) [ 0.000 ]    5.556 ( 9 ) [ 1.000 ]    
PEDIGREE : 6 :  F6_0    M4_18    F4_6
PEDIGREE : 6 :  F6_1    M4_10    F4_6
PEDIGREE : 6 :  F6_2    M4_2    F4_6
PEDIGREE : 6 :  F6_3    M4_16    F4_6
PEDIGREE : 6 :  F6_4    M4_10    F4_6
PEDIGREE : 6 :  M6_0    M4_13    F4_6
PEDIGREE : 6 :  M6_1    M4_0    F4_6
PEDIGREE : 6 :  F6_5    M4_2    F4_7
PEDIGREE : 6 :  F6_6    M4_18    F4_7
PEDIGREE : 6 :  F6_7    M4_2    F4_7
PEDIGREE : 6 :  M6_2    M4_6    F4_7
PEDIGREE : 6 :  F6_8    M4_13    F4_9
PEDIGREE : 6 :  F6_9    M4_2    F4_9
PEDIGREE : 6 :  M6_3    M4_21    F4_9
PEDIGREE : 6 :  M6_4    M4_16    F4_9
PEDIGREE : 6 :  M6_5    M4_5    F4_9
PEDIGREE : 6 :  M6_6    M4_0    F4_9
PEDIGREE : 6 :  M6_7    M4_15    F4_9
PEDIGREE : 6 :  M6_8    M4_6    F4_9
PEDIGREE : 6 :  F6_10    M4_0    F4_10
PEDIGREE : 6 :  F6_11    M4_0    F4_10
PEDIGREE : 6 :  F6_12    M4_5    F4_10
PEDIGREE : 6 :  F6_13    M4_13    F4_10
PEDIGREE : 6 :  M6_9    M4_0    F4_10
PEDIGREE : 6 :  M6_10    M4_0    F4_10
PEDIGREE : 6 :  F6_14    M4_0    F4_13
PEDIGREE : 6 :  F6_15    M4_16    F4_13
PEDIGREE : 6 :  F6_16    M4_13    F4_13
PEDIGREE : 6 :  M6_11    M4_16    F4_13
PEDIGREE : 6 :  M6_12    M4_18    F4_13
PEDIGREE : 6 :  F6_17    M4_5    F4_15
PEDIGREE : 6 :  M6_13    M4_18    F4_15
PEDIGREE : 6 :  M6_14    M4_21    F4_15
PEDIGREE : 6 :  F6_18    M4_6    F4_16
PEDIGREE : 6 :  F6_19    M4_13    F4_16
PEDIGREE : 6 :  F6_20    M4_18    F4_16
PEDIGREE : 6 :  M6_15    M4_13    F4_16
PEDIGREE : 6 :  M6_16    M4_10    F4_16
PEDIGREE : 6 :  M6_17    M4_18    F4_16
PEDIGREE : 6 :  M6_18    M4_10    F4_16
PEDIGREE : 6 :  M6_19    M4_18    F4_18
PEDIGREE : 6 :  M6_20    M4_18    F4_18
PEDIGREE : 6 :  F6_21    M4_16    F4_21
PEDIGREE : 6 :  F6_22    M4_6    F4_21
PEDIGREE : 6 :  F6_23    M4_18    F4_21
PEDIGREE : 6 :  M6_21    M4_13    F4_21
PEDIGREE : 6 :  M6_22    M4_5    F4_21
PEDIGREE : 6 :  M6_23    M4_16    F4_21
PEDIGREE : 6 :  M6_24    M4_13    F4_21
PEDIGREE : 6 :  M6_25    M4_5    F4_21
VERBIAGE : Done with this generation
VERBIAGE :  Exiting MakeBabies()
POST_REPROD_CENSUS_AGES :           6  :	1	2
POST_REPROD_CENSUS_COUNTS : MALES  : 6  :	10	10
POST_REPROD_CENSUS_COUNTS : FEM    : 6  :	19	9
PREKILL_CENSUS_AGES :           7  :	0	1
PREKILL_CENSUS_COUNTS : MALES  : 7  :	26	10
PREKILL_CENSUS_COUNTS : FEM    : 7  :	24	19
POSTKILL_CENSUS_AGES :           7  :	1	2
POSTKILL_CENSUS_COUNTS : MALES  : 7  :	19	7
POSTKILL_CENSUS_COUNTS : FEM    : 7  :	16	16

VERBIAGE :   Entering MakeBabies : t=7     N=50
VERBIAGE :  Mean Num Offspring per Female  (NumFemalesRemaining) and [ProbOfReproducing] of Different Ages  : 0.000 ( 16 ) [ 0.000 ]    3.125 ( 16 ) [ 1.000 ]    
PEDIGREE : 7 :  F7_0    M5_11    F5_0
PEDIGREE : 7 :  F7_1    M5_13    F5_0
PEDIGREE : 7 :  M7_0    M5_3    F5_0
PEDIGREE : 7 :  M7_1    M5_2    F5_0
PEDIGREE : 7 :  M7_2    M5_13    F5_0
PEDIGREE : 7 :  F7_2    M5_15    F5_3
PEDIGREE : 7 :  F7_3    M5_8    F5_3
PEDIGREE : 7 :  M7_3    M5_11    F5_3
PEDIGREE : 7 :  M7_4    M5_15    F5_3
PEDIGREE : 7 :  F7_4    M5_2    F5_4
PEDIGREE : 7 :  F7_5    M5_2    F5_4
PEDIGREE : 7 :  M7_5    M5_15    F5_4
PEDIGREE : 7 :  M7_6    M5_13    F5_4
PEDIGREE : 7 :  M7_7    M5_15    F5_6
PEDIGREE : 7 :  M7_8    M5_3    F5_6
PEDIGREE : 7 :  F7_6    M5_3    F5_12
PEDIGREE : 7 :  M7_9    M5_15    F5_12
PEDIGREE : 7 :  F7_7    M5_2    F5_14
PEDIGREE : 7 :  F7_8    M5_11    F5_14
PEDIGREE : 7 :  F7_9    M5_13    F5_14
PEDIGREE : 7 :  F7_10    M5_15    F5_15
PEDIGREE : 7 :  M7_10    M5_13    F5_15
PEDIGREE : 7 :  F7_11    M5_2    F5_17
PEDIGREE : 7 :  F7_12    M5_15    F5_17
PEDIGREE : 7 :  F7_13    M5_13    F5_17
PEDIGREE : 7 :  M7_11    M5_13    F5_17
PEDIGREE : 7 :  M7_12    M5_8    F5_17
PEDIGREE : 7 :  F7_14    M5_13    F5_18
PEDIGREE : 7 :  F7_15    M5_12    F5_18
PEDIGREE : 7 :  F7_16    M5_3    F5_18
PEDIGREE : 7 :  M7_13    M5_11    F5_18
PEDIGREE : 7 :  M7_14    M5_3    F5_18
PEDIGREE : 7 :  M7_15    M5_8    F5_18
PEDIGREE : 7 :  M7_16    M5_2    F5_20
PEDIGREE : 7 :  F7_17    M5_8    F5_23
PEDIGREE : 7 :  M7_17    M5_11    F5_23
PEDIGREE : 7 :  F7_18    M5_11    F5_26
PEDIGREE : 7 :  F7_19    M5_15    F5_26
PEDIGREE : 7 :  F7_20    M5_13    F5_26
PEDIGREE : 7 :  M7_18    M5_15    F5_26
PEDIGREE : 7 :  F7_21    M5_12    F5_27
PEDIGREE : 7 :  M7_19    M5_3    F5_27
PEDIGREE : 7 :  M7_20    M5_8    F5_27
PEDIGREE : 7 :  M7_21    M5_3    F5_27
PEDIGREE : 7 :  M7_22    M5_8    F5_27
PEDIGREE : 7 :  F7_22    M5_3    F5_28
PEDIGREE : 7 :  F7_23    M5_11    F5_28
PEDIGREE : 7 :  M7_23    M5_3    F5_28
PEDIGREE : 7 :  F7_24    M5_2    F5_31
PEDIGREE : 7 :  M7_24    M5_11    F5_31
VERBIAGE : Done with this generation
VERBIAGE :  Exiting MakeBabies()
POST_REPROD_CENSUS_AGES :           7  :	1	2
POST_REPROD_CENSUS_COUNTS : MALES  : 7  :	19	7
POST_REPROD_CENSUS_COUNTS : FEM    : 7  :	16	16
PREKILL_CENSUS_AGES :           8  :	0	1
PREKILL_CENSUS_COUNTS : MALES  : 8  :	25	19
PREKILL_CENSUS_COUNTS : FEM    : 8  :	25	16
POSTKILL_CENSUS_AGES :           8  :	1	2
POSTKILL_CENSUS_COUNTS : MALES  : 8  :	11	10
POSTKILL_CENSUS_COUNTS : FEM    : 8  :	9	14

VERBIAGE :   Entering MakeBabies : t=8     N=50
VERBIAGE :  Mean Num Offspring per Female  (NumFemalesRemaining) and [ProbOfReproducing] of Different Ages  : 0.000 ( 9 ) [ 0.000 ]    3.571 ( 14 ) [ 1.000 ]    
PEDIGREE : 8 :  F8_0    M6_3    F6_1
PEDIGREE : 8 :  F8_1    M6_3    F6_1
PEDIGREE : 8 :  F8_2    M6_5    F6_1
PEDIGREE : 8 :  M8_0    M6_20    F6_1
PEDIGREE : 8 :  F8_3    M6_3    F6_3
PEDIGREE : 8 :  F8_4    M6_22    F6_3
PEDIGREE : 8 :  F8_5    M6_7    F6_3
PEDIGREE : 8 :  F8_6    M6_5    F6_3
PEDIGREE : 8 :  M8_1    M6_20    F6_3
PEDIGREE : 8 :  M8_2    M6_20    F6_3
PEDIGREE : 8 :  M8_3    M6_3    F6_4
PEDIGREE : 8 :  M8_4    M6_5    F6_4
PEDIGREE : 8 :  F8_7    M6_20    F6_6
PEDIGREE : 8 :  F8_8    M6_13    F6_6
PEDIGREE : 8 :  F8_9    M6_22    F6_6
PEDIGREE : 8 :  F8_10    M6_18    F6_7
PEDIGREE : 8 :  M8_5    M6_18    F6_7
PEDIGREE : 8 :  M8_6    M6_22    F6_7
PEDIGREE : 8 :  F8_11    M6_13    F6_10
PEDIGREE : 8 :  M8_7    M6_2    F6_10
PEDIGREE : 8 :  M8_8    M6_18    F6_10
PEDIGREE : 8 :  F8_12    M6_8    F6_15
PEDIGREE : 8 :  F8_13    M6_20    F6_15
PEDIGREE : 8 :  F8_14    M6_23    F6_15
PEDIGREE : 8 :  F8_15    M6_3    F6_15
PEDIGREE : 8 :  M8_9    M6_2    F6_15
PEDIGREE : 8 :  M8_10    M6_8    F6_15
PEDIGREE : 8 :  M8_11    M6_20    F6_15
PEDIGREE : 8 :  M8_12    M6_3    F6_15
PEDIGREE : 8 :  F8_16    M6_18    F6_17
PEDIGREE : 8 :  F8_17    M6_22    F6_17
PEDIGREE : 8 :  M8_13    M6_5    F6_17
PEDIGREE : 8 :  M8_14    M6_2    F6_17
PEDIGREE : 8 :  M8_15    M6_7    F6_17
PEDIGREE : 8 :  F8_18    M6_8    F6_19
PEDIGREE : 8 :  F8_19    M6_20    F6_19
PEDIGREE : 8 :  M8_16    M6_8    F6_19
PEDIGREE : 8 :  F8_20    M6_3    F6_20
PEDIGREE : 8 :  F8_21    M6_13    F6_20
PEDIGREE : 8 :  M8_17    M6_13    F6_20
PEDIGREE : 8 :  M8_18    M6_5    F6_20
PEDIGREE : 8 :  M8_19    M6_2    F6_20
PEDIGREE : 8 :  F8_22    M6_5    F6_21
PEDIGREE : 8 :  F8_23    M6_7    F6_21
PEDIGREE : 8 :  M8_20    M6_22    F6_21
PEDIGREE : 8 :  M8_21    M6_23    F6_21
PEDIGREE : 8 :  M8_22    M6_23    F6_21
PEDIGREE : 8 :  F8_24    M6_20    F6_23
PEDIGREE : 8 :  F8_25    M6_22    F6_23
PEDIGREE : 8 :  F8_26    M6_7    F6_23
VERBIAGE : Done with this generation
VERBIAGE :  Exiting MakeBabies()
POST_REPROD_CENSUS_AGES :           8  :	1	2
POST_REPROD_CENSUS_COUNTS : MALES  : 8  :	11	10
POST_REPROD_CENSUS_COUNTS : FEM    : 8  :	9	14
PREKILL_CENSUS_AGES :           9  :	0	1
PREKILL_CENSUS_COUNTS : MALES  : 9  :	23	11
PREKILL_CENSUS_COUNTS : FEM    : 9  :	27	9
POSTKILL_CENSUS_AGES :           9  :	1	2
POSTKILL_CENSUS_COUNTS : MALES  : 9  :	12	10
POSTKILL_CENSUS_COUNTS : FEM    : 9  :	14	7

VERBIAGE :   Entering MakeBabies : t=9     N=50
VERBIAGE :  Mean Num Offspring per Female  (NumFemalesRemaining) and [ProbOfReproducing] of Different Ages  : 0.000 ( 14 ) [ 0.000 ]    7.143 ( 7 ) [ 1.000 ]    
PEDIGREE : 9 :  F9_0    M7_7    F7_0
PEDIGREE : 9 :  F9_1    M7_17    F7_0
PEDIGREE : 9 :  M9_0    M7_11    F7_0
PEDIGREE : 9 :  M9_1    M7_10    F7_0
PEDIGREE : 9 :  M9_2    M7_21    F7_0
PEDIGREE : 9 :  F9_2    M7_20    F7_2
PEDIGREE : 9 :  F9_3    M7_11    F7_2
PEDIGREE : 9 :  M9_3    M7_17    F7_2
PEDIGREE : 9 :  M9_4    M7_20    F7_2
PEDIGREE : 9 :  F9_4    M7_10    F7_6
PEDIGREE : 9 :  F9_5    M7_20    F7_6
PEDIGREE : 9 :  F9_6    M7_11    F7_6
PEDIGREE : 9 :  F9_7    M7_7    F7_6
PEDIGREE : 9 :  F9_8    M7_21    F7_6
PEDIGREE : 9 :  M9_5    M7_11    F7_6
PEDIGREE : 9 :  M9_6    M7_11    F7_6
PEDIGREE : 9 :  F9_9    M7_10    F7_11
PEDIGREE : 9 :  F9_10    M7_7    F7_11
PEDIGREE : 9 :  F9_11    M7_3    F7_11
PEDIGREE : 9 :  M9_7    M7_3    F7_11
PEDIGREE : 9 :  M9_8    M7_7    F7_11
PEDIGREE : 9 :  M9_9    M7_10    F7_11
PEDIGREE : 9 :  M9_10    M7_17    F7_11
PEDIGREE : 9 :  F9_12    M7_15    F7_17
PEDIGREE : 9 :  F9_13    M7_21    F7_17
PEDIGREE : 9 :  F9_14    M7_20    F7_17
PEDIGREE : 9 :  F9_15    M7_3    F7_17
PEDIGREE : 9 :  F9_16    M7_11    F7_17
PEDIGREE : 9 :  F9_17    M7_20    F7_17
PEDIGREE : 9 :  F9_18    M7_17    F7_17
PEDIGREE : 9 :  F9_19    M7_7    F7_17
PEDIGREE : 9 :  F9_20    M7_9    F7_17
PEDIGREE : 9 :  F9_21    M7_11    F7_17
PEDIGREE : 9 :  M9_11    M7_15    F7_17
PEDIGREE : 9 :  M9_12    M7_21    F7_17
PEDIGREE : 9 :  M9_13    M7_21    F7_17
PEDIGREE : 9 :  M9_14    M7_15    F7_17
PEDIGREE : 9 :  F9_22    M7_11    F7_19
PEDIGREE : 9 :  M9_15    M7_3    F7_19
PEDIGREE : 9 :  M9_16    M7_3    F7_19
PEDIGREE : 9 :  M9_17    M7_21    F7_19
PEDIGREE : 9 :  M9_18    M7_17    F7_19
PEDIGREE : 9 :  M9_19    M7_9    F7_19
PEDIGREE : 9 :  F9_23    M7_22    F7_24
PEDIGREE : 9 :  F9_24    M7_17    F7_24
PEDIGREE : 9 :  F9_25    M7_7    F7_24
PEDIGREE : 9 :  M9_20    M7_9    F7_24
PEDIGREE : 9 :  M9_21    M7_9    F7_24
PEDIGREE : 9 :  M9_22    M7_3    F7_24
PEDIGREE : 9 :  M9_23    M7_7    F7_24
VERBIAGE : Done with this generation
VERBIAGE :  Exiting MakeBabies()
POST_REPROD_CENSUS_AGES :           9  :	1	2
POST_REPROD_CENSUS_COUNTS : MALES  : 9  :	12	10
POST_REPROD_CENSUS_COUNTS : FEM    : 9  :	14	7
PREKILL_CENSUS_AGES :           10  :	0	1
PREKILL_CENSUS_COUNTS : MALES  : 10  :	24	12
PREKILL_CENSUS_COUNTS : FEM    : 10  :	26	14
POSTKILL_CENSUS_AGES :           10  :	1	2
POSTKILL_CENSUS_COUNTS : MALES  : 10  :	8	6
POSTKILL_CENSUS_COUNTS : FEM    : 10  :	15	10

VERBIAGE :   Entering MakeBabies : t=10     N=50
VERBIAGE :  Mean Num Offspring per Female  (NumFemalesRemaining) and [ProbOfReproducing] of Different Ages  : 0.000 ( 15 ) [ 0.000 ]    5.000 ( 10 ) [ 1.000 ]    
PEDIGREE : 10 :  F10_0    M8_13    F8_1
PEDIGREE : 10 :  F10_1    M8_8    F8_1
PEDIGREE : 10 :  M10_0    M8_8    F8_1
PEDIGREE : 10 :  M10_1    M8_8    F8_1
PEDIGREE : 10 :  M10_2    M8_6    F8_1
PEDIGREE : 10 :  M10_3    M8_11    F8_1
PEDIGREE : 10 :  F10_2    M8_2    F8_3
PEDIGREE : 10 :  F10_3    M8_13    F8_3
PEDIGREE : 10 :  F10_4    M8_2    F8_3
PEDIGREE : 10 :  F10_5    M8_13    F8_3
PEDIGREE : 10 :  F10_6    M8_6    F8_3
PEDIGREE : 10 :  F10_7    M8_2    F8_3
PEDIGREE : 10 :  M10_4    M8_2    F8_3
PEDIGREE : 10 :  M10_5    M8_2    F8_3
PEDIGREE : 10 :  F10_8    M8_7    F8_8
PEDIGREE : 10 :  M10_6    M8_8    F8_8
PEDIGREE : 10 :  M10_7    M8_6    F8_8
PEDIGREE : 10 :  F10_9    M8_7    F8_9
PEDIGREE : 10 :  F10_10    M8_8    F8_9
PEDIGREE : 10 :  F10_11    M8_2    F8_9
PEDIGREE : 10 :  F10_12    M8_7    F8_9
PEDIGREE : 10 :  M10_8    M8_8    F8_9
PEDIGREE : 10 :  F10_13    M8_13    F8_13
PEDIGREE : 10 :  F10_14    M8_11    F8_13
PEDIGREE : 10 :  M10_9    M8_6    F8_13
PEDIGREE : 10 :  M10_10    M8_6    F8_13
PEDIGREE : 10 :  M10_11    M8_2    F8_13
PEDIGREE : 10 :  M10_12    M8_2    F8_13
PEDIGREE : 10 :  F10_15    M8_2    F8_16
PEDIGREE : 10 :  M10_13    M8_11    F8_16
PEDIGREE : 10 :  M10_14    M8_2    F8_16
PEDIGREE : 10 :  M10_15    M8_11    F8_16
PEDIGREE : 10 :  F10_16    M8_8    F8_18
PEDIGREE : 10 :  F10_17    M8_7    F8_18
PEDIGREE : 10 :  F10_18    M8_11    F8_18
PEDIGREE : 10 :  F10_19    M8_11    F8_18
PEDIGREE : 10 :  M10_16    M8_2    F8_18
PEDIGREE : 10 :  F10_20    M8_7    F8_19
PEDIGREE : 10 :  F10_21    M8_11    F8_19
PEDIGREE : 10 :  F10_22    M8_7    F8_19
PEDIGREE : 10 :  F10_23    M8_11    F8_19
PEDIGREE : 10 :  M10_17    M8_13    F8_19
PEDIGREE : 10 :  M10_18    M8_13    F8_19
PEDIGREE : 10 :  F10_24    M8_6    F8_20
PEDIGREE : 10 :  M10_19    M8_8    F8_20
PEDIGREE : 10 :  M10_20    M8_2    F8_20
PEDIGREE : 10 :  F10_25    M8_11    F8_25
PEDIGREE : 10 :  F10_26    M8_11    F8_25
PEDIGREE : 10 :  M10_21    M8_13    F8_25
PEDIGREE : 10 :  M10_22    M8_11    F8_25
VERBIAGE : Done with this generation
VERBIAGE :  Exiting MakeBabies()
POST_REPROD_CENSUS_AGES :           10  :	1	2
POST_REPROD_CENSUS_COUNTS : MALES  : 10  :	8	6
POST_REPROD_CENSUS_COUNTS : FEM    : 10  :	15	10
PREKILL_CENSUS_AGES :           11  :	0	1
PREKILL_CENSUS_COUNTS : MALES  : 11  :	23	8
PREKILL_CENSUS_COUNTS : FEM    : 11  :	27	15
POSTKILL_CENSUS_AGES :           11  :	1	2
POSTKILL_CENSUS_COUNTS : MALES  : 11  :	9	7
POSTKILL_CENSUS_COUNTS : FEM    : 11  :	15	8

VERBIAGE :   Entering MakeBabies : t=11     N=50
VERBIAGE :  Mean Num Offspring per Female  (NumFemalesRemaining) and [ProbOfReproducing] of Different Ages  : 0.000 ( 15 ) [ 0.000 ]    6.250 ( 8 ) [ 1.000 ]    
PEDIGREE : 11 :  F11_0    M9_19    F9_3
PEDIGREE : 11 :  F11_1    M9_22    F9_3
PEDIGREE : 11 :  F11_2    M9_23    F9_3
PEDIGREE : 11 :  F11_3    M9_9    F9_3
PEDIGREE : 11 :  F11_4    M9_23    F9_3
PEDIGREE : 11 :  M11_0    M9_19    F9_3
PEDIGREE : 11 :  M11_1    M9_15    F9_3
PEDIGREE : 11 :  M11_2    M9_20    F9_3
PEDIGREE : 11 :  F11_5    M9_19    F9_8
PEDIGREE : 11 :  M11_3    M9_9    F9_8
PEDIGREE : 11 :  M11_4    M9_20    F9_8
PEDIGREE : 11 :  F11_6    M9_19    F9_10
PEDIGREE : 11 :  F11_7    M9_20    F9_10
PEDIGREE : 11 :  M11_5    M9_19    F9_10
PEDIGREE : 11 :  M11_6    M9_22    F9_10
PEDIGREE : 11 :  F11_8    M9_9    F9_11
PEDIGREE : 11 :  F11_9    M9_22    F9_11
PEDIGREE : 11 :  F11_10    M9_19    F9_11
PEDIGREE : 11 :  M11_7    M9_9    F9_11
PEDIGREE : 11 :  F11_11    M9_13    F9_13
PEDIGREE : 11 :  F11_12    M9_15    F9_13
PEDIGREE : 11 :  M11_8    M9_19    F9_13
PEDIGREE : 11 :  F11_13    M9_23    F9_16
PEDIGREE : 11 :  F11_14    M9_13    F9_16
PEDIGREE : 11 :  F11_15    M9_23    F9_16
PEDIGREE : 11 :  F11_16    M9_23    F9_16
PEDIGREE : 11 :  F11_17    M9_9    F9_16
PEDIGREE : 11 :  F11_18    M9_15    F9_16
PEDIGREE : 11 :  F11_19    M9_22    F9_16
PEDIGREE : 11 :  F11_20    M9_19    F9_16
PEDIGREE : 11 :  F11_21    M9_9    F9_16
PEDIGREE : 11 :  F11_22    M9_19    F9_16
PEDIGREE : 11 :  M11_9    M9_9    F9_16
PEDIGREE : 11 :  M11_10    M9_9    F9_16
PEDIGREE : 11 :  M11_11    M9_22    F9_16
PEDIGREE : 11 :  M11_12    M9_19    F9_16
PEDIGREE : 11 :  M11_13    M9_22    F9_16
PEDIGREE : 11 :  F11_23    M9_13    F9_24
PEDIGREE : 11 :  M11_14    M9_13    F9_24
PEDIGREE : 11 :  M11_15    M9_20    F9_24
PEDIGREE : 11 :  M11_16    M9_22    F9_24
PEDIGREE : 11 :  M11_17    M9_19    F9_24
PEDIGREE : 11 :  F11_24    M9_15    F9_25
PEDIGREE : 11 :  F11_25    M9_13    F9_25
PEDIGREE : 11 :  F11_26    M9_15    F9_25
PEDIGREE : 11 :  F11_27    M9_23    F9_25
PEDIGREE : 11 :  M11_18    M9_22    F9_25
PEDIGREE : 11 :  M11_19    M9_19    F9_25
PEDIGREE : 11 :  M11_20    M9_20    F9_25
PEDIGREE : 11 :  M11_21    M9_13    F9_25
VERBIAGE : Done with this generation
VERBIAGE :  Exiting MakeBabies()
POST_REPROD_CENSUS_AGES :           11  :	1	2
POST_REPROD_CENSUS_COUNTS : MALES  : 11  :	9	7
POST_REPROD_CENSUS_COUNTS : FEM    : 11  :	15	8
VERBIAGE :  initializing indics to -2 in AncestryOfSampledGenes
VERBIAGE :  Done tracing ancestry at locus 1
VERBIAGE :  initializing indics to -2 in AncestryOfSampledGenes
VERBIAGE :  Done tracing ancestry at locus 2
VERBIAGE :  initializing indics to -2 in AncestryOfSampledGenes
VERBIAGE :  Done tracing ancestry at locus 3
VERBIAGE :  initializing indics to -2 in AncestryOfSampledGenes
VERBIAGE :  Done tracing ancestry at locus 4
VERBIAGE :  initializing indics to -2 in AncestryOfSampledGenes
VERBIAGE :  Done tracing ancestry at locus 5
VERBIAGE :  initializing indics to -2 in AncestryOfSampledGenes
VERBIAGE :  Done tracing ancestry at locus 6
VERBIAGE :  initializing indics to -2 in AncestryOfSampledGenes
VERBIAGE :  Done tracing ancestry at locus 7
VERBIAGE :  initializing indics to -2 in AncestryOfSampledGenes
VERBIAGE :  Done tracing ancestry at locus 8
VERBIAGE :  initializing indics to -2 in AncestryOfSampledGenes
VERBIAGE :  Done tracing ancestry at locus 9
GenotypesByFounderAlleles : F3_0 : 4  :  :  : 2/1	2/1	2/1	2/1	2/1	2/1	2/1	2/1	2/1	
GenotypesByFounderAlleles : F3_1 : 4  :  :  : 4/3	4/3	4/3	4/3	4/3	4/3	4/3	4/3	4/3	
GenotypesByFounderAlleles : F3_2 : 4  :  :  : 6/5	6/5	6/5	6/5	6/5	6/5	6/5	6/5	6/5	
GenotypesByFounderAlleles : F3_3 : 4  :  :  : 8/7	8/7	8/7	8/7	8/7	8/7	8/7	8/7	8/7	
GenotypesByFounderAlleles : F3_4 : 4  :  :  : 10/9	10/9	10/9	10/9	10/9	10/9	10/9	10/9	10/9	
GenotypesByFounderAlleles : F3_5 : 4  :  :  : 12/11	12/11	12/11	12/11	12/11	12/11	12/11	12/11	12/11	
GenotypesByFounderAlleles : F3_6 : 4  :  :  : 14/13	14/13	14/13	14/13	14/13	14/13	14/13	14/13	14/13	
GenotypesByFounderAlleles : F3_7 : 4  :  :  : 16/15	16/15	16/15	16/15	16/15	16/15	16/15	16/15	16/15	
GenotypesByFounderAlleles : F3_8 : 4  :  :  : 18/17	18/17	18/17	18/17	18/17	18/17	18/17	18/17	18/17	
GenotypesByFounderAlleles : F3_9 : 4  :  :  : 20/19	20/19	20/19	20/19	20/19	20/19	20/19	20/19	20/19	
GenotypesByFounderAlleles : F3_10 : 4  :  :  : 22/21	22/21	22/21	22/21	22/21	22/21	22/21	22/21	22/21	
GenotypesByFounderAlleles : F3_11 : 4  :  :  : 24/23	24/23	24/23	24/23	24/23	24/23	24/23	24/23	24/23	
GenotypesByFounderAlleles : F3_12 : 4  :  :  : 26/25	26/25	26/25	26/25	26/25	26/25	26/25	26/25	26/25	
GenotypesByFounderAlleles : F3_13 : 4  :  :  : 28/27	28/27	28/27	28/27	28/27	28/27	28/27	28/27	28/27	
GenotypesByFounderAlleles : F3_14 : 4  :  :  : 30/29	30/29	30/29	30/29	30/29	30/29	30/29	30/29	30/29	
GenotypesByFounderAlleles : F3_15 : 4  :  :  : 32/31	32/31	32/31	32/31	32/31	32/31	32/31	32/31	32/31	
GenotypesByFounderAlleles : F3_16 : 4  :  :  : 34/33	34/33	34/33	34/33	34/33	34/33	34/33	34/33	34/33	
GenotypesByFounderAlleles : F3_17 : 4  :  :  : 36/35	36/35	36/35	36/35	36/35	36/35	36/35	36/35	36/35	
GenotypesByFounderAlleles : F3_18 : 4  :  :  : 38/37	38/37	38/37	38/37	38/37	38/37	38/37	38/37	38/37	
GenotypesByFounderAlleles : F3_19 : 4  :  :  : 40/39	40/39	40/39	40/39	40/39	40/39	40/39	40/39	40/39	
GenotypesByFounderAlleles : F3_20 : 4  :  :  : 42/41	42/41	42/41	42/41	42/41	42/41	42/41	42/41	42/41	
GenotypesByFounderAlleles : F3_21 : 4  :  :  : 44/43	44/43	44/43	44/43	44/43	44/43	44/43	44/43	44/43	
GenotypesByFounderAlleles : F3_22 : 4  :  :  : 46/45	46/45	46/45	46/45	46/45	46/45	46/45	46/45	46/45	
GenotypesByFounderAlleles : M3_0 : 4  :  :  : 48/47	48/47	48/47	48/47	48/47	48/47	48/47	48/47	48/47	
GenotypesByFounderAlleles : M3_1 : 4  :  :  : 50/49	50/49	50/49	50/49	50/49	50/49	50/49	50/49	50/49	
GenotypesByFounderAlleles : M3_2 : 4  :  :  : 52/51	52/51	52/51	52/51	52/51	52/51	52/51	52/51	52/51	
GenotypesByFounderAlleles : M3_3 : 4  :  :  : 54/53	54/53	54/53	54/53	54/53	54/53	54/53	54/53	54/53	
GenotypesByFounderAlleles : M3_4 : 4  :  :  : 56/55	56/55	56/55	56/55	56/55	56/55	56/55	56/55	56/55	
GenotypesByFounderAlleles : M3_5 : 4  :  :  : 58/57	58/57	58/57	58/57	58/57	58/57	58/57	58/57	58/57	
GenotypesByFounderAlleles : M3_6 : 4  :  :  : 60/59	60/59	60/59	60/59	60/59	60/59	60/59	60/59	60/59	
GenotypesByFounderAlleles : M3_7 : 4  :  :  : 62/61	62/61	62/61	62/61	62/61	62/61	62/61	62/61	62/61	
GenotypesByFounderAlleles : M3_8 : 4  :  :  : 64/63	64/63	64/63	64/63	64/63	64/63	64/63	64/63	64/63	
GenotypesByFounderAlleles : M3_9 : 4  :  :  : 66/65	66/65	66/65	66/65	66/65	66/65	66/65	66/65	66/65	
GenotypesByFounderAlleles : M3_10 : 4  :  :  : 68/67	68/67	68/67	68/67	68/67	68/67	68/67	68/67	68/67	
GenotypesByFounderAlleles : M3_11 : 4  :  :  : 70/69	70/69	70/69	70/69	70/69	70/69	70/69	70/69	70/69	
GenotypesByFounderAlleles : M3_12 : 4  :  :  : 72/71	72/71	72/71	72/71	72/71	72/71	72/71	72/71	72/71	
GenotypesByFounderAlleles : M3_13 : 4  :  :  : 74/73	74/73	74/73	74/73	74/73	74/73	74/73	74/73	74/73	
GenotypesByFounderAlleles : M3_14 : 4  :  :  : 76/75	76/75	76/75	76/75	76/75	76/75	76/75	76/75	76/75	
GenotypesByFounderAlleles : M3_15 : 4  :  :  : 78/77	78/77	78/77	78/77	78/77	78/77	78/77	78/77	78/77	
GenotypesByFounderAlleles : M3_16 : 4  :  :  : 80/79	80/79	80/79	80/79	80/79	80/79	80/79	80/79	80/79	
GenotypesByFounderAlleles : M3_17 : 4  :  :  : 82/81	82/81	82/81	82/81	82/81	82/81	82/81	82/81	82/81	
GenotypesByFounderAlleles : M3_18 : 4  :  :  : 84/83	84/83	84/83	84/83	84/83	84/83	84/83	84/83	84/83	
GenotypesByFounderAlleles : M3_19 : 4  :  :  : 86/85	86/85	86/85	86/85	86/85	86/85	86/85	86/85	86/85	
GenotypesByFounderAlleles : M3_20 : 4  :  :  : 88/87	88/87	88/87	88/87	88/87	88/87	88/87	88/87	88/87	
GenotypesByFounderAlleles : M3_21 : 4  :  :  : 90/89	90/89	90/89	90/89	90/89	90/89	90/89	90/89	90/89	
GenotypesByFounderAlleles : M3_22 : 4  :  :  : 92/91	92/91	92/91	92/91	92/91	92/91	92/91	92/91	92/91	
GenotypesByFounderAlleles : M3_23 : 4  :  :  : 94/93	94/93	94/93	94/93	94/93	94/93	94/93	94/93	94/93	
GenotypesByFounderAlleles : M3_24 : 4  :  :  : 96/95	96/95	96/95	96/95	96/95	96/95	96/95	96/95	96/95	
GenotypesByFounderAlleles : M3_25 : 4  :  :  : 98/97	98/97	98/97	98/97	98/97	98/97	98/97	98/97	98/97	
GenotypesByFounderAlleles : M3_26 : 4  :  :  : 100/99	100/99	100/99	100/99	100/99	100/99	100/99	100/99	100/99	
GenotypesByFounderAlleles : F6_0 : 7  :  :  : 102/101	102/101	102/101	102/101	102/101	102/101	102/101	102/101	102/101	
GenotypesByFounderAlleles : F6_1 : 7  :  :  : 102/103	102/103	102/103	102/103	104/103	102/103	102/103	102/103	102/103	
GenotypesByFounderAlleles : F6_2 : 7  :  :  : 102/104	105/104	105/104	102/104	102/105	102/104	102/104	105/104	105/104	
GenotypesByFounderAlleles : F6_3 : 7  :  :  : 106/105	102/106	105/106	102/105	102/106	106/105	106/105	102/106	105/106	
GenotypesByFounderAlleles : F6_4 : 7  :  :  : 102/107	102/103	102/107	107/106	104/103	106/103	102/107	102/103	105/103	
GenotypesByFounderAlleles : F6_5 : 7  :  :  : 109/108	107/104	108/104	109/108	108/107	107/104	108/104	108/107	108/107	
GenotypesByFounderAlleles : F6_6 : 7  :  :  : 111/110	108/101	110/109	111/110	108/101	108/101	108/101	109/101	110/109	
GenotypesByFounderAlleles : F6_7 : 7  :  :  : 111/104	107/109	110/111	111/108	109/107	107/109	110/109	108/104	108/104	
GenotypesByFounderAlleles : F6_8 : 7  :  :  : 113/112	111/110	113/112	113/112	111/110	111/110	112/111	111/110	112/111	
GenotypesByFounderAlleles : F6_9 : 7  :  :  : 114/108	111/104	114/111	113/104	111/107	112/104	113/109	112/107	112/104	
GenotypesByFounderAlleles : F6_10 : 7  :  :  : 116/115	113/112	116/115	115/114	113/112	114/113	115/114	114/113	114/113	
GenotypesByFounderAlleles : F6_11 : 7  :  :  : 116/115	114/112	116/117	115/116	113/112	116/115	115/116	114/113	114/113	
GenotypesByFounderAlleles : F6_12 : 7  :  :  : 118/117	114/115	116/118	118/117	115/114	116/117	118/117	114/115	116/115	
GenotypesByFounderAlleles : F6_13 : 7  :  :  : 118/112	113/116	120/119	118/112	113/110	114/118	118/111	114/110	116/117	
GenotypesByFounderAlleles : F6_14 : 7  :  :  : 119/115	118/117	121/117	119/116	116/112	119/113	119/116	117/116	118/113	
GenotypesByFounderAlleles : F6_15 : 7  :  :  : 119/120	119/106	122/106	119/120	116/117	121/120	119/120	118/106	118/106	
GenotypesByFounderAlleles : F6_16 : 7  :  :  : 121/112	119/116	121/119	122/121	116/118	121/110	121/111	117/110	118/111	
GenotypesByFounderAlleles : F6_17 : 7  :  :  : 123/122	120/115	123/118	123/117	120/119	122/117	122/117	119/115	119/115	
GenotypesByFounderAlleles : F6_18 : 7  :  :  : 125/124	122/121	125/124	125/124	122/121	124/123	124/123	121/120	121/120	
GenotypesByFounderAlleles : F6_19 : 7  :  :  : 127/126	123/110	125/112	125/112	123/110	125/110	124/125	122/110	122/117	
GenotypesByFounderAlleles : F6_20 : 7  :  :  : 125/101	122/101	126/101	126/101	123/101	124/126	124/101	122/101	121/109	
GenotypesByFounderAlleles : F6_21 : 7  :  :  : 128/120	124/106	128/127	127/105	124/106	127/120	126/105	123/106	124/123	
GenotypesByFounderAlleles : F6_22 : 7  :  :  : 128/129	124/121	130/129	129/128	125/121	127/123	126/123	123/120	125/120	
GenotypesByFounderAlleles : F6_23 : 7  :  :  : 128/110	126/125	128/109	129/110	124/126	127/101	126/127	124/101	124/109	
GenotypesByFounderAlleles : M6_0 : 7  :  :  : 102/126	105/116	105/119	107/121	104/118	106/110	106/125	102/110	105/117	
GenotypesByFounderAlleles : M6_1 : 7  :  :  : 106/130	105/117	105/117	107/116	104/112	102/113	106/114	102/113	105/113	
GenotypesByFounderAlleles : M6_2 : 7  :  :  : 111/124	108/127	110/129	111/128	109/121	107/128	108/123	108/125	108/126	
GenotypesByFounderAlleles : M6_3 : 7  :  :  : 113/131	129/128	114/131	131/130	128/127	111/129	112/128	111/126	128/127	
GenotypesByFounderAlleles : M6_4 : 7  :  :  : 113/120	129/106	113/127	131/105	111/106	111/120	113/120	112/106	128/123	
GenotypesByFounderAlleles : M6_5 : 7  :  :  : 113/117	129/130	114/132	131/117	111/119	111/117	112/129	111/127	128/129	
GenotypesByFounderAlleles : M6_6 : 7  :  :  : 114/115	111/112	113/115	113/114	128/129	112/113	112/116	111/116	112/113	
GenotypesByFounderAlleles : M6_7 : 7  :  :  : 113/132	111/131	113/133	113/132	111/130	111/130	112/130	112/128	112/130	
GenotypesByFounderAlleles : M6_8 : 7  :  :  : 114/129	129/127	114/129	131/124	128/131	111/123	113/131	111/125	112/120	
GenotypesByFounderAlleles : M6_9 : 7  :  :  : 118/115	114/112	116/115	118/116	115/112	116/113	118/114	129/113	116/131	
GenotypesByFounderAlleles : M6_10 : 7  :  :  : 118/115	114/117	116/117	115/114	113/129	114/113	115/114	114/113	116/131	
GenotypesByFounderAlleles : M6_11 : 7  :  :  : 119/120	119/132	122/127	122/120	132/117	121/105	121/120	118/106	132/106	
GenotypesByFounderAlleles : M6_12 : 7  :  :  : 119/110	119/101	122/101	122/101	132/101	121/101	121/127	117/101	132/109	
GenotypesByFounderAlleles : M6_13 : 7  :  :  : 133/101	133/101	134/109	133/110	120/101	131/101	122/127	119/130	119/109	
GenotypesByFounderAlleles : M6_14 : 7  :  :  : 133/131	120/128	123/135	123/134	133/127	122/132	133/132	132/131	133/127	
GenotypesByFounderAlleles : M6_15 : 7  :  :  : 125/112	123/116	126/112	125/112	123/110	125/118	124/125	122/110	122/111	
GenotypesByFounderAlleles : M6_16 : 7  :  :  : 125/103	123/103	125/103	126/103	122/134	124/103	134/107	122/133	122/103	
GenotypesByFounderAlleles : M6_17 : 7  :  :  : 125/101	123/101	125/101	126/101	122/101	125/126	124/101	121/130	121/101	
GenotypesByFounderAlleles : M6_18 : 7  :  :  : 127/103	123/103	126/107	125/103	123/103	124/133	134/107	121/103	122/103	
GenotypesByFounderAlleles : M6_19 : 7  :  :  : 134/110	134/101	136/101	135/101	135/126	134/101	135/101	134/130	134/101	
GenotypesByFounderAlleles : M6_20 : 7  :  :  : 134/101	135/101	137/109	135/110	136/126	134/101	136/101	134/130	135/101	
GenotypesByFounderAlleles : M6_21 : 7  :  :  : 128/126	126/110	128/119	129/121	125/110	135/118	126/111	123/110	124/117	
GenotypesByFounderAlleles : M6_22 : 7  :  :  : 128/117	126/115	130/118	129/117	125/114	135/136	126/129	123/127	125/129	
GenotypesByFounderAlleles : M6_23 : 7  :  :  : 128/120	126/132	128/106	129/105	124/106	135/105	126/105	124/106	125/123	
GenotypesByFounderAlleles : M6_24 : 7  :  :  : 135/112	124/116	130/112	129/121	124/110	127/118	137/125	123/135	124/111	
GenotypesByFounderAlleles : M6_25 : 7  :  :  : 135/117	124/130	130/118	127/117	125/119	127/117	137/129	123/115	124/129	
GenotypesByFounderAlleles : F9_0 : 10  :  :  : 137/136	137/136	139/138	137/136	138/137	138/137	139/138	137/136	137/136	
GenotypesByFounderAlleles : F9_1 : 10  :  :  : 137/138	137/138	139/140	137/137	139/138	139/139	139/140	137/138	139/138	
GenotypesByFounderAlleles : F9_2 : 10  :  :  : 140/139	140/139	142/141	139/138	137/140	137/140	142/141	140/139	141/140	
GenotypesByFounderAlleles : F9_3 : 10  :  :  : 142/141	142/141	142/143	136/140	137/141	142/141	142/143	142/141	141/142	
GenotypesByFounderAlleles : F9_4 : 10  :  :  : 144/143	143/141	145/144	142/141	143/142	144/143	145/144	143/141	144/143	
GenotypesByFounderAlleles : F9_5 : 10  :  :  : 146/145	144/139	146/141	143/138	145/144	144/145	145/146	143/144	144/145	
GenotypesByFounderAlleles : F9_6 : 10  :  :  : 146/141	144/141	146/143	143/144	145/146	144/146	145/143	143/145	144/142	
GenotypesByFounderAlleles : F9_7 : 10  :  :  : 144/147	143/136	146/138	142/136	145/147	148/147	145/138	147/146	147/146	
GenotypesByFounderAlleles : F9_8 : 10  :  :  : 144/146	143/145	145/147	142/145	143/140	144/149	145/147	143/148	144/148	
GenotypesByFounderAlleles : F9_9 : 10  :  :  : 149/148	146/141	148/143	146/144	148/146	146/143	149/148	149/141	150/149	
GenotypesByFounderAlleles : F9_10 : 10  :  :  : 149/136	147/136	148/138	146/136	148/137	150/147	149/150	149/146	151/136	
GenotypesByFounderAlleles : F9_11 : 10  :  :  : 149/150	146/148	148/149	146/147	150/149	146/151	143/151	151/150	151/137	
GenotypesByFounderAlleles : F9_12 : 10  :  :  : 151/139	149/139	140/150	149/148	152/151	153/152	141/141	139/152	153/152	
GenotypesByFounderAlleles : F9_13 : 10  :  :  : 151/145	149/145	140/141	149/145	152/140	153/149	141/152	139/148	154/148	
GenotypesByFounderAlleles : F9_14 : 10  :  :  : 151/139	138/139	151/141	149/148	152/140	145/145	153/141	153/139	153/145	
GenotypesByFounderAlleles : F9_15 : 10  :  :  : 151/150	138/148	151/149	149/147	154/153	145/154	141/151	139/150	153/155	
GenotypesByFounderAlleles : F9_16 : 10  :  :  : 151/141	149/141	151/152	149/144	154/146	145/146	153/143	153/141	154/156	
GenotypesByFounderAlleles : F9_17 : 10  :  :  : 152/145	138/150	151/151	149/148	152/144	153/145	141/141	153/139	154/145	
GenotypesByFounderAlleles : F9_18 : 10  :  :  : 151/150	138/138	151/149	149/137	152/138	145/155	141/154	139/138	154/137	
GenotypesByFounderAlleles : F9_19 : 10  :  :  : 151/147	149/136	140/153	149/136	152/137	145/137	153/138	153/146	153/146	
GenotypesByFounderAlleles : F9_20 : 10  :  :  : 152/144	149/140	140/145	149/136	152/143	145/156	141/155	153/147	154/136	
GenotypesByFounderAlleles : F9_21 : 10  :  :  : 151/141	149/151	151/143	149/144	152/146	145/141	153/143	139/141	153/156	
GenotypesByFounderAlleles : F9_22 : 10  :  :  : 136/153	152/141	154/152	150/140	155/146	137/146	156/148	154/141	157/156	
GenotypesByFounderAlleles : F9_23 : 10  :  :  : 155/154	147/150	156/155	151/138	150/144	158/157	157/146	155/139	150/153	
GenotypesByFounderAlleles : F9_24 : 10  :  :  : 156/150	147/138	156/140	151/152	150/156	150/155	149/154	155/138	158/137	
GenotypesByFounderAlleles : F9_25 : 10  :  :  : 155/136	147/140	156/153	146/136	157/137	158/137	149/138	155/136	158/136	
GenotypesByFounderAlleles : M9_0 : 10  :  :  : 137/153	137/141	139/143	137/144	139/146	138/146	151/143	137/141	137/142	
GenotypesByFounderAlleles : M9_1 : 10  :  :  : 137/143	137/141	139/143	137/141	139/142	138/141	139/148	137/141	137/143	
GenotypesByFounderAlleles : M9_2 : 10  :  :  : 157/146	153/145	149/147	153/145	138/145	138/149	139/152	137/156	137/148	
GenotypesByFounderAlleles : M9_3 : 10  :  :  : 140/138	142/154	142/140	139/137	158/156	137/155	156/140	142/153	141/138	
GenotypesByFounderAlleles : M9_4 : 10  :  :  : 142/145	140/150	157/151	139/148	158/140	137/145	156/141	142/139	141/140	
GenotypesByFounderAlleles : M9_5 : 10  :  :  : 144/153	143/151	146/143	142/144	145/146	148/141	155/143	143/145	144/142	
GenotypesByFounderAlleles : M9_6 : 10  :  :  : 146/153	144/151	146/143	143/144	145/146	148/146	145/143	147/145	144/142	
GenotypesByFounderAlleles : M9_7 : 10  :  :  : 149/158	147/148	158/149	146/154	150/153	150/154	143/142	151/150	151/155	
GenotypesByFounderAlleles : M9_8 : 10  :  :  : 153/136	147/140	158/153	146/155	148/147	146/147	149/138	151/136	151/136	
GenotypesByFounderAlleles : M9_9 : 10  :  :  : 149/148	147/141	158/143	140/144	148/142	150/141	143/144	149/157	150/143	
GenotypesByFounderAlleles : M9_10 : 10  :  :  : 153/138	146/138	158/140	140/137	148/138	150/155	143/154	151/153	150/137	
GenotypesByFounderAlleles : M9_11 : 10  :  :  : 151/159	149/139	151/159	157/156	154/144	145/152	141/158	153/152	154/153	
GenotypesByFounderAlleles : M9_12 : 10  :  :  : 151/146	149/155	151/147	149/158	152/140	145/149	153/147	139/148	154/148	
GenotypesByFounderAlleles : M9_13 : 10  :  :  : 151/146	138/145	151/141	149/145	154/140	153/159	141/152	153/148	154/148	
GenotypesByFounderAlleles : M9_14 : 10  :  :  : 152/159	138/156	140/159	157/148	154/151	153/152	153/158	139/152	153/153	
GenotypesByFounderAlleles : M9_15 : 10  :  :  : 160/150	152/153	138/160	159/154	159/153	160/151	159/151	154/150	159/137	
GenotypesByFounderAlleles : M9_16 : 10  :  :  : 160/158	157/148	154/149	159/154	159/153	160/154	156/142	154/138	159/137	
GenotypesByFounderAlleles : M9_17 : 10  :  :  : 160/146	152/155	138/147	159/158	155/145	160/149	156/147	146/148	157/145	
GenotypesByFounderAlleles : M9_18 : 10  :  :  : 136/150	157/154	154/140	150/152	155/138	137/155	159/140	146/138	157/138	
GenotypesByFounderAlleles : M9_19 : 10  :  :  : 136/136	152/143	138/145	150/142	155/137	137/156	156/155	154/147	157/144	
GenotypesByFounderAlleles : M9_20 : 10  :  :  : 156/136	158/143	156/145	151/142	157/143	150/156	149/150	158/146	158/136	
GenotypesByFounderAlleles : M9_21 : 10  :  :  : 156/136	147/140	156/142	151/136	150/143	158/156	149/155	155/146	150/144	
GenotypesByFounderAlleles : M9_22 : 10  :  :  : 156/150	158/153	156/160	151/147	150/153	158/154	157/151	155/150	158/137	
GenotypesByFounderAlleles : M9_23 : 10  :  :  : 155/136	147/136	161/138	146/136	150/137	150/137	149/150	158/146	150/136	
FounderTypes : Number_of_Founders_at_Locus : 1 : 160
FounderTypes : Allelic_types_assigned_to_founders_at_locus : 1 : 4 4 4 2 3 4 5 3 4 4 3 5 4 5 3 1 2 3 2 5 5 2 3 2 3 4 2 2 3 1 3 3 2 3 4 2 4 4 3 4 4 1 4 4 5 2 5 2 3 2 1 1 4 4 4 5 2 4 2 3 2 1 1 2 4 4 3 4 5 4 4 4 1 2 4 5 4 4 1 2 5 1 4 4 2 4 4 2 4 4 3 3 4 4 5 4 4 2 4 4 4 4 2 4 4 4 4 4 3 4 5 4 4 4 4 4 2 4 4 3 5 4 4 4 2 5 3 4 4 4 2 4 2 4 4 3 4 1 2 3 2 4 4 5 4 4 4 5 2 4 4 4 4 3 2 4 1 4 4 1 
FounderTypes : Number_of_Founders_at_Locus : 2 : 158
FounderTypes : Allelic_types_assigned_to_founders_at_locus : 2 : 1 1 3 2 1 2 2 2 1 1 1 3 3 1 1 1 2 3 1 1 3 1 3 3 3 2 1 1 1 3 1 2 2 2 3 3 1 1 1 1 2 2 1 3 1 3 2 3 1 2 2 3 1 1 2 1 1 2 2 2 1 1 1 3 1 3 1 3 2 2 2 1 2 1 2 1 2 2 3 2 2 1 1 1 1 2 2 2 3 1 3 1 2 2 3 2 1 1 1 2 1 1 3 1 3 1 1 3 2 2 1 1 3 1 2 1 1 2 1 1 3 1 3 1 1 1 2 1 1 3 1 2 2 1 1 1 1 1 3 1 3 2 1 1 3 2 1 2 3 3 3 1 1 1 3 1 1 2 
FounderTypes : Number_of_Founders_at_Locus : 3 : 161
FounderTypes : Allelic_types_assigned_to_founders_at_locus : 3 : 3 9 7 1 7 9 5 1 10 5 5 10 8 2 5 1 7 1 9 7 9 7 6 7 5 9 9 5 7 3 6 7 7 4 10 7 2 3 9 9 7 7 2 7 9 9 10 2 9 9 2 8 2 9 9 6 4 4 9 9 4 8 8 5 2 5 9 9 7 8 4 5 9 1 7 5 2 9 7 10 8 6 8 1 4 2 10 9 9 1 3 7 9 1 7 8 6 9 2 5 3 7 10 9 1 7 10 9 9 9 1 4 7 7 10 7 3 9 3 1 9 10 2 9 9 8 4 9 5 1 7 2 7 1 9 9 9 8 9 6 9 8 7 2 2 9 2 6 9 7 10 9 10 7 1 9 5 2 7 6 5 
FounderTypes : Number_of_Founders_at_Locus : 4 : 159
FounderTypes : Allelic_types_assigned_to_founders_at_locus : 4 : 2 3 3 3 5 3 6 5 6 3 5 3 6 3 6 3 6 3 4 3 6 6 6 3 4 6 6 6 3 6 5 3 3 5 1 5 1 1 6 3 3 3 1 5 2 4 1 3 6 1 6 3 1 1 4 5 5 4 3 5 5 4 4 6 3 5 6 4 6 6 4 5 3 3 3 3 6 5 6 3 5 5 3 1 6 1 1 6 6 3 4 6 6 4 2 6 3 6 3 3 5 5 3 2 6 5 1 4 5 1 1 6 5 1 6 6 3 3 4 2 6 6 3 3 1 3 1 6 5 3 6 5 3 5 1 6 6 3 6 6 3 3 1 1 3 3 3 2 6 1 5 5 6 5 1 1 5 3 3 
FounderTypes : Number_of_Founders_at_Locus : 5 : 159
FounderTypes : Allelic_types_assigned_to_founders_at_locus : 5 : 1 1 2 1 1 2 1 1 2 2 1 2 1 2 1 2 2 1 1 2 1 2 2 1 2 1 1 1 1 2 2 1 1 1 2 2 1 1 1 2 1 1 2 1 1 1 2 2 1 2 2 1 2 2 2 2 2 2 2 2 2 1 1 2 2 1 2 2 1 1 2 1 1 2 1 2 1 1 2 1 2 2 2 1 2 2 2 2 2 1 1 1 2 2 1 2 1 2 1 1 2 2 1 2 1 2 1 1 1 2 1 2 1 1 1 2 2 2 2 1 2 1 1 1 1 1 2 2 1 1 1 1 2 1 1 2 2 1 1 2 1 2 1 1 1 1 2 1 1 1 1 2 1 1 1 1 1 1 1 
FounderTypes : Number_of_Founders_at_Locus : 6 : 160
FounderTypes : Allelic_types_assigned_to_founders_at_locus : 6 : 7 5 5 8 3 7 7 3 5 8 5 5 7 7 1 7 3 2 6 6 7 1 5 8 7 3 7 5 2 4 3 5 2 7 6 7 7 6 1 7 7 5 7 8 3 8 5 7 7 4 2 2 7 1 5 5 4 2 7 5 5 7 7 7 1 5 3 2 2 2 7 2 6 5 1 6 8 7 5 5 5 7 8 2 7 5 2 4 5 7 3 3 2 7 3 7 2 4 5 2 2 7 7 2 7 7 2 5 1 4 2 1 3 1 7 4 5 5 2 5 7 2 7 7 7 5 7 6 7 5 8 3 1 2 7 1 2 5 7 2 7 7 7 1 4 1 7 7 4 7 7 1 7 7 5 1 2 2 5 2 
FounderTypes : Number_of_Founders_at_Locus : 7 : 159
FounderTypes : Allelic_types_assigned_to_founders_at_locus : 7 : 3 1 4 4 1 1 4 4 1 1 1 4 1 1 4 4 3 4 4 4 1 1 1 1 1 1 4 4 4 4 3 4 5 1 4 1 1 5 1 4 4 1 4 4 1 4 3 1 1 4 1 5 1 4 5 4 4 5 4 4 1 4 4 4 1 4 1 4 4 4 4 3 1 4 1 4 4 4 1 4 1 1 1 4 4 4 4 4 4 4 4 4 1 4 1 1 4 4 4 3 4 3 4 1 3 1 1 4 1 4 4 1 4 1 1 3 3 3 4 1 4 4 4 1 3 4 1 1 1 4 4 1 1 5 4 4 3 4 1 4 1 1 3 4 4 1 4 1 4 4 4 4 1 4 1 4 4 4 4 
FounderTypes : Number_of_Founders_at_Locus : 8 : 158
FounderTypes : Allelic_types_assigned_to_founders_at_locus : 8 : 14 7 12 6 11 6 12 12 7 3 14 12 13 1 4 8 3 7 11 1 6 6 5 9 5 4 14 8 15 10 7 13 11 3 7 8 11 13 2 14 12 9 10 5 7 6 4 2 2 6 14 5 14 14 8 12 11 3 7 2 6 13 10 13 8 14 5 9 12 1 2 8 11 12 9 12 6 9 14 1 8 1 9 15 3 3 6 7 14 6 4 8 7 12 3 6 1 9 2 14 3 7 10 2 12 14 3 10 15 3 12 3 10 13 7 10 12 4 6 9 12 12 4 3 6 10 11 4 14 10 11 2 7 8 6 5 11 7 7 1 3 5 13 5 3 1 2 3 14 5 4 14 11 4 3 1 2 2 
FounderTypes : Number_of_Founders_at_Locus : 9 : 159
FounderTypes : Allelic_types_assigned_to_founders_at_locus : 9 : 1 2 2 3 3 3 3 2 3 3 3 1 1 1 1 2 3 3 3 2 3 2 3 1 1 1 1 2 3 2 2 2 2 2 3 1 2 3 3 1 1 1 3 2 1 3 2 3 2 2 2 2 2 3 1 1 2 1 3 2 1 3 1 2 2 3 1 1 1 2 1 3 3 2 2 3 2 2 3 1 3 1 3 1 1 1 3 3 1 1 1 1 2 1 3 3 3 2 2 1 3 1 2 3 3 2 3 3 3 2 2 2 2 3 3 3 1 2 1 1 3 2 2 3 1 3 2 2 3 1 1 3 2 2 3 3 2 1 3 3 1 2 2 2 2 2 3 2 1 2 3 2 2 2 1 3 2 1 3 
GenotypesByAllelicType : F3_0 : 4  :  :  : 4/4	1/1	9/3	3/2	1/1	5/7	1/3	7/14	2/1	
GenotypesByAllelicType : F3_1 : 4  :  :  : 2/4	2/3	1/7	3/3	1/2	8/5	4/4	6/12	3/2	
GenotypesByAllelicType : F3_2 : 4  :  :  : 4/3	2/1	9/7	3/5	2/1	7/3	1/1	6/11	3/3	
GenotypesByAllelicType : F3_3 : 4  :  :  : 3/5	2/2	1/5	5/6	1/1	3/7	4/4	12/12	2/3	
GenotypesByAllelicType : F3_4 : 4  :  :  : 4/4	1/1	5/10	3/6	2/2	8/5	1/1	3/7	3/3	
GenotypesByAllelicType : F3_5 : 4  :  :  : 5/3	3/1	10/5	3/5	2/1	5/5	4/1	12/14	1/3	
GenotypesByAllelicType : F3_6 : 4  :  :  : 5/4	1/3	2/8	3/6	2/1	7/7	1/1	1/13	1/1	
GenotypesByAllelicType : F3_7 : 4  :  :  : 1/3	1/1	1/5	3/6	2/1	7/1	4/4	8/4	2/1	
GenotypesByAllelicType : F3_8 : 4  :  :  : 3/2	3/2	1/7	3/6	1/2	2/3	4/3	7/3	3/3	
GenotypesByAllelicType : F3_9 : 4  :  :  : 5/2	1/1	7/9	3/4	2/1	6/6	4/4	1/11	2/3	
GenotypesByAllelicType : F3_10 : 4  :  :  : 2/5	1/3	7/9	6/6	2/1	1/7	1/1	6/6	2/3	
GenotypesByAllelicType : F3_11 : 4  :  :  : 2/3	3/3	7/6	3/6	1/2	8/5	1/1	9/5	1/3	
GenotypesByAllelicType : F3_12 : 4  :  :  : 4/3	2/3	9/5	6/4	1/2	3/7	1/1	4/5	1/1	
GenotypesByAllelicType : F3_13 : 4  :  :  : 2/2	1/1	5/9	6/6	1/1	5/7	4/4	8/14	2/1	
GenotypesByAllelicType : F3_14 : 4  :  :  : 1/3	3/1	3/7	6/3	2/1	4/2	4/4	10/15	2/3	
GenotypesByAllelicType : F3_15 : 4  :  :  : 3/3	2/1	7/6	3/5	1/2	5/3	4/3	13/7	2/2	
GenotypesByAllelicType : F3_16 : 4  :  :  : 3/2	2/2	4/7	5/3	1/1	7/2	1/5	3/11	2/2	
GenotypesByAllelicType : F3_17 : 4  :  :  : 2/4	3/3	7/10	5/1	2/2	7/6	1/4	8/7	1/3	
GenotypesByAllelicType : F3_18 : 4  :  :  : 4/4	1/1	3/2	1/1	1/1	6/7	5/1	13/11	3/2	
GenotypesByAllelicType : F3_19 : 4  :  :  : 4/3	1/1	9/9	3/6	2/1	7/1	4/1	14/2	1/3	
GenotypesByAllelicType : F3_20 : 4  :  :  : 1/4	2/2	7/7	3/3	1/1	5/7	1/4	9/12	1/1	
GenotypesByAllelicType : F3_21 : 4  :  :  : 4/4	3/1	7/2	5/1	1/2	8/7	4/4	5/10	2/3	
GenotypesByAllelicType : F3_22 : 4  :  :  : 2/5	3/1	9/9	4/2	1/1	8/3	4/1	6/7	3/1	
GenotypesByAllelicType : M3_0 : 4  :  :  : 2/5	3/2	2/10	3/1	2/2	7/5	1/3	2/4	3/2	
GenotypesByAllelicType : M3_1 : 4  :  :  : 2/3	2/1	9/9	1/6	2/1	4/7	4/1	6/2	2/2	
GenotypesByAllelicType : M3_2 : 4  :  :  : 1/1	3/2	8/2	3/6	1/2	2/2	5/1	5/14	2/2	
GenotypesByAllelicType : M3_3 : 4  :  :  : 4/4	1/1	9/2	1/1	2/2	1/7	4/1	14/14	3/2	
GenotypesByAllelicType : M3_4 : 4  :  :  : 5/4	1/2	6/9	5/4	2/2	5/5	4/5	12/8	1/1	
GenotypesByAllelicType : M3_5 : 4  :  :  : 4/2	2/1	4/4	4/5	2/2	2/4	5/4	3/11	1/2	
GenotypesByAllelicType : M3_6 : 4  :  :  : 3/2	2/2	9/9	5/3	2/2	5/7	4/4	2/7	2/3	
GenotypesByAllelicType : M3_7 : 4  :  :  : 1/2	1/1	8/4	4/5	1/2	7/5	4/1	13/6	3/1	
GenotypesByAllelicType : M3_8 : 4  :  :  : 2/1	3/1	5/8	6/4	2/1	7/7	4/4	13/10	2/1	
GenotypesByAllelicType : M3_9 : 4  :  :  : 4/4	3/1	5/2	5/3	1/2	5/1	4/1	14/8	3/2	
GenotypesByAllelicType : M3_10 : 4  :  :  : 4/3	3/1	9/9	4/6	2/2	2/3	4/1	9/5	1/1	
GenotypesByAllelicType : M3_11 : 4  :  :  : 4/5	2/2	8/7	6/6	1/1	2/2	4/4	1/12	2/1	
GenotypesByAllelicType : M3_12 : 4  :  :  : 4/4	1/2	5/4	5/4	1/2	2/7	3/4	8/2	3/1	
GenotypesByAllelicType : M3_13 : 4  :  :  : 2/1	1/2	1/9	3/3	2/1	5/6	4/1	12/11	2/3	
GenotypesByAllelicType : M3_14 : 4  :  :  : 5/4	1/2	5/7	3/3	2/1	6/1	4/1	12/9	3/2	
GenotypesByAllelicType : M3_15 : 4  :  :  : 4/4	2/2	9/2	5/6	1/1	7/8	4/4	9/6	2/2	
GenotypesByAllelicType : M3_16 : 4  :  :  : 2/1	2/3	10/7	3/6	1/2	5/5	4/1	1/14	1/3	
GenotypesByAllelicType : M3_17 : 4  :  :  : 1/5	1/2	6/8	5/5	2/2	7/5	1/1	1/8	1/3	
GenotypesByAllelicType : M3_18 : 4  :  :  : 4/4	1/1	1/8	1/3	1/2	2/8	4/1	15/9	1/3	
GenotypesByAllelicType : M3_19 : 4  :  :  : 4/2	2/1	2/4	1/6	2/2	5/7	4/4	3/3	1/1	
GenotypesByAllelicType : M3_20 : 4  :  :  : 2/4	2/2	9/10	6/1	2/2	4/2	4/4	7/6	3/3	
GenotypesByAllelicType : M3_21 : 4  :  :  : 4/4	1/3	1/9	3/6	1/2	7/5	4/4	6/14	1/1	
GenotypesByAllelicType : M3_22 : 4  :  :  : 3/3	1/3	7/3	6/4	1/1	3/3	4/4	8/4	1/1	
GenotypesByAllelicType : M3_23 : 4  :  :  : 4/4	2/2	1/9	4/6	2/2	7/2	4/1	12/7	1/2	
GenotypesByAllelicType : M3_24 : 4  :  :  : 4/5	2/3	8/7	6/2	2/1	7/3	1/1	6/3	3/3	
GenotypesByAllelicType : M3_25 : 4  :  :  : 2/4	1/1	9/6	6/3	2/1	4/2	4/4	9/1	2/3	
GenotypesByAllelicType : M3_26 : 4  :  :  : 4/4	2/1	5/2	3/3	1/1	2/5	3/4	14/2	1/2	
GenotypesByAllelicType : F6_0 : 7  :  :  : 4/4	1/1	7/3	5/5	2/2	7/2	3/4	7/3	1/3	
GenotypesByAllelicType : F6_1 : 7  :  :  : 4/2	1/3	7/10	5/3	2/1	7/7	3/4	7/10	1/2	
GenotypesByAllelicType : F6_2 : 7  :  :  : 4/4	3/1	1/9	5/2	2/1	7/2	3/1	12/2	3/3	
GenotypesByAllelicType : F6_3 : 7  :  :  : 4/4	1/1	1/7	5/6	2/2	7/7	1/3	7/14	3/2	
GenotypesByAllelicType : F6_4 : 7  :  :  : 4/4	1/3	7/10	1/5	2/1	7/7	3/1	7/10	3/2	
GenotypesByAllelicType : F6_5 : 7  :  :  : 3/4	1/1	9/9	5/4	1/1	2/2	4/1	10/3	3/3	
GenotypesByAllelicType : F6_6 : 7  :  :  : 5/4	3/1	9/9	1/1	1/2	5/2	4/4	15/3	2/3	
GenotypesByAllelicType : F6_7 : 7  :  :  : 5/4	1/2	9/1	1/4	1/1	2/1	4/1	10/2	3/3	
GenotypesByAllelicType : F6_8 : 7  :  :  : 4/4	1/2	7/4	5/6	1/2	2/4	1/4	12/3	2/2	
GenotypesByAllelicType : F6_9 : 7  :  :  : 4/4	1/1	7/1	5/2	1/1	1/2	4/1	3/3	2/3	
GenotypesByAllelicType : F6_10 : 7  :  :  : 4/4	3/1	7/10	6/1	1/2	1/3	1/1	13/10	3/2	
GenotypesByAllelicType : F6_11 : 7  :  :  : 4/4	1/1	7/3	6/6	1/2	4/7	1/3	13/10	3/2	
GenotypesByAllelicType : F6_12 : 7  :  :  : 4/2	1/2	7/9	3/3	1/1	4/5	3/3	13/7	3/3	
GenotypesByAllelicType : F6_13 : 7  :  :  : 4/4	3/1	1/3	3/6	1/2	1/5	3/4	13/3	3/1	
GenotypesByAllelicType : F6_14 : 7  :  :  : 4/4	2/1	9/3	4/6	2/2	2/3	4/3	12/10	2/2	
GenotypesByAllelicType : F6_15 : 7  :  :  : 4/3	1/1	10/7	4/2	2/2	7/5	4/1	4/14	2/2	
GenotypesByAllelicType : F6_16 : 7  :  :  : 5/4	1/1	9/3	6/6	2/2	7/4	4/4	12/3	2/2	
GenotypesByAllelicType : F6_17 : 7  :  :  : 4/4	1/2	2/9	3/3	1/2	2/5	4/3	6/7	1/3	
GenotypesByAllelicType : F6_18 : 7  :  :  : 2/4	1/3	9/9	1/3	1/2	7/7	1/4	12/9	3/1	
GenotypesByAllelicType : F6_19 : 7  :  :  : 3/5	3/2	9/4	1/6	1/2	7/4	1/3	12/3	2/1	
GenotypesByAllelicType : F6_20 : 7  :  :  : 2/4	1/1	8/3	3/5	1/2	7/5	1/4	12/3	3/3	
GenotypesByAllelicType : F6_21 : 7  :  :  : 4/3	1/1	9/4	1/6	1/2	7/5	4/3	4/14	3/2	
GenotypesByAllelicType : F6_22 : 7  :  :  : 4/4	1/3	1/5	5/6	1/2	7/7	4/4	4/9	1/1	
GenotypesByAllelicType : F6_23 : 7  :  :  : 4/4	1/1	9/9	5/1	1/1	7/2	4/1	3/3	3/3	
GenotypesByAllelicType : M6_0 : 7  :  :  : 4/5	3/1	1/3	1/6	2/2	7/4	1/3	7/3	3/1	
GenotypesByAllelicType : M6_1 : 7  :  :  : 4/4	3/1	1/3	1/6	2/2	7/3	1/1	7/10	3/2	
GenotypesByAllelicType : M6_2 : 7  :  :  : 5/4	3/2	9/5	1/6	1/2	2/6	4/4	10/6	3/3	
GenotypesByAllelicType : M6_3 : 7  :  :  : 4/2	1/1	7/7	6/3	2/2	2/7	1/1	12/10	2/2	
GenotypesByAllelicType : M6_4 : 7  :  :  : 4/3	1/1	7/4	6/6	1/2	2/5	4/1	3/14	2/2	
GenotypesByAllelicType : M6_5 : 7  :  :  : 4/2	1/3	7/2	6/3	1/2	2/5	1/1	12/11	2/3	
GenotypesByAllelicType : M6_6 : 7  :  :  : 4/4	1/1	7/10	5/1	2/1	1/3	1/3	12/10	2/2	
GenotypesByAllelicType : M6_7 : 7  :  :  : 4/4	1/1	7/7	5/5	1/1	2/5	1/4	3/4	2/1	
GenotypesByAllelicType : M6_8 : 7  :  :  : 4/4	1/2	7/5	6/3	2/1	2/7	4/4	12/6	2/1	
GenotypesByAllelicType : M6_9 : 7  :  :  : 4/4	1/1	7/10	3/6	1/2	4/3	3/1	14/10	3/1	
GenotypesByAllelicType : M6_10 : 7  :  :  : 4/4	1/1	7/3	6/1	1/1	1/3	1/1	13/10	3/1	
GenotypesByAllelicType : M6_11 : 7  :  :  : 4/3	1/2	10/4	6/2	1/2	7/7	4/1	4/14	3/2	
GenotypesByAllelicType : M6_12 : 7  :  :  : 4/4	1/1	10/3	6/5	1/2	7/2	4/1	12/3	3/3	
GenotypesByAllelicType : M6_13 : 7  :  :  : 2/4	2/1	1/9	3/1	1/2	8/2	4/1	6/10	1/3	
GenotypesByAllelicType : M6_14 : 7  :  :  : 2/2	1/1	2/9	3/5	2/2	2/3	1/1	2/11	2/2	
GenotypesByAllelicType : M6_15 : 7  :  :  : 2/4	3/1	8/4	1/6	1/2	7/5	1/3	12/3	2/2	
GenotypesByAllelicType : M6_16 : 7  :  :  : 2/2	3/3	9/10	3/3	1/1	7/7	5/1	12/7	2/2	
GenotypesByAllelicType : M6_17 : 7  :  :  : 2/4	3/1	9/3	3/5	1/2	7/5	1/4	12/10	3/3	
GenotypesByAllelicType : M6_18 : 7  :  :  : 3/2	3/3	8/10	1/3	1/1	7/1	5/1	12/10	2/2	
GenotypesByAllelicType : M6_19 : 7  :  :  : 4/4	1/1	9/3	1/5	1/1	2/2	4/4	8/10	2/3	
GenotypesByAllelicType : M6_20 : 7  :  :  : 4/4	1/1	9/9	1/1	2/1	2/2	4/4	8/10	3/3	
GenotypesByAllelicType : M6_21 : 7  :  :  : 4/5	1/2	9/3	5/6	1/2	7/5	4/4	4/3	3/1	
GenotypesByAllelicType : M6_22 : 7  :  :  : 4/2	1/2	1/9	5/3	1/1	7/1	4/1	4/11	1/3	
GenotypesByAllelicType : M6_23 : 7  :  :  : 4/3	1/2	9/7	5/6	1/2	7/7	4/3	3/14	1/2	
GenotypesByAllelicType : M6_24 : 7  :  :  : 4/4	1/1	1/4	5/6	1/2	7/5	3/3	4/6	3/2	
GenotypesByAllelicType : M6_25 : 7  :  :  : 4/2	1/3	1/9	1/3	1/2	7/5	3/1	4/7	3/3	
GenotypesByAllelicType : F9_0 : 10  :  :  : 4/3	1/1	9/8	6/6	1/2	5/2	1/4	11/5	2/3	
GenotypesByAllelicType : F9_1 : 10  :  :  : 4/1	1/1	9/6	6/6	1/1	7/7	1/4	11/7	3/1	
GenotypesByAllelicType : F9_2 : 10  :  :  : 3/2	1/3	8/9	6/3	2/2	2/2	1/1	1/7	1/3	
GenotypesByAllelicType : F9_3 : 10  :  :  : 4/2	2/3	8/7	6/6	2/1	7/7	1/3	5/3	1/2	
GenotypesByAllelicType : F9_4 : 10  :  :  : 5/4	1/3	2/2	3/3	1/2	1/7	4/4	13/3	2/2	
GenotypesByAllelicType : F9_5 : 10  :  :  : 4/4	1/3	9/9	1/3	1/1	1/4	4/1	13/5	2/2	
GenotypesByAllelicType : F9_6 : 10  :  :  : 4/2	1/3	9/7	1/1	1/1	1/1	4/3	13/3	2/2	
GenotypesByAllelicType : F9_7 : 10  :  :  : 5/4	1/1	9/8	3/6	1/2	7/7	4/4	2/1	3/2	
GenotypesByAllelicType : F9_8 : 10  :  :  : 5/4	1/3	2/2	3/3	1/2	1/4	4/4	13/3	2/2	
GenotypesByAllelicType : F9_9 : 10  :  :  : 2/5	2/3	6/7	3/1	1/1	1/7	4/1	14/3	2/1	
GenotypesByAllelicType : F9_10 : 10  :  :  : 2/3	1/1	6/8	3/6	1/2	7/7	4/4	14/1	3/3	
GenotypesByAllelicType : F9_11 : 10  :  :  : 2/4	2/2	6/9	3/3	1/1	1/7	3/4	4/5	3/2	
GenotypesByAllelicType : F9_12 : 10  :  :  : 4/2	3/3	6/7	6/2	2/1	7/1	1/1	7/14	2/2	
GenotypesByAllelicType : F9_13 : 10  :  :  : 4/4	3/3	6/9	6/3	2/2	7/4	1/4	7/3	2/2	
GenotypesByAllelicType : F9_14 : 10  :  :  : 4/2	1/3	10/9	6/2	2/2	4/4	1/1	11/7	2/2	
GenotypesByAllelicType : F9_15 : 10  :  :  : 4/4	1/2	10/9	6/3	1/1	4/7	1/4	7/5	2/1	
GenotypesByAllelicType : F9_16 : 10  :  :  : 4/2	3/3	10/9	6/1	1/1	4/1	1/3	11/3	2/3	
GenotypesByAllelicType : F9_17 : 10  :  :  : 4/4	1/3	10/10	6/2	2/1	7/4	1/1	11/7	2/2	
GenotypesByAllelicType : F9_18 : 10  :  :  : 4/4	1/1	10/9	6/6	2/1	4/5	1/4	7/7	2/2	
GenotypesByAllelicType : F9_19 : 10  :  :  : 4/4	3/1	6/10	6/6	2/2	4/2	1/4	11/1	2/2	
GenotypesByAllelicType : F9_20 : 10  :  :  : 4/5	3/1	6/2	6/6	2/1	4/1	1/1	11/2	2/3	
GenotypesByAllelicType : F9_21 : 10  :  :  : 4/2	3/3	10/7	6/1	2/1	4/7	1/3	7/3	2/3	
GenotypesByAllelicType : F9_22 : 10  :  :  : 3/4	1/3	7/9	1/6	1/1	2/1	4/1	4/3	2/3	
GenotypesByAllelicType : F9_23 : 10  :  :  : 2/3	1/3	9/1	5/3	1/1	2/2	4/1	3/7	2/2	
GenotypesByAllelicType : F9_24 : 10  :  :  : 4/4	1/1	9/6	5/5	1/1	7/5	4/4	3/7	1/2	
GenotypesByAllelicType : F9_25 : 10  :  :  : 2/3	1/1	9/10	3/6	1/2	2/2	4/4	3/5	1/3	
GenotypesByAllelicType : M9_0 : 10  :  :  : 4/4	1/3	9/7	6/1	1/1	5/1	4/3	11/3	2/2	
GenotypesByAllelicType : M9_1 : 10  :  :  : 4/4	1/3	9/7	6/3	1/2	5/7	1/1	11/3	2/2	
GenotypesByAllelicType : M9_2 : 10  :  :  : 1/4	1/3	9/2	6/3	1/1	5/4	1/4	11/1	2/2	
GenotypesByAllelicType : M9_3 : 10  :  :  : 3/1	2/1	8/6	6/6	1/1	2/5	4/4	5/11	1/1	
GenotypesByAllelicType : M9_4 : 10  :  :  : 4/4	1/3	5/10	6/2	1/2	2/4	4/1	5/7	1/3	
GenotypesByAllelicType : M9_5 : 10  :  :  : 5/4	1/3	9/7	3/1	1/1	7/7	1/3	13/3	2/2	
GenotypesByAllelicType : M9_6 : 10  :  :  : 4/4	1/3	9/7	1/1	1/1	7/1	4/3	2/3	2/2	
GenotypesByAllelicType : M9_7 : 10  :  :  : 2/4	1/2	2/9	3/5	1/1	7/7	3/1	4/5	3/1	
GenotypesByAllelicType : M9_8 : 10  :  :  : 4/3	1/1	2/10	3/1	1/2	1/7	4/4	4/5	3/3	
GenotypesByAllelicType : M9_9 : 10  :  :  : 2/5	1/3	2/7	6/1	1/2	7/7	3/4	14/2	2/2	
GenotypesByAllelicType : M9_10 : 10  :  :  : 4/1	2/1	2/6	6/6	1/1	7/5	3/4	4/11	2/2	
GenotypesByAllelicType : M9_11 : 10  :  :  : 4/4	3/3	10/7	5/1	1/1	4/1	1/4	11/14	2/2	
GenotypesByAllelicType : M9_12 : 10  :  :  : 4/4	3/3	10/2	6/3	2/2	4/4	1/4	7/3	2/2	
GenotypesByAllelicType : M9_13 : 10  :  :  : 4/4	1/3	10/9	6/3	1/2	7/5	1/4	11/3	2/2	
GenotypesByAllelicType : M9_14 : 10  :  :  : 4/4	1/1	6/7	5/2	1/1	7/1	1/4	7/14	2/2	
GenotypesByAllelicType : M9_15 : 10  :  :  : 1/4	1/1	8/6	3/5	1/1	2/7	4/4	4/5	3/2	
GenotypesByAllelicType : M9_16 : 10  :  :  : 1/4	1/2	7/9	3/5	1/1	2/7	4/1	4/7	3/2	
GenotypesByAllelicType : M9_17 : 10  :  :  : 1/4	1/3	8/2	3/3	1/1	2/4	4/4	1/3	2/2	
GenotypesByAllelicType : M9_18 : 10  :  :  : 3/4	1/1	7/6	1/5	1/1	2/5	4/4	1/7	2/1	
GenotypesByAllelicType : M9_19 : 10  :  :  : 3/3	1/1	8/2	1/3	1/2	2/1	4/1	4/2	2/2	
GenotypesByAllelicType : M9_20 : 10  :  :  : 4/3	2/1	9/2	5/3	1/1	7/1	4/4	2/1	1/3	
GenotypesByAllelicType : M9_21 : 10  :  :  : 4/3	1/1	9/8	5/6	1/1	2/1	4/1	3/1	2/2	
GenotypesByAllelicType : M9_22 : 10  :  :  : 4/4	2/1	9/6	5/3	1/1	2/7	4/4	3/5	1/2	
GenotypesByAllelicType : M9_23 : 10  :  :  : 2/3	1/1	5/8	3/6	1/2	7/2	4/4	2/1	2/3	
VERBIAGE :  Finished on random seeds: 2116603360 338286362 : printed to spip_seeds
